[{"count": 0, "tags": [], "bug_id": 10554, "text": "I'm running Solaris 8 on a Sun Ultra 80.\n\nWith both gcc 2.95.2 and Sun's native cc (Sun WorkShop 6 update 1 C 5.2\n2000/09/11) Apache httpd 2.0.39 (and as of 2002-07-03 the CVS version too) fails\nwhen it tries to compile os/unix/unixd.c.\n\ngcc doesn't like line 100 of ap_listen.h, it says that AP_DECLARE_DATA is\nundefined. (this file is included in unixd.h, which is included in unixd.c)\n\ncc says the same thing, that the variable is undefined in ap_listen.h\n\nIf anyone would like to see make logs, etc. please let me know", "id": 19115, "time": "2002-07-08T14:37:37Z", "creator": "nthomas@cise.ufl.edu", "creation_time": "2002-07-08T14:37:37Z", "is_private": false, "attachment_id": null}, {"count": 1, "tags": [], "bug_id": 10554, "text": "\n  I'm not seeing this.  AP_DECLARE_DATA should be pulled in at ap_config.h:24\n  which is included as the first include from os/unix/unixd.c.  Would you verify?\n\n  You may just need to move the #include \"ap_config.h\" up as the first include\n  in unixd.c if that's a recent change.", "id": 19131, "time": "2002-07-08T19:06:05Z", "creator": "wrowe@apache.org", "creation_time": "2002-07-08T19:06:05Z", "is_private": false, "attachment_id": null}, {"count": 2, "tags": [], "creator": "nthomas@cise.ufl.edu", "text": "My bad, I should have wrote this up better.\n\nAP_DECLARE_DATA is defined in ap_config.h (which is included in unixd.c),\n\nbut it is undefined in include/ap_listen.h, which has a line:\n\n   AP_DECLARE_DATA extern ap_listen_rec *ap_listeners;\n\nI don't see where ap_listen.h is being sourced by unixd.c, but that is where\nboth gcc and Solaris cc hit problems.\n\nHere is the relevant portions of the Makefile for both:\n\ngcc:\n\n   make[3]: Entering directory\n`/amd/cave/export/sys05/src3/nthomas/gcc/httpd-2.0.39/os/unix'\n   /bin/bash\n/amd/cave/export/sys05/src3/nthomas/gcc/httpd-2.0.39/srclib/apr/libtool --silent\n--mode=compile gcc  -g -O2 -pthreads    -DSOLARIS2=8 -D_POSIX_PTHREAD_SEMANTICS\n-D_REENTRANT -DAP_HAVE_DESIGNATED_INITIALIZER  \n-I/amd/cave/export/sys05/src3/nthomas/gcc/httpd-2.0.39/srclib/apr/include\n-I/cise/homes/nthomas/links/src/gcc/httpd-2.0.39/srclib/apr/include\n-I/amd/cave/export/sys05/src3/nthomas/gcc/httpd-2.0.39/srclib/apr-util/include\n-I/cise/homes/nthomas/links/src/gcc/httpd-2.0.39/srclib/apr-util/include\n-I/usr/local/include -I.\n-I/cise/homes/nthomas/links/src/gcc/httpd-2.0.39/os/unix\n-I/cise/homes/nthomas/links/src/gcc/httpd-2.0.39/server/mpm/prefork\n-I/cise/homes/nthomas/links/src/gcc/httpd-2.0.39/modules/http\n-I/cise/homes/nthomas/links/src/gcc/httpd-2.0.39/modules/filters\n-I/cise/homes/nthomas/links/src/gcc/httpd-2.0.39/modules/proxy\n-I/cise/homes/nthomas/links/src/gcc/httpd-2.0.39/include\n-I/cise/homes/nthomas/links/src/gcc/httpd-2.0.39/modules/dav/main\n-prefer-non-pic -static -c unixd.c && touch unixd.lo\n   In file included from unixd.h:64,\n                    from unixd.c:65:\n   /cise/homes/nthomas/links/src/gcc/httpd-2.0.39/include/ap_listen.h:100:\nsyntax error before `extern'\n   In file included from unixd.c:65:\n   unixd.h:91: parse error before `get_suexec_identity'\n   unixd.h:110: parse error before `}'\n   unixd.h:110: warning: data definition has no type or storage class\n   unixd.h:111: syntax error before `extern'\n   unixd.h:111: warning: data definition has no type or storage class\n   unixd.h:113: parse error before `unixd_setup_child'\n   unixd.h:113: warning: data definition has no type or storage class\n   unixd.h:114: parse error before `unixd_pre_config'\n   unixd.h:114: warning: data definition has no type or storage class\n   unixd.h:115: parse error before `unixd_set_user'\n   unixd.h:116: warning: data definition has no type or storage class\n   unixd.h:117: parse error before `unixd_set_group'\n   unixd.h:118: warning: data definition has no type or storage class\n   unixd.h:120: parse error before `unixd_set_rlimit'\n   unixd.h:121: warning: data definition has no type or storage class\n   unixd.h:123: parse error before `unixd_set_proc_mutex_perms'\n   unixd.h:123: warning: data definition has no type or storage class\n   unixd.h:124: parse error before `unixd_set_global_mutex_perms'\n   unixd.h:124: warning: data definition has no type or storage class\n   unixd.h:125: parse error before `unixd_accept'\n   unixd.h:125: warning: data definition has no type or storage class\n   In file included from unixd.c:66:\n   /cise/homes/nthomas/links/src/gcc/httpd-2.0.39/include/mpm_common.h:193:\nparse error before `ap_mpm_pod_open'\n   /cise/homes/nthomas/links/src/gcc/httpd-2.0.39/include/mpm_common.h:193:\nwarning: data definition has no type or storage class\n   /cise/homes/nthomas/links/src/gcc/httpd-2.0.39/include/mpm_common.h:198:\nparse error before `ap_mpm_pod_check'\n   /cise/homes/nthomas/links/src/gcc/httpd-2.0.39/include/mpm_common.h:198:\nwarning: data definition has no type or storage class\n   /cise/homes/nthomas/links/src/gcc/httpd-2.0.39/include/mpm_common.h:203:\nparse error before `ap_mpm_pod_close'\n   /cise/homes/nthomas/links/src/gcc/httpd-2.0.39/include/mpm_common.h:203:\nwarning: data definition has no type or storage class\n   /cise/homes/nthomas/links/src/gcc/httpd-2.0.39/include/mpm_common.h:210:\nparse error before `ap_mpm_pod_signal'\n   /cise/homes/nthomas/links/src/gcc/httpd-2.0.39/include/mpm_common.h:210:\nwarning: data definition has no type or storage class\n   /cise/homes/nthomas/links/src/gcc/httpd-2.0.39/include/mpm_common.h:218:\nparse error before `ap_mpm_pod_killpg'\n   /cise/homes/nthomas/links/src/gcc/httpd-2.0.39/include/mpm_common.h:218:\nwarning: data definition has no type or storage class\n   /cise/homes/nthomas/links/src/gcc/httpd-2.0.39/include/mpm_common.h:285:\nparse error before `*'\n   In file included from unixd.c:68:\n   /cise/homes/nthomas/links/src/gcc/httpd-2.0.39/include/ap_mpm.h:120: parse\nerror before `ap_mpm_run'\n   /cise/homes/nthomas/links/src/gcc/httpd-2.0.39/include/ap_mpm.h:120: warning:\ndata definition has no type or storage class\n   /cise/homes/nthomas/links/src/gcc/httpd-2.0.39/include/ap_mpm.h:128: parse\nerror before `ap_graceful_stop_signalled'\n   /cise/homes/nthomas/links/src/gcc/httpd-2.0.39/include/ap_mpm.h:128: warning:\ndata definition has no type or storage class\n   /cise/homes/nthomas/links/src/gcc/httpd-2.0.39/include/ap_mpm.h:143: parse\nerror before `ap_os_create_privileged_process'\n   /cise/homes/nthomas/links/src/gcc/httpd-2.0.39/include/ap_mpm.h:150: warning:\ndata definition has no type or storage class\n   /cise/homes/nthomas/links/src/gcc/httpd-2.0.39/include/ap_mpm.h:184: parse\nerror before `ap_mpm_query'\n   /cise/homes/nthomas/links/src/gcc/httpd-2.0.39/include/ap_mpm.h:184: warning:\ndata definition has no type or storage class\n   unixd.c:93: parse error before `unixd_config'\n   unixd.c:93: warning: data definition has no type or storage class\n   unixd.c: In function `set_group_privs':\n   unixd.c:109: request for member `user_name' in something not a structure or union\n   unixd.c:111: request for member `user_name' in something not a structure or union\n   unixd.c:117: warning: passing arg 4 of `ap_log_error' makes pointer from\ninteger without a cast\n   unixd.c:124: request for member `user_name' in something not a structure or union\n   unixd.c:133: request for member `group_id' in something not a structure or union\n   unixd.c:136: request for member `group_id' in something not a structure or union\n   unixd.c:136: warning: passing arg 4 of `ap_log_error' makes pointer from\ninteger without a cast\n   unixd.c:142: request for member `group_id' in something not a structure or union\n   unixd.c:145: request for member `group_id' in something not a structure or union\n   unixd.c:145: warning: passing arg 4 of `ap_log_error' makes pointer from\ninteger without a cast\n   unixd.c: At top level:\n   unixd.c:154: parse error before `unixd_setup_child'\n   unixd.c: In function `unixd_setup_child':\n   unixd.c:178: request for member `user_id' in something not a structure or union\n   unixd.c:181: request for member `user_id' in something not a structure or union\n   unixd.c:181: warning: passing arg 4 of `ap_log_error' makes pointer from\ninteger without a cast\n   unixd.c: At top level:\n   unixd.c:189: parse error before `unixd_set_user'\n   unixd.c: In function `unixd_set_user':\n   unixd.c:194: warning: return makes integer from pointer without a cast\n   unixd.c:197: request for member `user_name' in something not a structure or union\n   unixd.c:198: request for member `user_id' in something not a structure or union\n   unixd.c:200: request for member `user_id' in something not a structure or union\n   unixd.c:209: warning: return makes integer from pointer without a cast\n   unixd.c: At top level:\n   unixd.c:216: parse error before `unixd_set_group'\n   unixd.c: In function `unixd_set_group':\n   unixd.c:221: warning: return makes integer from pointer without a cast\n   unixd.c:224: request for member `group_id' in something not a structure or union\n   unixd.c: At top level:\n   unixd.c:229: parse error before `unixd_pre_config'\n   unixd.c: In function `unixd_pre_config':\n   unixd.c:233: request for member `user_name' in something not a structure or union\n   unixd.c:234: request for member `user_id' in something not a structure or union\n   unixd.c:235: request for member `group_id' in something not a structure or union\n   unixd.c:238: request for member `suexec_enabled' in something not a structure\nor union\n   unixd.c:246: request for member `suexec_enabled' in something not a structure\nor union\n   unixd.c: At top level:\n   unixd.c:251: parse error before `unixd_set_rlimit'\n   unixd.c: In function `unixd_set_rlimit':\n   unixd.c:261: warning: passing arg 1 of `apr_palloc' from incompatible pointer\ntype\n   unixd.c:266: warning: passing arg 4 of `ap_log_error' makes pointer from\ninteger without a cast\n   unixd.c:266: warning: passing arg 5 of `ap_log_error' from incompatible\npointer type\n   unixd.c:280: warning: passing arg 5 of `ap_log_error' from incompatible\npointer type\n   unixd.c:293: warning: passing arg 5 of `ap_log_error' from incompatible\npointer type\n   unixd.c: At top level:\n   unixd.c:315: parse error before `get_suexec_identity'\n   unixd.c:316: parse error before `0'\n   unixd.c:330: parse error before `if'\n   unixd.c:340: conflicting types for `execgroup'\n   unixd.c:328: previous declaration of `execgroup'\n   unixd.c:340: `p' undeclared here (not in a function)\n   unixd.c:340: `ugid' undeclared here (not in a function)\n   unixd.c:340: warning: initialization makes integer from pointer without a cast\n   unixd.c:340: initializer element is not constant\n   unixd.c:340: warning: data definition has no type or storage class\n   unixd.c:342: parse error before `if'\n   unixd.c:346: warning: data definition has no type or storage class\n   unixd.c:347: parse error before `if'\n   unixd.c:353: conflicting types for `newargs'\n   unixd.c:326: previous declaration of `newargs'\n   unixd.c:353: `p' undeclared here (not in a function)\n   unixd.c:353: warning: initialization makes integer from pointer without a cast\n   unixd.c:353: initializer element is not constant\n   unixd.c:353: warning: data definition has no type or storage class\n   unixd.c:354: conflicting types for `newprogname'\n   unixd.c:327: previous declaration of `newprogname'\n   unixd.c:354: warning: initialization makes integer from pointer without a cast\n   unixd.c:354: warning: data definition has no type or storage class\n   unixd.c:355: conflicting types for `newargs'\n   unixd.c:353: previous declaration of `newargs'\n   unixd.c:355: invalid initializer\n   unixd.c:355: warning: data definition has no type or storage class\n   unixd.c:356: conflicting types for `newargs'\n   unixd.c:355: previous declaration of `newargs'\n   unixd.c:356: invalid initializer\n   unixd.c:356: warning: data definition has no type or storage class\n   unixd.c:357: conflicting types for `newargs'\n   unixd.c:356: previous declaration of `newargs'\n   unixd.c:357: invalid initializer\n   unixd.c:357: warning: data definition has no type or storage class\n   unixd.c:358: conflicting types for `newargs'\n   unixd.c:357: previous declaration of `newargs'\n   unixd.c:358: `p' undeclared here (not in a function)\n   unixd.c:358: `progname' undeclared here (not in a function)\n   unixd.c:358: invalid initializer\n   unixd.c:358: warning: data definition has no type or storage class\n   unixd.c:365: parse error before `if'\n   unixd.c:369: redefinition of `i'\n   unixd.c:346: `i' previously defined here\n   unixd.c:369: warning: data definition has no type or storage class\n   unixd.c:370: parse error before `do'\n   unixd.c:377: parse error before `ap_os_create_privileged_process'\n   unixd.c: In function `ap_os_create_privileged_process':\n   unixd.c:384: warning: initialization makes pointer from integer without a cast\n   unixd.c: At top level:\n   unixd.c:394: parse error before `unixd_set_proc_mutex_perms'\n   unixd.c: In function `unixd_set_proc_mutex_perms':\n   unixd.c:410: storage size of `buf' isn't known\n   unixd.c:414: request for member `user_id' in something not a structure or union\n   unixd.c:415: request for member `group_id' in something not a structure or union\n   unixd.c:418: `IPC_SET' undeclared (first use in this function)\n   unixd.c:418: (Each undeclared identifier is reported only once\n   unixd.c:418: for each function it appears in.)\n   unixd.c: At top level:\n   unixd.c:426: parse error before `unixd_set_global_mutex_perms'\n   unixd.c:438: parse error before `unixd_accept'\n   unixd.c: In function `unixd_accept':\n   unixd.c:550: warning: passing arg 4 of `ap_log_error' makes pointer from\ninteger without a cast\n   unixd.c:550: warning: passing arg 5 of `ap_log_error' from incompatible\npointer type\n   unixd.c:567: warning: passing arg 4 of `ap_log_error' makes pointer from\ninteger without a cast\n   unixd.c:567: warning: passing arg 5 of `ap_log_error' from incompatible\npointer type\n   make[3]: *** [unixd.lo] Error 1\n   make[3]: Leaving directory\n`/amd/cave/export/sys05/src3/nthomas/gcc/httpd-2.0.39/os/unix'\n   make[2]: *** [all-recursive] Error 1\n   make[2]: Leaving directory\n`/amd/cave/export/sys05/src3/nthomas/gcc/httpd-2.0.39/os/unix'\n   make[1]: *** [all-recursive] Error 1\n   make[1]: Leaving directory\n`/amd/cave/export/sys05/src3/nthomas/gcc/httpd-2.0.39/os'\n   make: *** [all-recursive] Error 1\n\ncc:\n\n   make[3]: Entering directory\n`/amd/cave/export/sys05/src3/nthomas/cc/httpd-2.0.39/os/unix'\n   /bin/bash\n/amd/cave/export/sys05/src3/nthomas/cc/httpd-2.0.39/srclib/apr/libtool --silent\n--mode=compile cc  -g -mt    -DSOLARIS2=8 -D_POSIX_PTHREAD_SEMANTICS\n-D_REENTRANT   \n-I/amd/cave/export/sys05/src3/nthomas/cc/httpd-2.0.39/srclib/apr/include\n-I/cise/homes/nthomas/links/src/cc/httpd-2.0.39/srclib/apr/include\n-I/amd/cave/export/sys05/src3/nthomas/cc/httpd-2.0.39/srclib/apr-util/include\n-I/cise/homes/nthomas/links/src/cc/httpd-2.0.39/srclib/apr-util/include\n-I/usr/local/include -I. -I/cise/homes/nthomas/links/src/cc/httpd-2.0.39/os/unix\n-I/cise/homes/nthomas/links/src/cc/httpd-2.0.39/server/mpm/prefork\n-I/cise/homes/nthomas/links/src/cc/httpd-2.0.39/modules/http\n-I/cise/homes/nthomas/links/src/cc/httpd-2.0.39/modules/filters\n-I/cise/homes/nthomas/links/src/cc/httpd-2.0.39/modules/proxy\n-I/cise/homes/nthomas/links/src/cc/httpd-2.0.39/include\n-I/cise/homes/nthomas/links/src/cc/httpd-2.0.39/modules/dav/main -prefer-non-pic\n-static -c unixd.c && touch unixd.lo\n   \"/cise/homes/nthomas/links/src/cc/httpd-2.0.39/include/ap_listen.h\", line\n100: undefined or not a type: AP_DECLARE_DATA\n   \"/cise/homes/nthomas/links/src/cc/httpd-2.0.39/include/ap_listen.h\", line\n100: only \"register\" valid as formal parameter storage class\n   \"/cise/homes/nthomas/links/src/cc/httpd-2.0.39/include/ap_listen.h\", line\n100: parameter not in identifier list: ap_listeners\n   \"/cise/homes/nthomas/links/src/cc/httpd-2.0.39/include/ap_listen.h\", line\n105: parameter not in identifier list: ap_listen_pre_config\n   \"/cise/homes/nthomas/links/src/cc/httpd-2.0.39/include/ap_listen.h\", line\n115: parameter not in identifier list: ap_setup_listeners\n   \"/cise/homes/nthomas/links/src/cc/httpd-2.0.39/include/ap_listen.h\", line\n139: parameter not in identifier list: ap_set_listenbacklog\n   \"/cise/homes/nthomas/links/src/cc/httpd-2.0.39/include/ap_listen.h\", line\n140: parameter not in identifier list: ap_set_listener\n   \"/cise/homes/nthomas/links/src/cc/httpd-2.0.39/include/ap_listen.h\", line\n142: parameter not in identifier list: ap_set_send_buffer_size\n  \n\"/amd/cave/export/sys05/src3/nthomas/cc/httpd-2.0.39/srclib/apr/include/apr_tables.h\",\nline 87: warning: only \"register\" valid as formal parameter storage class\n  \n\"/amd/cave/export/sys05/src3/nthomas/cc/httpd-2.0.39/srclib/apr/include/apr_tables.h\",\nline 87: warning: dubious tag declaration: struct apr_table_t\n  \n\"/amd/cave/export/sys05/src3/nthomas/cc/httpd-2.0.39/srclib/apr/include/apr_tables.h\",\nline 90: warning: only \"register\" valid as formal parameter storage class\n  \n\"/amd/cave/export/sys05/src3/nthomas/cc/httpd-2.0.39/srclib/apr/include/apr_tables.h\",\nline 90: warning: dubious tag declaration: struct apr_array_header_t\n  \n\"/amd/cave/export/sys05/src3/nthomas/cc/httpd-2.0.39/srclib/apr/include/apr_tables.h\",\nline 103: warning: useless declaration\n  \n\"/amd/cave/export/sys05/src3/nthomas/cc/httpd-2.0.39/srclib/apr/include/apr_tables.h\",\nline 118: warning: useless declaration\n  \n\"/amd/cave/export/sys05/src3/nthomas/cc/httpd-2.0.39/srclib/apr/include/apr_tables.h\",\nline 123: warning: only \"register\" valid as formal parameter storage class\n  \n\"/amd/cave/export/sys05/src3/nthomas/cc/httpd-2.0.39/srclib/apr/include/apr_tables.h\",\nline 123: warning: dubious tag declaration: struct apr_table_entry_t\n  \n\"/amd/cave/export/sys05/src3/nthomas/cc/httpd-2.0.39/srclib/apr/include/apr_tables.h\",\nline 136: warning: useless declaration\n  \n\"/amd/cave/export/sys05/src3/nthomas/cc/httpd-2.0.39/srclib/apr/include/apr_tables.h\",\nline 161: parameter not in identifier list: apr_array_make\n  \n\"/amd/cave/export/sys05/src3/nthomas/cc/httpd-2.0.39/srclib/apr/include/apr_tables.h\",\nline 170: parameter not in identifier list: apr_array_push\n  \n\"/amd/cave/export/sys05/src3/nthomas/cc/httpd-2.0.39/srclib/apr/include/apr_tables.h\",\nline 179: parameter not in identifier list: apr_array_cat\n  \n\"/amd/cave/export/sys05/src3/nthomas/cc/httpd-2.0.39/srclib/apr/include/apr_tables.h\",\nline 191: parameter not in identifier list: apr_array_copy\n  \n\"/amd/cave/export/sys05/src3/nthomas/cc/httpd-2.0.39/srclib/apr/include/apr_tables.h\",\nline 201: parameter not in identifier list: apr_array_copy_hdr\n  \n\"/amd/cave/export/sys05/src3/nthomas/cc/httpd-2.0.39/srclib/apr/include/apr_tables.h\",\nline 212: parameter not in identifier list: apr_array_append\n  \n\"/amd/cave/export/sys05/src3/nthomas/cc/httpd-2.0.39/srclib/apr/include/apr_tables.h\",\nline 227: parameter not in identifier list: apr_array_pstrcat\n  \n\"/amd/cave/export/sys05/src3/nthomas/cc/httpd-2.0.39/srclib/apr/include/apr_tables.h\",\nline 236: parameter not in identifier list: apr_table_make\n  \n\"/amd/cave/export/sys05/src3/nthomas/cc/httpd-2.0.39/srclib/apr/include/apr_tables.h\",\nline 245: parameter not in identifier list: apr_table_copy\n  \n\"/amd/cave/export/sys05/src3/nthomas/cc/httpd-2.0.39/srclib/apr/include/apr_tables.h\",\nline 251: parameter not in identifier list: apr_table_clear\n  \n\"/amd/cave/export/sys05/src3/nthomas/cc/httpd-2.0.39/srclib/apr/include/apr_tables.h\",\nline 260: parameter not in identifier list: apr_table_get\n  \n\"/amd/cave/export/sys05/src3/nthomas/cc/httpd-2.0.39/srclib/apr/include/apr_tables.h\",\nline 272: parameter not in identifier list: apr_table_set\n  \n\"/amd/cave/export/sys05/src3/nthomas/cc/httpd-2.0.39/srclib/apr/include/apr_tables.h\",\nline 285: parameter not in identifier list: apr_table_setn\n  \n\"/amd/cave/export/sys05/src3/nthomas/cc/httpd-2.0.39/srclib/apr/include/apr_tables.h\",\nline 292: parameter not in identifier list: apr_table_unset\n  \n\"/amd/cave/export/sys05/src3/nthomas/cc/httpd-2.0.39/srclib/apr/include/apr_tables.h\",\nline 303: parameter not in identifier list: apr_table_merge\n  \n\"/amd/cave/export/sys05/src3/nthomas/cc/httpd-2.0.39/srclib/apr/include/apr_tables.h\",\nline 314: parameter not in identifier list: apr_table_mergen\n  \n\"/amd/cave/export/sys05/src3/nthomas/cc/httpd-2.0.39/srclib/apr/include/apr_tables.h\",\nline 326: parameter not in identifier list: apr_table_add\n  \n\"/amd/cave/export/sys05/src3/nthomas/cc/httpd-2.0.39/srclib/apr/include/apr_tables.h\",\nline 339: parameter not in identifier list: apr_table_addn\n  \n\"/amd/cave/export/sys05/src3/nthomas/cc/httpd-2.0.39/srclib/apr/include/apr_tables.h\",\nline 350: parameter not in identifier list: apr_table_overlay\n  \n\"/amd/cave/export/sys05/src3/nthomas/cc/httpd-2.0.39/srclib/apr/include/apr_tables.h\",\nline 366: parameter not in identifier list: apr_table_do\n  \n\"/amd/cave/export/sys05/src3/nthomas/cc/httpd-2.0.39/srclib/apr/include/apr_tables.h\",\nline 382: parameter not in identifier list: apr_table_vdo\n  \n\"/amd/cave/export/sys05/src3/nthomas/cc/httpd-2.0.39/srclib/apr/include/apr_tables.h\",\nline 426: parameter not in identifier list: apr_table_overlap\n  \n\"/amd/cave/export/sys05/src3/nthomas/cc/httpd-2.0.39/srclib/apr-util/include/apr_hooks.h\",\nline 241: only \"register\" valid as formal parameter storage class\n  \n\"/amd/cave/export/sys05/src3/nthomas/cc/httpd-2.0.39/srclib/apr-util/include/apr_hooks.h\",\nline 241: parameter not in identifier list: apr_global_hook_pool\n  \n\"/amd/cave/export/sys05/src3/nthomas/cc/httpd-2.0.39/srclib/apr-util/include/apr_hooks.h\",\nline 247: only \"register\" valid as formal parameter storage class\n  \n\"/amd/cave/export/sys05/src3/nthomas/cc/httpd-2.0.39/srclib/apr-util/include/apr_hooks.h\",\nline 247: parameter not in identifier list: apr_debug_module_hooks\n  \n\"/amd/cave/export/sys05/src3/nthomas/cc/httpd-2.0.39/srclib/apr-util/include/apr_hooks.h\",\nline 252: only \"register\" valid as formal parameter storage class\n  \n\"/amd/cave/export/sys05/src3/nthomas/cc/httpd-2.0.39/srclib/apr-util/include/apr_hooks.h\",\nline 252: parameter not in identifier list: apr_current_hooking_module\n  \n\"/amd/cave/export/sys05/src3/nthomas/cc/httpd-2.0.39/srclib/apr-util/include/apr_hooks.h\",\nline 260: parameter not in identifier list: apr_hook_sort_register\n  \n\"/amd/cave/export/sys05/src3/nthomas/cc/httpd-2.0.39/srclib/apr-util/include/apr_hooks.h\",\nline 264: parameter not in identifier list: apr_sort_hooks\n  \n\"/amd/cave/export/sys05/src3/nthomas/cc/httpd-2.0.39/srclib/apr-util/include/apr_hooks.h\",\nline 274: parameter not in identifier list: apr_show_hook\n  \n\"/amd/cave/export/sys05/src3/nthomas/cc/httpd-2.0.39/srclib/apr-util/include/apr_hooks.h\",\nline 279: parameter not in identifier list: apr_hook_deregister_all\n  \n\"/amd/cave/export/sys05/src3/nthomas/cc/httpd-2.0.39/srclib/apr/include/apr_thread_proc.h\",\nline 82: warning: only \"register\" valid as formal parameter storage class\n  \n\"/amd/cave/export/sys05/src3/nthomas/cc/httpd-2.0.39/srclib/apr/include/apr_thread_proc.h\",\nline 82: warning: dubious enum declaration; use tag only: <unnamed>\n  \n\"/amd/cave/export/sys05/src3/nthomas/cc/httpd-2.0.39/srclib/apr/include/apr_thread_proc.h\",\nline 89: warning: only \"register\" valid as formal parameter storage class\n  \n\"/amd/cave/export/sys05/src3/nthomas/cc/httpd-2.0.39/srclib/apr/include/apr_thread_proc.h\",\nline 89: warning: dubious enum declaration; use tag only: <unnamed>\n  \n\"/amd/cave/export/sys05/src3/nthomas/cc/httpd-2.0.39/srclib/apr/include/apr_thread_proc.h\",\nline 99: warning: only \"register\" valid as formal parameter storage class\n  \n\"/amd/cave/export/sys05/src3/nthomas/cc/httpd-2.0.39/srclib/apr/include/apr_thread_proc.h\",\nline 99: warning: dubious enum declaration; use tag only: <unnamed>\n  \n\"/amd/cave/export/sys05/src3/nthomas/cc/httpd-2.0.39/srclib/apr/include/apr_thread_proc.h\",\nline 151: warning: only \"register\" valid as formal parameter storage class\n  \n\"/amd/cave/export/sys05/src3/nthomas/cc/httpd-2.0.39/srclib/apr/include/apr_thread_proc.h\",\nline 151: warning: dubious tag declaration: struct apr_proc_t\n  \n\"/amd/cave/export/sys05/src3/nthomas/cc/httpd-2.0.39/srclib/apr/include/apr_thread_proc.h\",\nline 175: warning: useless declaration\n  \n\"/amd/cave/export/sys05/src3/nthomas/cc/httpd-2.0.39/srclib/apr/include/apr_thread_proc.h\",\nline 177: warning: only \"register\" valid as formal parameter storage class\n  \n\"/amd/cave/export/sys05/src3/nthomas/cc/httpd-2.0.39/srclib/apr/include/apr_thread_proc.h\",\nline 177: warning: dubious tag declaration: struct apr_thread_t\n  \n\"/amd/cave/export/sys05/src3/nthomas/cc/httpd-2.0.39/srclib/apr/include/apr_thread_proc.h\",\nline 178: warning: only \"register\" valid as formal parameter storage class\n  \n\"/amd/cave/export/sys05/src3/nthomas/cc/httpd-2.0.39/srclib/apr/include/apr_thread_proc.h\",\nline 178: warning: dubious tag declaration: struct apr_threadattr_t\n  \n\"/amd/cave/export/sys05/src3/nthomas/cc/httpd-2.0.39/srclib/apr/include/apr_thread_proc.h\",\nline 179: warning: only \"register\" valid as formal parameter storage class\n  \n\"/amd/cave/export/sys05/src3/nthomas/cc/httpd-2.0.39/srclib/apr/include/apr_thread_proc.h\",\nline 179: warning: dubious tag declaration: struct apr_procattr_t\n  \n\"/amd/cave/export/sys05/src3/nthomas/cc/httpd-2.0.39/srclib/apr/include/apr_thread_proc.h\",\nline 180: warning: only \"register\" valid as formal parameter storage class\n  \n\"/amd/cave/export/sys05/src3/nthomas/cc/httpd-2.0.39/srclib/apr/include/apr_thread_proc.h\",\nline 180: warning: dubious tag declaration: struct apr_thread_once_t\n  \n\"/amd/cave/export/sys05/src3/nthomas/cc/httpd-2.0.39/srclib/apr/include/apr_thread_proc.h\",\nline 182: warning: only \"register\" valid as formal parameter storage class\n  \n\"/amd/cave/export/sys05/src3/nthomas/cc/httpd-2.0.39/srclib/apr/include/apr_thread_proc.h\",\nline 182: warning: dubious tag declaration: struct apr_threadkey_t\n  \n\"/amd/cave/export/sys05/src3/nthomas/cc/httpd-2.0.39/srclib/apr/include/apr_thread_proc.h\",\nline 184: warning: only \"register\" valid as formal parameter storage class\n  \n\"/amd/cave/export/sys05/src3/nthomas/cc/httpd-2.0.39/srclib/apr/include/apr_thread_proc.h\",\nline 184: warning: dubious tag declaration: struct apr_other_child_rec_t\n  \n\"/amd/cave/export/sys05/src3/nthomas/cc/httpd-2.0.39/srclib/apr/include/apr_thread_proc.h\",\nline 190: warning: only \"register\" valid as formal parameter storage class\n  \n\"/amd/cave/export/sys05/src3/nthomas/cc/httpd-2.0.39/srclib/apr/include/apr_thread_proc.h\",\nline 192: warning: only \"register\" valid as formal parameter storage class\n  \n\"/amd/cave/export/sys05/src3/nthomas/cc/httpd-2.0.39/srclib/apr/include/apr_thread_proc.h\",\nline 192: warning: dubious enum declaration; use tag only: <unnamed>\n  \n\"/amd/cave/export/sys05/src3/nthomas/cc/httpd-2.0.39/srclib/apr/include/apr_thread_proc.h\",\nline 210: parameter not in identifier list: apr_threadattr_create\n  \n\"/amd/cave/export/sys05/src3/nthomas/cc/httpd-2.0.39/srclib/apr/include/apr_thread_proc.h\",\nline 218: parameter not in identifier list: apr_threadattr_detach_set\n  \n\"/amd/cave/export/sys05/src3/nthomas/cc/httpd-2.0.39/srclib/apr/include/apr_thread_proc.h\",\nline 224: parameter not in identifier list: apr_threadattr_detach_get\n  \n\"/amd/cave/export/sys05/src3/nthomas/cc/httpd-2.0.39/srclib/apr/include/apr_thread_proc.h\",\nline 237: parameter not in identifier list: apr_thread_create\n  \n\"/amd/cave/export/sys05/src3/nthomas/cc/httpd-2.0.39/srclib/apr/include/apr_thread_proc.h\",\nline 245: parameter not in identifier list: apr_thread_exit\n  \n\"/amd/cave/export/sys05/src3/nthomas/cc/httpd-2.0.39/srclib/apr/include/apr_thread_proc.h\",\nline 253: parameter not in identifier list: apr_thread_join\n  \n\"/amd/cave/export/sys05/src3/nthomas/cc/httpd-2.0.39/srclib/apr/include/apr_thread_proc.h\",\nline 258: parameter not in identifier list: apr_thread_yield\n  \n\"/amd/cave/export/sys05/src3/nthomas/cc/httpd-2.0.39/srclib/apr/include/apr_thread_proc.h\",\nline 267: parameter not in identifier list: apr_thread_once_init\n  \n\"/amd/cave/export/sys05/src3/nthomas/cc/httpd-2.0.39/srclib/apr/include/apr_thread_proc.h\",\nline 279: parameter not in identifier list: apr_thread_once\n  \n\"/amd/cave/export/sys05/src3/nthomas/cc/httpd-2.0.39/srclib/apr/include/apr_thread_proc.h\",\nline 285: parameter not in identifier list: apr_thread_detach\n  \n\"/amd/cave/export/sys05/src3/nthomas/cc/httpd-2.0.39/srclib/apr/include/apr_thread_proc.h\",\nline 294: parameter not in identifier list: apr_thread_data_get\n  \n\"/amd/cave/export/sys05/src3/nthomas/cc/httpd-2.0.39/srclib/apr/include/apr_thread_proc.h\",\nline 305: parameter not in identifier list: apr_thread_data_set\n  \n\"/amd/cave/export/sys05/src3/nthomas/cc/httpd-2.0.39/srclib/apr/include/apr_thread_proc.h\",\nline 315: parameter not in identifier list: apr_threadkey_private_create\n  \n\"/amd/cave/export/sys05/src3/nthomas/cc/httpd-2.0.39/srclib/apr/include/apr_thread_proc.h\",\nline 323: parameter not in identifier list: apr_threadkey_private_get\n  \n\"/amd/cave/export/sys05/src3/nthomas/cc/httpd-2.0.39/srclib/apr/include/apr_thread_proc.h\",\nline 331: parameter not in identifier list: apr_threadkey_private_set\n  \n\"/amd/cave/export/sys05/src3/nthomas/cc/httpd-2.0.39/srclib/apr/include/apr_thread_proc.h\",\nline 337: parameter not in identifier list: apr_threadkey_private_delete\n  \n\"/amd/cave/export/sys05/src3/nthomas/cc/httpd-2.0.39/srclib/apr/include/apr_thread_proc.h\",\nline 346: parameter not in identifier list: apr_threadkey_data_get\n  \n\"/amd/cave/export/sys05/src3/nthomas/cc/httpd-2.0.39/srclib/apr/include/apr_thread_proc.h\",\nline 357: parameter not in identifier list: apr_threadkey_data_set\n  \n\"/amd/cave/export/sys05/src3/nthomas/cc/httpd-2.0.39/srclib/apr/include/apr_thread_proc.h\",\nline 373: parameter not in identifier list: apr_procattr_create\n  \n\"/amd/cave/export/sys05/src3/nthomas/cc/httpd-2.0.39/srclib/apr/include/apr_thread_proc.h\",\nline 385: parameter not in identifier list: apr_procattr_io_set\n  \n\"/amd/cave/export/sys05/src3/nthomas/cc/httpd-2.0.39/srclib/apr/include/apr_thread_proc.h\",\nline 401: parameter not in identifier list: apr_procattr_child_in_set\n  \n\"/amd/cave/export/sys05/src3/nthomas/cc/httpd-2.0.39/srclib/apr/include/apr_thread_proc.h\",\nline 415: parameter not in identifier list: apr_procattr_child_out_set\n  \n\"/amd/cave/export/sys05/src3/nthomas/cc/httpd-2.0.39/srclib/apr/include/apr_thread_proc.h\",\nline 429: parameter not in identifier list: apr_procattr_child_err_set\n  \n\"/amd/cave/export/sys05/src3/nthomas/cc/httpd-2.0.39/srclib/apr/include/apr_thread_proc.h\",\nline 439: parameter not in identifier list: apr_procattr_dir_set\n  \n\"/amd/cave/export/sys05/src3/nthomas/cc/httpd-2.0.39/srclib/apr/include/apr_thread_proc.h\",\nline 453: parameter not in identifier list: apr_procattr_cmdtype_set\n  \n\"/amd/cave/export/sys05/src3/nthomas/cc/httpd-2.0.39/srclib/apr/include/apr_thread_proc.h\",\nline 461: parameter not in identifier list: apr_procattr_detach_set\n  \n\"/amd/cave/export/sys05/src3/nthomas/cc/httpd-2.0.39/srclib/apr/include/apr_thread_proc.h\",\nline 477: parameter not in identifier list: apr_procattr_limit_set\n  \n\"/amd/cave/export/sys05/src3/nthomas/cc/httpd-2.0.39/srclib/apr/include/apr_thread_proc.h\",\nline 487: parameter not in identifier list: apr_proc_fork\n  \n\"/amd/cave/export/sys05/src3/nthomas/cc/httpd-2.0.39/srclib/apr/include/apr_thread_proc.h\",\nline 509: parameter not in identifier list: apr_proc_create\n  \n\"/amd/cave/export/sys05/src3/nthomas/cc/httpd-2.0.39/srclib/apr/include/apr_thread_proc.h\",\nline 539: parameter not in identifier list: apr_proc_wait\n  \n\"/amd/cave/export/sys05/src3/nthomas/cc/httpd-2.0.39/srclib/apr/include/apr_thread_proc.h\",\nline 569: parameter not in identifier list: apr_proc_wait_all_procs\n  \n\"/amd/cave/export/sys05/src3/nthomas/cc/httpd-2.0.39/srclib/apr/include/apr_thread_proc.h\",\nline 580: parameter not in identifier list: apr_proc_detach\n  \n\"/amd/cave/export/sys05/src3/nthomas/cc/httpd-2.0.39/srclib/apr/include/apr_thread_proc.h\",\nline 601: parameter not in identifier list: apr_proc_other_child_register\n  \n\"/amd/cave/export/sys05/src3/nthomas/cc/httpd-2.0.39/srclib/apr/include/apr_thread_proc.h\",\nline 612: parameter not in identifier list: apr_proc_other_child_unregister\n  \n\"/amd/cave/export/sys05/src3/nthomas/cc/httpd-2.0.39/srclib/apr/include/apr_thread_proc.h\",\nline 620: parameter not in identifier list: apr_proc_other_child_read\n  \n\"/amd/cave/export/sys05/src3/nthomas/cc/httpd-2.0.39/srclib/apr/include/apr_thread_proc.h\",\nline 626: parameter not in identifier list: apr_proc_other_child_check\n  \n\"/amd/cave/export/sys05/src3/nthomas/cc/httpd-2.0.39/srclib/apr/include/apr_thread_proc.h\",\nline 635: parameter not in identifier list: apr_proc_kill\n  \n\"/amd/cave/export/sys05/src3/nthomas/cc/httpd-2.0.39/srclib/apr/include/apr_thread_proc.h\",\nline 651: parameter not in identifier list: apr_pool_note_subprocess\n  \n\"/amd/cave/export/sys05/src3/nthomas/cc/httpd-2.0.39/srclib/apr/include/apr_thread_proc.h\",\nline 661: parameter not in identifier list: apr_setup_signal_thread\n  \n\"/amd/cave/export/sys05/src3/nthomas/cc/httpd-2.0.39/srclib/apr/include/apr_thread_proc.h\",\nline 670: parameter not in identifier list: apr_signal_thread\n  \n\"/amd/cave/export/sys05/src3/nthomas/cc/httpd-2.0.39/srclib/apr/include/apr_thread_proc.h\",\nline 678: parameter not in identifier list: apr_thread_pool_get\n  \n\"/amd/cave/export/sys05/src3/nthomas/cc/httpd-2.0.39/srclib/apr/include/apr_proc_mutex.h\",\nline 77: warning: only \"register\" valid as formal parameter storage class\n  \n\"/amd/cave/export/sys05/src3/nthomas/cc/httpd-2.0.39/srclib/apr/include/apr_proc_mutex.h\",\nline 77: warning: dubious enum declaration; use tag only: <unnamed>\n  \n\"/amd/cave/export/sys05/src3/nthomas/cc/httpd-2.0.39/srclib/apr/include/apr_proc_mutex.h\",\nline 81: warning: only \"register\" valid as formal parameter storage class\n  \n\"/amd/cave/export/sys05/src3/nthomas/cc/httpd-2.0.39/srclib/apr/include/apr_proc_mutex.h\",\nline 81: warning: dubious tag declaration: struct apr_proc_mutex_t\n  \n\"/amd/cave/export/sys05/src3/nthomas/cc/httpd-2.0.39/srclib/apr/include/apr_proc_mutex.h\",\nline 108: parameter not in identifier list: apr_proc_mutex_create\n  \n\"/amd/cave/export/sys05/src3/nthomas/cc/httpd-2.0.39/srclib/apr/include/apr_proc_mutex.h\",\nline 123: parameter not in identifier list: apr_proc_mutex_child_init\n  \n\"/amd/cave/export/sys05/src3/nthomas/cc/httpd-2.0.39/srclib/apr/include/apr_proc_mutex.h\",\nline 130: parameter not in identifier list: apr_proc_mutex_lock\n  \n\"/amd/cave/export/sys05/src3/nthomas/cc/httpd-2.0.39/srclib/apr/include/apr_proc_mutex.h\",\nline 139: parameter not in identifier list: apr_proc_mutex_trylock\n  \n\"/amd/cave/export/sys05/src3/nthomas/cc/httpd-2.0.39/srclib/apr/include/apr_proc_mutex.h\",\nline 145: parameter not in identifier list: apr_proc_mutex_unlock\n  \n\"/amd/cave/export/sys05/src3/nthomas/cc/httpd-2.0.39/srclib/apr/include/apr_proc_mutex.h\",\nline 151: parameter not in identifier list: apr_proc_mutex_destroy\n  \n\"/amd/cave/export/sys05/src3/nthomas/cc/httpd-2.0.39/srclib/apr/include/apr_proc_mutex.h\",\nline 158: parameter not in identifier list: apr_proc_mutex_name\n  \n\"/amd/cave/export/sys05/src3/nthomas/cc/httpd-2.0.39/srclib/apr/include/apr_proc_mutex.h\",\nline 164: parameter not in identifier list: apr_proc_mutex_defname\n  \n\"/amd/cave/export/sys05/src3/nthomas/cc/httpd-2.0.39/srclib/apr/include/apr_proc_mutex.h\",\nline 170: parameter not in identifier list: apr_proc_mutex_pool_get\n  \n\"/amd/cave/export/sys05/src3/nthomas/cc/httpd-2.0.39/srclib/apr/include/apr_global_mutex.h\",\nline 80: warning: only \"register\" valid as formal parameter storage class\n  \n\"/amd/cave/export/sys05/src3/nthomas/cc/httpd-2.0.39/srclib/apr/include/apr_global_mutex.h\",\nline 80: warning: dubious tag declaration: struct apr_global_mutex_t\n  \n\"/amd/cave/export/sys05/src3/nthomas/cc/httpd-2.0.39/srclib/apr/include/apr_global_mutex.h\",\nline 111: parameter not in identifier list: apr_global_mutex_create\n  \n\"/amd/cave/export/sys05/src3/nthomas/cc/httpd-2.0.39/srclib/apr/include/apr_global_mutex.h\",\nline 127: parameter not in identifier list: apr_global_mutex_child_init\n  \n\"/amd/cave/export/sys05/src3/nthomas/cc/httpd-2.0.39/srclib/apr/include/apr_global_mutex.h\",\nline 134: parameter not in identifier list: apr_global_mutex_lock\n  \n\"/amd/cave/export/sys05/src3/nthomas/cc/httpd-2.0.39/srclib/apr/include/apr_global_mutex.h\",\nline 143: parameter not in identifier list: apr_global_mutex_trylock\n  \n\"/amd/cave/export/sys05/src3/nthomas/cc/httpd-2.0.39/srclib/apr/include/apr_global_mutex.h\",\nline 149: parameter not in identifier list: apr_global_mutex_unlock\n  \n\"/amd/cave/export/sys05/src3/nthomas/cc/httpd-2.0.39/srclib/apr/include/apr_global_mutex.h\",\nline 155: parameter not in identifier list: apr_global_mutex_destroy\n  \n\"/amd/cave/export/sys05/src3/nthomas/cc/httpd-2.0.39/srclib/apr/include/apr_global_mutex.h\",\nline 161: parameter not in identifier list: apr_global_mutex_pool_get\n   \"./unixd.h\", line 85: warning: only \"register\" valid as formal parameter\nstorage class\n   \"./unixd.h\", line 85: warning: dubious struct declaration; use tag only:\n<unnamed>\n   \"./unixd.h\", line 91: syntax error before or at: AP_DECLARE_HOOK\n   \"./unixd.h\", line 91: syntax error before or at: get_suexec_identity\n   \"./unixd.h\", line 91: warning: undefined or missing type for: get_suexec_identity\n   \"./unixd.h\", line 110: cannot recover from previous errors\n   cc: acomp failed for unixd.c\n   make[3]: *** [unixd.lo] Error 1\n   make[3]: Leaving directory\n`/amd/cave/export/sys05/src3/nthomas/cc/httpd-2.0.39/os/unix'\n   make[2]: *** [all-recursive] Error 1\n   make[2]: Leaving directory\n`/amd/cave/export/sys05/src3/nthomas/cc/httpd-2.0.39/os/unix'\n   make[1]: *** [all-recursive] Error 1\n   make[1]: Leaving directory\n`/amd/cave/export/sys05/src3/nthomas/cc/httpd-2.0.39/os'\n   make: *** [all-recursive] Error 1\n", "id": 19232, "time": "2002-07-10T06:48:00Z", "bug_id": 10554, "creation_time": "2002-07-10T06:48:00Z", "is_private": false, "attachment_id": null}, {"count": 3, "tags": [], "text": "[This is a mass bug update.]\nThis bug reports a problem in an older version of Apache 2.\nCould you please update to the most recent version and see\nif you can reproduce this problem.  If the bug still exists,\nplease update the bug with the latest version number.  If \nthe bug no longer exists, please close the bug report.\n\nSorry for this impersonal response, but we get many more bug\nreports than our volunteers can keep up with.\nThanks for using Apache!", "is_private": false, "id": 24705, "creator": "slive@apache.org", "time": "2002-10-17T02:34:30Z", "bug_id": 10554, "creation_time": "2002-10-17T02:34:30Z", "attachment_id": null}, {"count": 4, "tags": [], "bug_id": 10554, "attachment_id": null, "text": "[This is a mass bug update.] [Resolve-20021102]\nNo response from submitter; assuming issue is resolved.\nIf the problem still exists in the lastest version,\nplease reopen this report and update appropriately.", "id": 25531, "time": "2002-11-02T20:18:10Z", "creator": "slive@apache.org", "creation_time": "2002-11-02T20:18:10Z", "is_private": false}, {"count": 5, "tags": [], "creator": "aospan@netup.ru", "text": "I also have this proble on FreeBSD 5.4 and apache 2.0.54.\n\nmake output:\nMaking all in unix\n/home/netup/httpd-2.0.54/srclib/apr/libtool --silent --mode=compile gcc  -g -O2\n   -D_REENTRANT -D_THREAD_SAFE -DAP_HAVE_DESIGNATED_INITIALIZER  \n-I/home/netup/httpd-2.0.54/srclib/apr/include\n-I/home/netup/httpd-2.0.54/srclib/apr-util/include -I/usr/local/include -I.\n-I/home/netup/httpd-2.0.54/os/unix -I/home/netup/httpd-2.0.54/server/mpm/prefork\n-I/home/netup/httpd-2.0.54/modules/http\n-I/home/netup/httpd-2.0.54/modules/filters\n-I/home/netup/httpd-2.0.54/modules/proxy -I/home/netup/httpd-2.0.54/include\n-I/home/netup/httpd-2.0.54/modules/generators -I/usr/include/openssl\n-I/home/netup/httpd-2.0.54/modules/dav/main -prefer-non-pic -static -c unixd.c\n&& touch unixd.lo\nIn file included from unixd.h:22,\n                 from unixd.c:23:\n/home/netup/httpd-2.0.54/include/ap_listen.h:63: error: syntax error before \"extern\"\nIn file included from unixd.c:23:\nunixd.h:49: error: syntax error before \"get_suexec_identity\"\nunixd.h:69: error: syntax error before \"extern\"\nunixd.h:71: error: syntax error before \"unixd_setup_child\"\nunixd.h:71: warning: data definition has no type or storage class\nunixd.h:72: error: syntax error before \"unixd_pre_config\"\nunixd.h:72: warning: data definition has no type or storage class\nunixd.h:73: error: syntax error before \"unixd_set_user\"\nunixd.h:74: warning: data definition has no type or storage class\nunixd.h:75: error: syntax error before \"unixd_set_group\"\nunixd.h:76: warning: data definition has no type or storage class\nunixd.h:78: error: syntax error before \"unixd_set_rlimit\"\nunixd.h:79: warning: data definition has no type or storage class\nunixd.h:91: error: syntax error before \"unixd_set_proc_mutex_perms\"\nunixd.h:91: warning: data definition has no type or storage class\nunixd.h:92: error: syntax error before \"unixd_set_global_mutex_perms\"\nunixd.h:92: warning: data definition has no type or storage class\nunixd.h:93: error: syntax error before \"unixd_accept\"\nunixd.h:93: warning: data definition has no type or storage class\nIn file included from unixd.c:24:\n/home/netup/httpd-2.0.54/include/mpm_common.h:182: error: syntax error before\n\"ap_mpm_pod_open\"\n/home/netup/httpd-2.0.54/include/mpm_common.h:182: warning: data definition has\nno type or storage class\n/home/netup/httpd-2.0.54/include/mpm_common.h:187: error: syntax error before\n\"ap_mpm_pod_check\"\n/home/netup/httpd-2.0.54/include/mpm_common.h:187: warning: data definition has\nno type or storage class\n/home/netup/httpd-2.0.54/include/mpm_common.h:192: error: syntax error before\n\"ap_mpm_pod_close\"\n/home/netup/httpd-2.0.54/include/mpm_common.h:192: warning: data definition has\nno type or storage class\n/home/netup/httpd-2.0.54/include/mpm_common.h:199: error: syntax error before\n\"ap_mpm_pod_signal\"\n/home/netup/httpd-2.0.54/include/mpm_common.h:199: warning: data definition has\nno type or storage class\n/home/netup/httpd-2.0.54/include/mpm_common.h:207: error: syntax error before\n\"ap_mpm_pod_killpg\"\n/home/netup/httpd-2.0.54/include/mpm_common.h:207: warning: data definition has\nno type or storage class\n/home/netup/httpd-2.0.54/include/mpm_common.h:275: error: syntax error before\n'*' token\nIn file included from unixd.c:26:\n/home/netup/httpd-2.0.54/include/ap_mpm.h:82: error: syntax error before\n\"ap_mpm_run\"\n/home/netup/httpd-2.0.54/include/ap_mpm.h:82: warning: data definition has no\ntype or storage class\n/home/netup/httpd-2.0.54/include/ap_mpm.h:90: error: syntax error before\n\"ap_graceful_stop_signalled\"\n/home/netup/httpd-2.0.54/include/ap_mpm.h:90: warning: data definition has no\ntype or storage class\n/home/netup/httpd-2.0.54/include/ap_mpm.h:105: error: syntax error before\n\"ap_os_create_privileged_process\"\n/home/netup/httpd-2.0.54/include/ap_mpm.h:112: warning: data definition has no\ntype or storage class\n/home/netup/httpd-2.0.54/include/ap_mpm.h:151: error: syntax error before\n\"ap_mpm_query\"\n/home/netup/httpd-2.0.54/include/ap_mpm.h:151: warning: data definition has no\ntype or storage class\nunixd.c: In function `set_group_privs':\nunixd.c:78: warning: passing arg 4 of `ap_log_error' makes pointer from integer\nwithout a cast\nunixd.c:97: warning: passing arg 4 of `ap_log_error' makes pointer from integer\nwithout a cast\nunixd.c:106: warning: passing arg 4 of `ap_log_error' makes pointer from integer\nwithout a cast\nunixd.c: At top level:\nunixd.c:115: error: syntax error before \"unixd_setup_child\"\nunixd.c: In function `unixd_setup_child':\nunixd.c:142: warning: passing arg 4 of `ap_log_error' makes pointer from integer\nwithout a cast\nunixd.c: At top level:", "id": 76856, "time": "2005-06-30T21:01:11Z", "bug_id": 10554, "creation_time": "2005-06-30T21:01:11Z", "is_private": false, "attachment_id": null}, {"count": 6, "tags": [], "bug_id": 10554, "text": "(In reply to comment #5)\n> I also have this proble on FreeBSD 5.4 and apache 2.0.54.\n> \n> make output:\n> Making all in unix\n> /home/netup/httpd-2.0.54/srclib/apr/libtool --silent --mode=compile gcc  -g -O2\n>    -D_REENTRANT -D_THREAD_SAFE -DAP_HAVE_DESIGNATED_INITIALIZER  \n> -I/home/netup/httpd-2.0.54/srclib/apr/include\n> -I/home/netup/httpd-2.0.54/srclib/apr-util/include -I/usr/local/include -I.\n> -I/home/netup/httpd-2.0.54/os/unix -I/home/netup/httpd-2.0.54/server/mpm/prefork\n> -I/home/netup/httpd-2.0.54/modules/http\n> -I/home/netup/httpd-2.0.54/modules/filters\n> -I/home/netup/httpd-2.0.54/modules/proxy -I/home/netup/httpd-2.0.54/include\n> -I/home/netup/httpd-2.0.54/modules/generators -I/usr/include/openssl\n> -I/home/netup/httpd-2.0.54/modules/dav/main -prefer-non-pic -static -c unixd.c\n> && touch unixd.lo\n> In file included from unixd.h:22,\n>                  from unixd.c:23:\n> /home/netup/httpd-2.0.54/include/ap_listen.h:63: error: syntax error before\n\"extern\"\n> In file included from unixd.c:23:\n> unixd.h:49: error: syntax error before \"get_suexec_identity\"\n> unixd.h:69: error: syntax error before \"extern\"\n\nProblem solved. I have previously installed headers in /usr/local/include.\n", "id": 76857, "time": "2005-06-30T21:07:57Z", "creator": "aospan@netup.ru", "creation_time": "2005-06-30T21:07:57Z", "is_private": false, "attachment_id": null}]