[{"count": 0, "tags": [], "creator": "samant.maharaj@orion.co.nz", "attachment_id": null, "id": 27483, "time": "2002-12-06T04:25:26Z", "bug_id": 15131, "creation_time": "2002-12-06T04:25:26Z", "is_private": false, "text": "This is an issue under Java 1.4 when the classpath contains spaces.  I have \ntraced this code to JUnitTask.addClasspathEntry().  The call to getClass\n().getResource() returns an escaped URL under 1.4 but an unescaped URL under \n1.3.  This means that when run, results such as the following are seen:\n\n    [junit] java.lang.NoClassDefFoundError: \norg/apache/tools/ant/taskdefs/optional/junit/JUnitTestRunner\n    [junit] Exception in thread \"main\"\n    [junit] TEST nz.co.orion.audit.AuditLogTest FAILED\n    [junit] java.lang.NoClassDefFoundError: \norg/apache/tools/ant/taskdefs/optional/junit/JUnitTestRunner\n    [junit] Exception in thread \"main\"\n    [junit] TEST nz.co.orion.discovery.DiscoveryServerTest FAILED\n    [junit] java.lang.NoClassDefFoundError: \norg/apache/tools/ant/taskdefs/optional/junit/JUnitTestRunner\n    [junit] Exception in thread \"main\"\n    [junit] TEST nz.co.orion.hl7datatype.HL7DataTypeSpecificationTest FAILED\n    [junit] java.lang.NoClassDefFoundError: \norg/apache/tools/ant/taskdefs/optional/junit/JUnitTestRunner\n    [junit] Exception in thread \"main\"\n    [junit] TEST nz.co.orion.hl7datatype.HL7DataTypeTest FAILED\n\nDebug output reveals:\n    [junit] Implicitly adding P:\\Resources\\Source\\Concerto%\n20MAP\\Concerto\\lib\\junit.jar;P:\\Resources\\Source\\Concerto%\n20MAP\\Concerto\\lib\\ant\\ant.jar;P:\\Resources\\Source\\Concerto%\n20MAP\\Concerto\\lib\\ant\\optional.jar to CLASSPATH\ndropping P:\\Resources\\Source\\Concerto%20MAP\\Concerto\\lib\\junit.jar from path as \nit doesn't exist\ndropping P:\\Resources\\Source\\Concerto%20MAP\\Concerto\\lib\\ant\\ant.jar from path \nas it doesn't exist\ndropping P:\\Resources\\Source\\Concerto%20MAP\\Concerto\\lib\\ant\\optional.jar from \npath as it doesn't exist\n\nI can confirm that this definitely does not occure when building under JDK 1.3."}, {"count": 1, "tags": [], "bug_id": 15131, "text": "should be fixed in nightly build 2003-04-01.", "id": 34178, "time": "2003-03-31T14:10:49Z", "creator": "bodewig@apache.org", "creation_time": "2003-03-31T14:10:49Z", "is_private": false, "attachment_id": null}]