[{"count": 0, "tags": [], "bug_id": 15998, "attachment_id": null, "id": 29201, "time": "2003-01-12T00:00:36Z", "creator": "gus.heck@olin.edu", "creation_time": "2003-01-12T00:00:36Z", "is_private": false, "text": "So I decided to back off the 1.6 alpha thing since it had failing tests.\n\nI had the cvs commands in my shell history so I checked out the -r ANT_151_FINAL\n\nAnd it has different failing tests!! Surely it wasn't released with failing tests??\n\nAnyway here's the output for the test run:\n\njakarta-ant]# JAVA_HOME=/usr/java/j2sdk1.4.1_01/ ./build.sh test\nBuildfile: build.xml\n\ncheck_for_optional_packages:\n\nxml-check:\n#---- BEGIN writeEnvironmentReport($Revision: 1.7 $): Useful properties found: ----\njava.version=1.4.1_01\nversion.JAXP=1.1\njava.ext.dirs=/usr/java/j2sdk1.4.1_01/jre/lib/ext\nversion.crimson=not-present\nversion.SAX=2.0\njava.class.path=bootstrap/lib/optional.jar:bootstrap/lib/ant.jar:lib/xercesImpl.jar:lib/xml-apis.jar:bootstrap/lib/ant.jar:lib/optional/junit.jar::/usr/java/j2sdk1.4.1_01//lib/tools.jar\nversion.xerces=not-present\nsun.boot.class.path=/usr/java/j2sdk1.4.1_01/jre/lib/rt.jar:/usr/java/j2sdk1.4.1_01/jre/lib/i18n.jar:/usr/java/j2sdk1.4.1_01/jre/lib/sunrsasign.jar:/usr/java/j2sdk1.4.1_01/jre/lib/jsse.jar:/usr/java/j2sdk1.4.1_01/jre/lib/jce.jar:/usr/java/j2sdk1.4.1_01/jre/lib/charsets.jar:/usr/java/j2sdk1.4.1_01/jre/classes\nversion.DOM.draftlevel=2.0fd\nversion.xalan2=Xalan;Java;Xalan Java 2.2.D11;\nversion.DOM=2.0\nversion.xalan1=not-present\n#----- END writeEnvironmentReport: Useful properties found: -----\n# YAHOO! Your environment seems to be OK.\n\ndump-sys-properties:\njava.vm.info=mixed mode\njava.vm.name=Java HotSpot(TM) Client VM\njava.vm.vendor=Sun Microsystems Inc.\njava.vm.version=1.4.1_01-b01\nos.arch=i386\nos.name=Linux\nos.version=2.4.18-18.8.0\nfile.encoding=UTF-8\nuser.language=en\n\nrun-which:\n\ndump-info:\n\nprepare:\n\nbuild:\nCopying 2 files to /usr/local/jakarta-ant/build/classes\n\ncompile-tests:\nCreated dir: /usr/local/jakarta-ant/build/testcases\nCompiling 148 source files to /usr/local/jakarta-ant/build/testcases\nNote: Some input files use or override a deprecated API.\nNote: Recompile with -deprecation for details.\n\nprobe-offline:\n\nrun-tests:\nTestsuite: org.apache.tools.ant.filters.LineContainsTest\nTests run: 1, Failures: 0, Errors: 0, Time elapsed: 0.199 sec\n\nTestsuite: org.apache.tools.ant.AntClassLoaderTest\nTests run: 1, Failures: 0, Errors: 0, Time elapsed: 0.067 sec\n\nTestsuite: org.apache.tools.ant.DirectoryScannerTest\nTests run: 2, Failures: 0, Errors: 0, Time elapsed: 1.698 sec\n\nTestsuite: org.apache.tools.ant.ImmutableTest\nTests run: 7, Failures: 0, Errors: 0, Time elapsed: 0.454 sec\n\nTestsuite: org.apache.tools.ant.IncludeTest\nTests run: 9, Failures: 0, Errors: 0, Time elapsed: 0.559 sec\n\nTestsuite: org.apache.tools.ant.IntrospectionHelperTest\nTests run: 6, Failures: 0, Errors: 0, Time elapsed: 0.015 sec\n\nTestsuite: org.apache.tools.ant.ProjectTest\nTests run: 4, Failures: 0, Errors: 0, Time elapsed: 0.156 sec\n\nTestsuite: org.apache.tools.ant.PropertyExpansionTest\nTests run: 2, Failures: 0, Errors: 0, Time elapsed: 0.102 sec\n\nTestsuite: org.apache.tools.ant.taskdefs.condition.ContainsTest\nTests run: 1, Failures: 0, Errors: 0, Time elapsed: 0.001 sec\n\nTestsuite: org.apache.tools.ant.taskdefs.condition.EqualsTest\nTests run: 2, Failures: 0, Errors: 0, Time elapsed: 0 sec\n\nTestsuite: org.apache.tools.ant.taskdefs.AntStructureTest\nTests run: 1, Failures: 0, Errors: 0, Time elapsed: 0.056 sec\n\nTestsuite: org.apache.tools.ant.taskdefs.AntTest\nTests run: 21, Failures: 0, Errors: 0, Time elapsed: 1.568 sec\n\nTestsuite: org.apache.tools.ant.taskdefs.AvailableTest\nTests run: 26, Failures: 0, Errors: 0, Time elapsed: 1.346 sec\n\nTestsuite: org.apache.tools.ant.taskdefs.BUnzip2Test\nTests run: 1, Failures: 0, Errors: 0, Time elapsed: 1.532 sec\n\nTestsuite: org.apache.tools.ant.taskdefs.BZip2Test\nTests run: 2, Failures: 0, Errors: 0, Time elapsed: 8.47 sec\n\nTestsuite: org.apache.tools.ant.taskdefs.BasenameTest\nTests run: 9, Failures: 0, Errors: 0, Time elapsed: 0.313 sec\n\nTestsuite: org.apache.tools.ant.taskdefs.CVSPassTest\nTests run: 5, Failures: 0, Errors: 0, Time elapsed: 0.409 sec\n\nTestsuite: org.apache.tools.ant.taskdefs.ChecksumTest\nTests run: 4, Failures: 0, Errors: 0, Time elapsed: 0.157 sec\n\nTestsuite: org.apache.tools.ant.taskdefs.ConcatTest\nTests run: 5, Failures: 0, Errors: 0, Time elapsed: 0.183 sec\n\nTestsuite: org.apache.tools.ant.taskdefs.ConditionTest\nTests run: 38, Failures: 0, Errors: 0, Time elapsed: 1.512 sec\n\nTestsuite: org.apache.tools.ant.taskdefs.CopyTest\nTests run: 6, Failures: 0, Errors: 0, Time elapsed: 8.249 sec\n\nTestsuite: org.apache.tools.ant.taskdefs.CopydirTest\nTests run: 6, Failures: 0, Errors: 0, Time elapsed: 1.069 sec\n\nTestsuite: org.apache.tools.ant.taskdefs.CopyfileTest\nTests run: 6, Failures: 0, Errors: 0, Time elapsed: 0.201 sec\n\nTestsuite: org.apache.tools.ant.taskdefs.DeleteTest\nTests run: 3, Failures: 0, Errors: 0, Time elapsed: 0.702 sec\n\nTestsuite: org.apache.tools.ant.taskdefs.DeltreeTest\nTests run: 2, Failures: 0, Errors: 0, Time elapsed: 0.066 sec\n\nTestsuite: org.apache.tools.ant.taskdefs.DependSetTest\nTests run: 5, Failures: 0, Errors: 0, Time elapsed: 3.178 sec\n\nTestsuite: org.apache.tools.ant.taskdefs.DirnameTest\nTests run: 5, Failures: 0, Errors: 0, Time elapsed: 0.16 sec\n\nTestsuite: org.apache.tools.ant.taskdefs.DynamicTest\nTests run: 1, Failures: 0, Errors: 0, Time elapsed: 0.053 sec\n\nTestsuite: org.apache.tools.ant.taskdefs.EchoTest\nTests run: 3, Failures: 0, Errors: 0, Time elapsed: 0.094 sec\n\nTestsuite: org.apache.tools.ant.taskdefs.ExecuteJavaTest\nTests run: 2, Failures: 0, Errors: 0, Time elapsed: 7.519 sec\n\nTestsuite: org.apache.tools.ant.taskdefs.ExecuteWatchdogTest\nTests run: 4, Failures: 0, Errors: 4, Time elapsed: 0.017 sec\n\nTestcase: testNoTimeOut(org.apache.tools.ant.taskdefs.ExecuteWatchdogTest):    \nCaused an ERROR\njava.io.IOException: java: not found\njava.io.IOException: java.io.IOException: java: not found\n        at java.lang.UNIXProcess.<init>(UNIXProcess.java:143)\n        at java.lang.Runtime.execInternal(Native Method)\n        at java.lang.Runtime.exec(Runtime.java:566)\n        at java.lang.Runtime.exec(Runtime.java:491)\n        at java.lang.Runtime.exec(Runtime.java:457)\n        at\norg.apache.tools.ant.taskdefs.ExecuteWatchdogTest.getProcess(ExecuteWatchdogTest.java:115)\n        at\norg.apache.tools.ant.taskdefs.ExecuteWatchdogTest.testNoTimeOut(ExecuteWatchdogTest.java:141)\n        at sun.reflect.NativeMethodAccessorImpl.invoke0(Native Method)\n        at\nsun.reflect.NativeMethodAccessorImpl.invoke(NativeMethodAccessorImpl.java:39)\n        at\nsun.reflect.DelegatingMethodAccessorImpl.invoke(DelegatingMethodAccessorImpl.java:25)\n        at java.lang.reflect.Method.invoke(Method.java:324)\n        at junit.framework.TestCase.runTest(TestCase.java:154)\n        at junit.framework.TestCase.runBare(TestCase.java:127)\n        at junit.framework.TestResult$1.protect(TestResult.java:106)\n        at junit.framework.TestResult.runProtected(TestResult.java:124)\n        at junit.framework.TestResult.run(TestResult.java:109)\n        at junit.framework.TestCase.run(TestCase.java:118)\n        at junit.framework.TestSuite.runTest(TestSuite.java:208)\n        at junit.framework.TestSuite.run(TestSuite.java:203)\n        at\norg.apache.tools.ant.taskdefs.optional.junit.JUnitTestRunner.run(JUnitTestRunner.java:325)\n        at\norg.apache.tools.ant.taskdefs.optional.junit.JUnitTask.executeInVM(JUnitTask.java:804)\n        at\norg.apache.tools.ant.taskdefs.optional.junit.JUnitTask.execute(JUnitTask.java:551)\n        at\norg.apache.tools.ant.taskdefs.optional.junit.JUnitTask.execute(JUnitTask.java:527)\n        at org.apache.tools.ant.Task.perform(Task.java:319)\n        at org.apache.tools.ant.Target.execute(Target.java:309)\n        at org.apache.tools.ant.Target.performTasks(Target.java:336)\n        at org.apache.tools.ant.Project.executeTarget(Project.java:1306)\n        at org.apache.tools.ant.Project.executeTargets(Project.java:1250)\n        at org.apache.tools.ant.Main.runBuild(Main.java:610)\n        at org.apache.tools.ant.Main.start(Main.java:196)\n        at org.apache.tools.ant.Main.main(Main.java:235)\n\n\nTestcase: testTimeOut(org.apache.tools.ant.taskdefs.ExecuteWatchdogTest):      \nCaused an ERROR\njava.io.IOException: java: not found\njava.io.IOException: java.io.IOException: java: not found\n        at java.lang.UNIXProcess.<init>(UNIXProcess.java:143)\n        at java.lang.Runtime.execInternal(Native Method)\n        at java.lang.Runtime.exec(Runtime.java:566)\n        at java.lang.Runtime.exec(Runtime.java:491)\n        at java.lang.Runtime.exec(Runtime.java:457)\n        at\norg.apache.tools.ant.taskdefs.ExecuteWatchdogTest.getProcess(ExecuteWatchdogTest.java:115)\n        at\norg.apache.tools.ant.taskdefs.ExecuteWatchdogTest.testTimeOut(ExecuteWatchdogTest.java:150)\n        at sun.reflect.NativeMethodAccessorImpl.invoke0(Native Method)\n        at\nsun.reflect.NativeMethodAccessorImpl.invoke(NativeMethodAccessorImpl.java:39)\n        at\nsun.reflect.DelegatingMethodAccessorImpl.invoke(DelegatingMethodAccessorImpl.java:25)\n        at java.lang.reflect.Method.invoke(Method.java:324)\n        at junit.framework.TestCase.runTest(TestCase.java:154)\n        at junit.framework.TestCase.runBare(TestCase.java:127)\n        at junit.framework.TestResult$1.protect(TestResult.java:106)\n        at junit.framework.TestResult.runProtected(TestResult.java:124)\n        at junit.framework.TestResult.run(TestResult.java:109)\n        at junit.framework.TestCase.run(TestCase.java:118)\n        at junit.framework.TestSuite.runTest(TestSuite.java:208)\n        at junit.framework.TestSuite.run(TestSuite.java:203)\n        at\norg.apache.tools.ant.taskdefs.optional.junit.JUnitTestRunner.run(JUnitTestRunner.java:325)\n        at\norg.apache.tools.ant.taskdefs.optional.junit.JUnitTask.executeInVM(JUnitTask.java:804)\n        at\norg.apache.tools.ant.taskdefs.optional.junit.JUnitTask.execute(JUnitTask.java:551)\n        at\norg.apache.tools.ant.taskdefs.optional.junit.JUnitTask.execute(JUnitTask.java:527)\n        at org.apache.tools.ant.Task.perform(Task.java:319)\n        at org.apache.tools.ant.Target.execute(Target.java:309)\n        at org.apache.tools.ant.Target.performTasks(Target.java:336)\n        at org.apache.tools.ant.Project.executeTarget(Project.java:1306)\n        at org.apache.tools.ant.Project.executeTargets(Project.java:1250)\n        at org.apache.tools.ant.Main.runBuild(Main.java:610)\n        at org.apache.tools.ant.Main.start(Main.java:196)\n        at org.apache.tools.ant.Main.main(Main.java:235)\n\n\nTestcase: testFailed(org.apache.tools.ant.taskdefs.ExecuteWatchdogTest):       \nCaused an ERROR\njava.io.IOException: java: not found\njava.io.IOException: java.io.IOException: java: not found\n        at java.lang.UNIXProcess.<init>(UNIXProcess.java:143)\n        at java.lang.Runtime.execInternal(Native Method)\n        at java.lang.Runtime.exec(Runtime.java:566)\n        at java.lang.Runtime.exec(Runtime.java:491)\n        at java.lang.Runtime.exec(Runtime.java:457)\n        at\norg.apache.tools.ant.taskdefs.ExecuteWatchdogTest.getProcess(ExecuteWatchdogTest.java:115)\n        at\norg.apache.tools.ant.taskdefs.ExecuteWatchdogTest.testFailed(ExecuteWatchdogTest.java:163)\n        at sun.reflect.NativeMethodAccessorImpl.invoke0(Native Method)\n        at\nsun.reflect.NativeMethodAccessorImpl.invoke(NativeMethodAccessorImpl.java:39)\n        at\nsun.reflect.DelegatingMethodAccessorImpl.invoke(DelegatingMethodAccessorImpl.java:25)\n        at java.lang.reflect.Method.invoke(Method.java:324)\n        at junit.framework.TestCase.runTest(TestCase.java:154)\n        at junit.framework.TestCase.runBare(TestCase.java:127)\n        at junit.framework.TestResult$1.protect(TestResult.java:106)\n        at junit.framework.TestResult.runProtected(TestResult.java:124)\n        at junit.framework.TestResult.run(TestResult.java:109)\n        at junit.framework.TestCase.run(TestCase.java:118)\n        at junit.framework.TestSuite.runTest(TestSuite.java:208)\n        at junit.framework.TestSuite.run(TestSuite.java:203)\n        at\norg.apache.tools.ant.taskdefs.optional.junit.JUnitTestRunner.run(JUnitTestRunner.java:325)\n        at\norg.apache.tools.ant.taskdefs.optional.junit.JUnitTask.executeInVM(JUnitTask.java:804)\n        at\norg.apache.tools.ant.taskdefs.optional.junit.JUnitTask.execute(JUnitTask.java:551)\n        at\norg.apache.tools.ant.taskdefs.optional.junit.JUnitTask.execute(JUnitTask.java:527)\n        at org.apache.tools.ant.Task.perform(Task.java:319)\n        at org.apache.tools.ant.Target.execute(Target.java:309)\n        at org.apache.tools.ant.Target.performTasks(Target.java:336)\n        at org.apache.tools.ant.Project.executeTarget(Project.java:1306)\n        at org.apache.tools.ant.Project.executeTargets(Project.java:1250)\n        at org.apache.tools.ant.Main.runBuild(Main.java:610)\n        at org.apache.tools.ant.Main.start(Main.java:196)\n        at org.apache.tools.ant.Main.main(Main.java:235)\n\n\nTestcase: testManualStop(org.apache.tools.ant.taskdefs.ExecuteWatchdogTest):   \nCaused an ERROR\njava.io.IOException: java: not found\njava.io.IOException: java.io.IOException: java: not found\n        at java.lang.UNIXProcess.<init>(UNIXProcess.java:143)\n        at java.lang.Runtime.execInternal(Native Method)\n        at java.lang.Runtime.exec(Runtime.java:566)\n        at java.lang.Runtime.exec(Runtime.java:491)\n        at java.lang.Runtime.exec(Runtime.java:457)\n        at\norg.apache.tools.ant.taskdefs.ExecuteWatchdogTest.getProcess(ExecuteWatchdogTest.java:115)\n        at\norg.apache.tools.ant.taskdefs.ExecuteWatchdogTest.testManualStop(ExecuteWatchdogTest.java:171)\n        at sun.reflect.NativeMethodAccessorImpl.invoke0(Native Method)\n        at\nsun.reflect.NativeMethodAccessorImpl.invoke(NativeMethodAccessorImpl.java:39)\n        at\nsun.reflect.DelegatingMethodAccessorImpl.invoke(DelegatingMethodAccessorImpl.java:25)\n        at java.lang.reflect.Method.invoke(Method.java:324)\n        at junit.framework.TestCase.runTest(TestCase.java:154)\n        at junit.framework.TestCase.runBare(TestCase.java:127)\n        at junit.framework.TestResult$1.protect(TestResult.java:106)\n        at junit.framework.TestResult.runProtected(TestResult.java:124)\n        at junit.framework.TestResult.run(TestResult.java:109)\n        at junit.framework.TestCase.run(TestCase.java:118)\n        at junit.framework.TestSuite.runTest(TestSuite.java:208)\n        at junit.framework.TestSuite.run(TestSuite.java:203)\n        at\norg.apache.tools.ant.taskdefs.optional.junit.JUnitTestRunner.run(JUnitTestRunner.java:325)\n        at\norg.apache.tools.ant.taskdefs.optional.junit.JUnitTask.executeInVM(JUnitTask.java:804)\n        at\norg.apache.tools.ant.taskdefs.optional.junit.JUnitTask.execute(JUnitTask.java:551)\n        at\norg.apache.tools.ant.taskdefs.optional.junit.JUnitTask.execute(JUnitTask.java:527)\n        at org.apache.tools.ant.Task.perform(Task.java:319)\n        at org.apache.tools.ant.Target.execute(Target.java:309)\n        at org.apache.tools.ant.Target.performTasks(Target.java:336)\n        at org.apache.tools.ant.Project.executeTarget(Project.java:1306)\n        at org.apache.tools.ant.Project.executeTargets(Project.java:1250)\n        at org.apache.tools.ant.Main.runBuild(Main.java:610)\n        at org.apache.tools.ant.Main.start(Main.java:196)\n        at org.apache.tools.ant.Main.main(Main.java:235)\n\n\n\nBUILD FAILED\nfile:/usr/local/jakarta-ant/build.xml:1248: Test\norg.apache.tools.ant.taskdefs.ExecuteWatchdogTest failed\n\nTotal time: 50 seconds"}, {"count": 1, "tags": [], "creator": "bodewig@apache.org", "is_private": false, "id": 29243, "attachment_id": null, "bug_id": 15998, "creation_time": "2003-01-13T13:12:21Z", "time": "2003-01-13T13:12:21Z", "text": "It looks as if the tests require java to be in the PATH.\n"}, {"count": 2, "tags": [], "bug_id": 15998, "attachment_id": null, "id": 30099, "time": "2003-01-27T14:01:41Z", "creator": "conor@apache.org", "creation_time": "2003-01-27T14:01:41Z", "is_private": false, "text": "Fixed - please test against the 1.5 CVS branch (or HEAD for 1.6)"}]