[{"count": 0, "tags": [], "creator": "bnsbr@tecnolink.com.br", "attachment_id": null, "id": 31424, "time": "2003-02-17T11:15:11Z", "bug_id": 17123, "creation_time": "2003-02-17T11:15:11Z", "is_private": false, "text": "When building ant 1.5.1 release in OS/390 its show an error:\n\n\"BUILD FAILED\"\n\"file:/u/b694079/ant/build.xml:655: Default manifest is invalid !!\"\n\nI checked the build.xml file and the line its refer, is the start of a jar task \nto build \"ant.jar\" file. I tried to send the manifest file to mainframe in \nASCII and in EBCDIC format to see if this is a problem with encoding, but got \nthe same error.\nI use IBM JDK 1.3.1 at OS/390."}, {"count": 1, "tags": [], "creator": "conor@apache.org", "attachment_id": null, "id": 31425, "time": "2003-02-17T11:42:47Z", "bug_id": 17123, "creation_time": "2003-02-17T11:42:47Z", "is_private": false, "text": "Could you try a build from CVS head? I have recently fixed a bug so that\nManifests are read with UTF-8 encoding. "}, {"text": "I don\u00b4t know how do this. Can I download the tar file with all the source ?", "tags": [], "bug_id": 17123, "attachment_id": null, "count": 2, "id": 31427, "time": "2003-02-17T12:03:38Z", "creator": "bnsbr@tecnolink.com.br", "creation_time": "2003-02-17T12:03:38Z", "is_private": false}, {"count": 3, "tags": [], "creator": "conor@apache.org", "attachment_id": null, "text": "Sure, get one from here\nhttp://cvs.apache.org/builds/jakarta-ant/nightly/2003-02-17/\n\nI think that should include the fix.\n", "id": 31428, "time": "2003-02-17T12:22:51Z", "bug_id": 17123, "creation_time": "2003-02-17T12:22:51Z", "is_private": false}, {"count": 4, "tags": [], "creator": "bnsbr@tecnolink.com.br", "attachment_id": null, "id": 31439, "time": "2003-02-17T14:00:06Z", "bug_id": 17123, "creation_time": "2003-02-17T14:00:06Z", "is_private": false, "text": "I downloaded the release and tryed to build.\nGot the same error:\nHere is the output:\n\nB694079:DESA/u/b694079/ant16>./build.sh install-lite\n... Bootstrapping Ant Distribution\n... Compiling Ant Classes\nNote: Some input files use or override a deprecated API.\nNote: Recompile with -deprecation for details.\n... Copying Required Files\n... Building Ant Distribution\nBuildfile: build.xml\n\nbootstrap:\n\nprepare:\n\ncheck_for_optional_packages:\n\nbuild:\nCreated dir: /u/b694079/ant16/build/lib\nCompiling 174 source files to /u/b694079/ant16/build/classes\nNote: Some input files use or override a deprecated API.\nNote: Recompile with -deprecation for details.\n\nCopying 1 file to /u/b694079/ant16/build/classes\nCopying 2 files to /u/b694079/ant16/build/classes\nCopying 2 files \nto /u/b694079/ant16/build/classes/org/apache/tools/ant/taskdefs/optional/junit/x\nsl\n\njars:\nCopying 4 files to /u/b694079/ant16/build\nCopying 1 file to /u/b694079/ant16/build\n\nBUILD FAILED\nfile:///u/b694079/ant16/build.xml:678: Default manifest is invalid !!\n\nTotal time: 43 seconds\n... Failed Building Ant Distribution !\nBootstrap FAILED"}, {"count": 5, "tags": [], "creator": "conor@apache.org", "attachment_id": null, "id": 31440, "time": "2003-02-17T14:11:47Z", "bug_id": 17123, "creation_time": "2003-02-17T14:11:47Z", "is_private": false, "text": "OK, Thanks for trying that. Can you run bootstrap with -debug flag to give me a\nstack trace for the failure. "}, {"count": 6, "tags": [], "bug_id": 17123, "attachment_id": null, "text": "Its output is too big! What you need ?", "id": 31441, "time": "2003-02-17T14:15:38Z", "creator": "bnsbr@tecnolink.com.br", "creation_time": "2003-02-17T14:15:38Z", "is_private": false}, {"count": 7, "tags": [], "creator": "bnsbr@tecnolink.com.br", "attachment_id": null, "id": 31442, "time": "2003-02-17T14:24:09Z", "bug_id": 17123, "creation_time": "2003-02-17T14:24:09Z", "is_private": false, "text": "The stack:\n   +Task: manifest\n\nBUILD FAILED\nfile:///u/b694079/ant16/build.xml:678: Default manifest is invalid !!\n        at org.apache.tools.ant.taskdefs.Manifest.getDefaultManifest\n(Manifest.java:743)\n        at org.apache.tools.ant.taskdefs.ManifestTask.execute\n(ManifestTask.java:167)\n        at org.apache.tools.ant.UnknownElement.execute(UnknownElement.java:227)\n        at org.apache.tools.ant.Task.perform(Task.java:388)\n        at org.apache.tools.ant.Target.execute(Target.java:309)\n        at org.apache.tools.ant.Target.performTasks(Target.java:336)\n        at org.apache.tools.ant.Project.executeTarget(Project.java:1386)\n        at org.apache.tools.ant.taskdefs.Ant.execute(Ant.java:413)\n        at org.apache.tools.ant.taskdefs.CallTarget.execute(CallTarget.java:144)\n        at org.apache.tools.ant.UnknownElement.execute(UnknownElement.java:227)\n        at org.apache.tools.ant.Task.perform(Task.java:388)\n        at org.apache.tools.ant.Target.execute(Target.java:309)\n        at org.apache.tools.ant.Target.performTasks(Target.java:336)\n        at org.apache.tools.ant.Project.executeTarget(Project.java:1386)\n        at org.apache.tools.ant.Project.executeTargets(Project.java:1260)\n        at org.apache.tools.ant.Main.runBuild(Main.java:612)\n        at org.apache.tools.ant.Main.start(Main.java:198)\n        at org.apache.tools.ant.Main.main(Main.java:245)\n--- Nested Exception ---\norg.apache.tools.ant.taskdefs.ManifestException: Manifest line \"`z@K\u00a7`z@@@K@\u00a7\u00a7\" \nis not valid as it d\n        at org.apache.tools.ant.taskdefs.Manifest$Attribute.parse\n(Manifest.java:215)\n        at org.apache.tools.ant.taskdefs.Manifest$Attribute.<init>\n(Manifest.java:152)\n        at org.apache.tools.ant.taskdefs.Manifest$Section.read\n(Manifest.java:437)\n        at org.apache.tools.ant.taskdefs.Manifest.<init>(Manifest.java:766)\n        at org.apache.tools.ant.taskdefs.Manifest.getDefaultManifest\n(Manifest.java:732)\n        at org.apache.tools.ant.taskdefs.ManifestTask.execute\n(ManifestTask.java:167)\n        at org.apache.tools.ant.UnknownElement.execute(UnknownElement.java:227)\n        at org.apache.tools.ant.Task.perform(Task.java:388)\n        at org.apache.tools.ant.Target.execute(Target.java:309)\n        at org.apache.tools.ant.Target.performTasks(Target.java:336)\n        at org.apache.tools.ant.Project.executeTarget(Project.java:1386)\n        at org.apache.tools.ant.taskdefs.Ant.execute(Ant.java:413)\n        at org.apache.tools.ant.taskdefs.CallTarget.execute(CallTarget.java:144)\n        at org.apache.tools.ant.UnknownElement.execute(UnknownElement.java:227)\n        at org.apache.tools.ant.Task.perform(Task.java:388)\n        at org.apache.tools.ant.Target.execute(Target.java:309)\n        at org.apache.tools.ant.Target.performTasks(Target.java:336)\n        at org.apache.tools.ant.Project.executeTarget(Project.java:1386)\n        at org.apache.tools.ant.Project.executeTargets(Project.java:1260)\n        at org.apache.tools.ant.Main.runBuild(Main.java:612)\n        at org.apache.tools.ant.Main.start(Main.java:198)\n        at org.apache.tools.ant.Main.main(Main.java:245)\n\nTotal time: 42 seconds\n... Failed Building Ant Distribution !"}, {"count": 8, "tags": [], "bug_id": 17123, "attachment_id": null, "text": "The stack trace at the end mainly.", "id": 31444, "time": "2003-02-17T14:28:24Z", "creator": "conor@apache.org", "creation_time": "2003-02-17T14:28:24Z", "is_private": false}, {"text": "OK, I think I know where the problem is. When the default manifest is copied in\nthe build it is being converted into the platform default encoding which is\npresumably EBCDIC. I'll need to adjust the build file for this. Actually a\nslight problem since copy does not support encoding information. Give me a few days.", "tags": [], "bug_id": 17123, "attachment_id": null, "count": 9, "id": 31446, "time": "2003-02-17T14:48:27Z", "creator": "conor@apache.org", "creation_time": "2003-02-17T14:48:27Z", "is_private": false}, {"count": 10, "tags": [], "bug_id": 17123, "attachment_id": null, "text": "Ok. This is the step where the build will create the \"ant.jar\" file, Ok ? Can I \njar it with the command line tool ? It will work ?", "id": 31448, "time": "2003-02-17T15:04:39Z", "creator": "bnsbr@tecnolink.com.br", "creation_time": "2003-02-17T15:04:39Z", "is_private": false}, {"count": 11, "tags": [], "creator": "bnsbr@tecnolink.com.br", "attachment_id": null, "text": "I think I solved the problem. I modified the Manifest task, the method \ngetDefaultManifest(), there you use a InputStream in ASCII mode to copy the \nmanifest file. I removed the \"ASCII\" param at the call for the constructor and \nit worked. Now the build process is Ok. But I got one error with the \"ant\" \nand \"antRun\" files at bootstrap/bin, I think they are created in ASCII and \nbecause of it they are invalid. I workout this sending to Mainframe the ant and \nantRun file generated at Windows. Sending they as text to Mainframe cause the \nconversion to EBCDIC. So, the only problem is the generated ant and antRun file.\nBetwen, I have read at specification of ant that when you dont inform the place \nthat ant dist should be installed the ant dist is generated in ANT_HOME dir, \nthat is on enviroment variable. But this didn't work.", "id": 31464, "time": "2003-02-17T17:46:01Z", "bug_id": 17123, "creation_time": "2003-02-17T17:46:01Z", "is_private": false}, {"count": 12, "tags": [], "creator": "bnsbr@tecnolink.com.br", "attachment_id": null, "text": "The problem with \"ant\" file:\n\n/ant16>./build.sh install-lite\n... Bootstrapping Ant Distribution\n... Compiling Ant Classes\nNote: Some input files use or override a deprecated API.\nNote: Recompile with -deprecation for details.\n... Copying Required Files\n... Building Ant Distribution\nBuildfile: build.xml\n\nbootstrap:\n\nprepare:\n\ncheck_for_optional_packages:\n\nbuild:\nCreated dir: /ant16/build/lib\nCompiling 174 source files to /ant16/build/classes\nNote: Some input files use or override a deprecated API.\nNote: Recompile with -deprecation for details.\n\nCopying 1 file to /ant16/build/classes\nCopying 2 files to /ant16/build/classes\nCopying 2 files \nto /ant16/build/classes/org/apache/tools/ant/taskdefs/optional/junit/xsl\n\njars:\nCopying 4 files to /ant16/build\nCopying 1 file to /ant16/build\nBuilding jar: /ant16/build/lib/ant.jar\nBuilding jar: /ant16/build/lib/optional.jar\nBuilding jar: /ant16/build/lib/ant-bootstrap.jar\nBuilding jar: /ant16/build/lib/nodeps.jar\nBuilding jar: /ant16/build/lib/ant-trax.jar\nBuilding jar: /ant16/build/lib/ant-xalan1.jar\nBuilding jar: /ant16/build/lib/ant-xalan2.jar\nBuilding jar: /ant16/build/lib/ant-xslp.jar\nBuilding jar: /ant16/build/lib/ant-apache-resolver.jar\nBuilding jar: /ant16/build/lib/ant-junit.jar\nBuilding jar: /ant16/build/lib/ant-jakarta-regexp.jar\nBuilding jar: /ant16/build/lib/ant-oro.jar\nBuilding jar: /ant16/build/lib/ant-bcel.jar\nBuilding jar: /ant16/build/lib/ant-log4j.jar\nBuilding jar: /ant16/build/lib/ant-commons-logging.jar\nBuilding jar: /ant16/build/lib/ant-apache-bsf.jar\nBuilding jar: /ant16/build/lib/ant-stylebook.jar\nBuilding jar: /ant16/build/lib/ant-javamail.jar\nBuilding jar: /ant16/build/lib/ant-icontract.jar\nBuilding jar: /ant16/build/lib/ant-netrexx.jar\nBuilding jar: /ant16/build/lib/ant-netcomp.jar\nBuilding jar: /ant16/build/lib/ant-starteam.jar\nBuilding jar: /ant16/build/lib/ant-vaj.jar\nBuilding jar: /ant16/build/lib/ant-antlr.jar\nBuilding jar: /ant16/build/lib/ant-jmf.jar\nBuilding jar: /ant16/build/lib/ant-jai.jar\nBuilding jar: /ant16/build/lib/ant-swing.jar\nBuilding jar: /ant16/build/lib/ant-jdepend.jar\nBuilding jar: /ant16/build/lib/ant-weblogic.jar\n\ndist-lite:\nCreated dir: /ant16/bootstrap\nCreated dir: /ant16/bootstrap/bin\nCreated dir: /ant16/bootstrap/lib\nCopying 28 files to /ant16/bootstrap/lib\nCopying 9 files to /ant16/bootstrap/bin\n\nBUILD SUCCESSFUL\nTotal time: 1 minute 22 seconds\n... Cleaning Up Build Directories\n... Done Bootstrapping Ant Distribution\n\u00e2\u00fc\u00c7&#9516;\u00d0: bootstrap/bin/ant 1: FSUM7351 not found\n\u00c4: bootstrap/bin/ant 2: FSUM7351 not found\nbootstrap/bin/ant 6: FSUM7332 syntax error: got Newline, expecting Word", "id": 31466, "time": "2003-02-17T17:53:54Z", "bug_id": 17123, "creation_time": "2003-02-17T17:53:54Z", "is_private": false}, {"count": 13, "tags": [], "bug_id": 17123, "attachment_id": null, "text": "I've updated the build to preserve the manifest's UTF-8 encoding. Could you try\nthat when the next nightly buld is available. (Please follow the links from\nant.apache.org since we have just moved the nightly builds - The link is\ncurrently disabled. It will be re-enabled when the next build is available ~24\nhours).\n\nIf that fixes the manifest problem from a fresh checkout, we can move onto the\nnext issue(s) you have. I'd suggest we close this bug then and open new ones for\nthe new issues since this bug is already quite large.", "id": 31507, "time": "2003-02-18T13:00:04Z", "creator": "conor@apache.org", "creation_time": "2003-02-18T13:00:04Z", "is_private": false}, {"count": 14, "tags": [], "bug_id": 17123, "attachment_id": null, "text": "With the new Manifest.java I got these errors:\n\nCopying /ant16/src/etc/manifest to /ant16/build/optional.manifest\n   +Task: manifest\n\nBUILD FAILED\nfile:///ant16/build.xml:678: Unable to read default manifest\n        at org.apache.tools.ant.taskdefs.Manifest.getDefaultManifest\n(Manifest.java:745)\n        at org.apache.tools.ant.taskdefs.ManifestTask.execute\n(ManifestTask.java:167)\n        at org.apache.tools.ant.UnknownElement.execute(UnknownElement.java:227)\n        at org.apache.tools.ant.Task.perform(Task.java:388)\n        at org.apache.tools.ant.Target.execute(Target.java:309)\n        at org.apache.tools.ant.Target.performTasks(Target.java:336)\n        at org.apache.tools.ant.Project.executeTarget(Project.java:1386)\n        at org.apache.tools.ant.taskdefs.Ant.execute(Ant.java:413)\n        at org.apache.tools.ant.taskdefs.CallTarget.execute(CallTarget.java:144)\n        at org.apache.tools.ant.UnknownElement.execute(UnknownElement.java:227)\n        at org.apache.tools.ant.Task.perform(Task.java:388)\n        at org.apache.tools.ant.Target.execute(Target.java:309)\n        at org.apache.tools.ant.Target.performTasks(Target.java:336)\n        at org.apache.tools.ant.Project.executeTarget(Project.java:1386)\n        at org.apache.tools.ant.Project.executeTargets(Project.java:1260)\n        at org.apache.tools.ant.Main.runBuild(Main.java:612)\n        at org.apache.tools.ant.Main.start(Main.java:198)\n        at org.apache.tools.ant.Main.main(Main.java:245)\n--- Nested Exception ---\nsun.io.MalformedInputException\n        at sun.io.ByteToCharUTF8.convert(ByteToCharUTF8.java:126)\n        at java.io.InputStreamReader.convertInto(InputStreamReader.java:152)\n        at java.io.InputStreamReader.fill(InputStreamReader.java:201)\n        at java.io.InputStreamReader.read(InputStreamReader.java:264)\n        at java.io.BufferedReader.fill(BufferedReader.java:155)\n        at java.io.BufferedReader.readLine(BufferedReader.java(Compiled Code))\n        at java.io.BufferedReader.readLine(BufferedReader.java:378)\n        at org.apache.tools.ant.taskdefs.Manifest$Section.read\n(Manifest.java:417)\n        at org.apache.tools.ant.taskdefs.Manifest.<init>(Manifest.java:766)\n        at org.apache.tools.ant.taskdefs.Manifest.getDefaultManifest\n(Manifest.java:732)\n        at org.apache.tools.ant.taskdefs.ManifestTask.execute\n(ManifestTask.java:167)\n        at org.apache.tools.ant.UnknownElement.execute(UnknownElement.java:227)\n        at org.apache.tools.ant.Task.perform(Task.java:388)\n        at org.apache.tools.ant.Target.execute(Target.java:309)\n        at org.apache.tools.ant.Target.performTasks(Target.java:336)\n        at org.apache.tools.ant.Project.executeTarget(Project.java:1386)\n        at org.apache.tools.ant.taskdefs.Ant.execute(Ant.java:413)\n        at org.apache.tools.ant.taskdefs.CallTarget.execute(CallTarget.java:144)\n        at org.apache.tools.ant.UnknownElement.execute(UnknownElement.java:227)\n        at org.apache.tools.ant.Task.perform(Task.java:388)\n        at org.apache.tools.ant.Target.execute(Target.java:309)\n        at org.apache.tools.ant.Target.performTasks(Target.java:336)\n        at org.apache.tools.ant.Project.executeTarget(Project.java:1386)\n        at org.apache.tools.ant.Project.executeTargets(Project.java:1260)\n        at org.apache.tools.ant.Main.runBuild(Main.java:612)\n        at org.apache.tools.ant.Main.start(Main.java:198)\n        at org.apache.tools.ant.Main.main(Main.java:245)\n\nTotal time: 53 seconds\n... Failed Building Ant Distribution !", "id": 31597, "time": "2003-02-19T14:18:41Z", "creator": "bnsbr@tecnolink.com.br", "creation_time": "2003-02-19T14:18:41Z", "is_private": false}, {"count": 15, "tags": [], "bug_id": 17123, "text": "Have you done a clean? Just need to make sure we have a UTF-8 version of the\ndefault manifest.", "id": 31599, "time": "2003-02-19T14:28:49Z", "creator": "conor@apache.org", "creation_time": "2003-02-19T14:28:49Z", "is_private": false, "attachment_id": null}, {"count": 16, "tags": [], "creator": "bnsbr@tecnolink.com.br", "attachment_id": null, "id": 31605, "time": "2003-02-19T14:47:19Z", "bug_id": 17123, "creation_time": "2003-02-19T14:47:19Z", "is_private": false, "text": "How can I make sure about it ? What is the default manifest file ? Is the file \nat /src/etc ? or at /src/main/org/apache/tools/ant ?\nI send to the mainframe as binary or as text ?"}, {"count": 17, "tags": [], "bug_id": 17123, "attachment_id": null, "text": "To clean, delete the bootstrap and build directories and start build again. The\ndefault manifest is in /src/main/org/apache/tools/ant. It should be a UTF-8 file\n(plain ASCII is fine here)", "id": 31609, "time": "2003-02-19T14:58:09Z", "creator": "conor@apache.org", "creation_time": "2003-02-19T14:58:09Z", "is_private": false}, {"count": 18, "tags": [], "creator": "bnsbr@tecnolink.com.br", "text": "The bootstrap dir isn\u00b4t created, I removed the build dir.\nTo maintain the defaultManifest.mf as ASCII I sent it in binary mode. The \nproblem is not the same: (cant read, its now :\"Default manifest is invalid !!\"\nBUILD FAILED\nfile:///u/b694079/ant16/build.xml:678: Default manifest is invalid !!\n        at org.apache.tools.ant.taskdefs.Manifest.getDefaultManifest\n(Manifest.java:743)\n        at org.apache.tools.ant.taskdefs.ManifestTask.execute\n(ManifestTask.java:167)\n        at org.apache.tools.ant.UnknownElement.execute(UnknownElement.java:227)\n        at org.apache.tools.ant.Task.perform(Task.java:388)\n        at org.apache.tools.ant.Target.execute(Target.java:309)\n        at org.apache.tools.ant.Target.performTasks(Target.java:336)\n        at org.apache.tools.ant.Project.executeTarget(Project.java:1386)\n        at org.apache.tools.ant.taskdefs.Ant.execute(Ant.java:413)\n        at org.apache.tools.ant.taskdefs.CallTarget.execute(CallTarget.java:144)\n        at org.apache.tools.ant.UnknownElement.execute(UnknownElement.java:227)\n        at org.apache.tools.ant.Task.perform(Task.java:388)\n        at org.apache.tools.ant.Target.execute(Target.java:309)\n        at org.apache.tools.ant.Target.performTasks(Target.java:336)\n        at org.apache.tools.ant.Project.executeTarget(Project.java:1386)\n        at org.apache.tools.ant.Project.executeTargets(Project.java:1260)\n        at org.apache.tools.ant.Main.runBuild(Main.java:612)\n        at org.apache.tools.ant.Main.start(Main.java:198)\n        at org.apache.tools.ant.Main.main(Main.java:245)\n--- Nested Exception ---\norg.apache.tools.ant.taskdefs.ManifestException: Manifest line \"\u00a7\" is not valid \nas it does not contain a name and a value\n separated by ': '\n        at org.apache.tools.ant.taskdefs.Manifest$Attribute.parse\n(Manifest.java:215)\n        at org.apache.tools.ant.taskdefs.Manifest$Attribute.<init>\n(Manifest.java:152)\n        at org.apache.tools.ant.taskdefs.Manifest$Section.read\n(Manifest.java:437)\n        at org.apache.tools.ant.taskdefs.Manifest.<init>(Manifest.java:766)\n        at org.apache.tools.ant.taskdefs.Manifest.getDefaultManifest\n(Manifest.java:732)\n        at org.apache.tools.ant.taskdefs.ManifestTask.execute\n(ManifestTask.java:167)\n        at org.apache.tools.ant.UnknownElement.execute(UnknownElement.java:227)\n        at org.apache.tools.ant.Task.perform(Task.java:388)\n        at org.apache.tools.ant.Target.execute(Target.java:309)\n        at org.apache.tools.ant.Target.performTasks(Target.java:336)\n        at org.apache.tools.ant.Project.executeTarget(Project.java:1386)\n        at org.apache.tools.ant.taskdefs.Ant.execute(Ant.java:413)\n        at org.apache.tools.ant.taskdefs.CallTarget.execute(CallTarget.java:144)\n        at org.apache.tools.ant.UnknownElement.execute(UnknownElement.java:227)\n        at org.apache.tools.ant.Task.perform(Task.java:388)\n        at org.apache.tools.ant.Target.execute(Target.java:309)\n        at org.apache.tools.ant.Target.performTasks(Target.java:336)\n        at org.apache.tools.ant.Project.executeTarget(Project.java:1386)\n        at org.apache.tools.ant.Project.executeTargets(Project.java:1260)\n        at org.apache.tools.ant.Main.runBuild(Main.java:612)\n        at org.apache.tools.ant.Main.start(Main.java:198)\n        at org.apache.tools.ant.Main.main(Main.java:245)\n\nTotal time: 43 seconds\n... Failed Building Ant Distribution !", "id": 31611, "time": "2003-02-19T15:11:52Z", "bug_id": 17123, "creation_time": "2003-02-19T15:11:52Z", "is_private": false, "attachment_id": null}, {"count": 19, "tags": [], "bug_id": 17123, "text": "Conor, do you still trying to solve this ?", "id": 32109, "time": "2003-02-27T18:56:21Z", "creator": "bnsbr@tecnolink.com.br", "creation_time": "2003-02-27T18:56:21Z", "is_private": false, "attachment_id": null}, {"count": 20, "tags": [], "bug_id": 17123, "text": "Bruno, could you attach suggested patches to solve the problem, because I do not \nhave access to a OS/390 machine to try to solve the problem myself.\nAntoine", "id": 39160, "time": "2003-06-20T12:12:32Z", "creator": "levylambert@tiscali-dsl.de", "creation_time": "2003-06-20T12:12:32Z", "is_private": false, "attachment_id": null}, {"count": 21, "tags": [], "bug_id": 17123, "attachment_id": null, "text": "I'm closing this. Please reopen if we can get more info or a 390 to play with.", "id": 90654, "time": "2006-06-27T18:14:10Z", "creator": "conor@apache.org", "creation_time": "2006-06-27T18:14:10Z", "is_private": false}]