[{"count": 0, "attachment_id": null, "creator": "agoodno@yahoo.com", "is_private": false, "id": 31947, "time": "2003-02-25T22:22:24Z", "bug_id": 17402, "creation_time": "2003-02-25T22:22:24Z", "tags": [], "text": "*FixCrLfTest*\n\n\n    [junit] Testsuite: org.apache.tools.ant.taskdefs.FixCrLfTest\n    [junit] Tests run: 3, Failures: 1, Errors: 0, Time elapsed: 0.11 sec\n\n    [junit] Testcase: test3(org.apache.tools.ant.taskdefs.FixCrLfTest): FAILED\n    [junit] expected:<13> but was:<10>\n    [junit] junit.framework.AssertionFailedError: expected:<13> but was:<10>\n    [junit]     at junit.framework.Assert.fail(Assert.java:47)\n    [junit]     at junit.framework.Assert.failNotEquals(Assert.java:282)\n    [junit]     at junit.framework.Assert.assertEquals(Assert.java:64)\n    [junit]     at junit.framework.Assert.assertEquals(Assert.java:201)\n    [junit]     at junit.framework.Assert.assertEquals(Assert.java:207)\n    [junit]     at\norg.apache.tools.ant.taskdefs.FixCrLfTest.assertEqualContent(FixCrLfTest.java:201)\n    [junit]     at\norg.apache.tools.ant.taskdefs.FixCrLfTest.test3(FixCrLfTest.java:96)\n    [junit]     at sun.reflect.NativeMethodAccessorImpl.invoke0(Native Method)\n    [junit]     at\nsun.reflect.NativeMethodAccessorImpl.invoke(NativeMethodAccessorImpl.java:39)\n    [junit]     at\nsun.reflect.DelegatingMethodAccessorImpl.invoke(DelegatingMethodAccessorImpl.java:25)\n    [junit]     at java.lang.reflect.Method.invoke(Method.java:324)\n    [junit]     at junit.framework.TestCase.runTest(TestCase.java:154)\n    [junit]     at junit.framework.TestCase.runBare(TestCase.java:127)\n    [junit]     at junit.framework.TestResult$1.protect(TestResult.java:106)\n    [junit]     at junit.framework.TestResult.runProtected(TestResult.java:124)\n    [junit]     at junit.framework.TestResult.run(TestResult.java:109)\n    [junit]     at junit.framework.TestCase.run(TestCase.java:118)\n    [junit]     at junit.framework.TestSuite.runTest(TestSuite.java:208)\n    [junit]     at junit.framework.TestSuite.run(TestSuite.java:203)\n    [junit]     at\norg.apache.tools.ant.taskdefs.optional.junit.JUnitTestRunner.run(JUnitTestRunner.java:325)\n    [junit]     at\norg.apache.tools.ant.taskdefs.optional.junit.JUnitTask.executeInVM(JUnitTask.java:804)\n    [junit]     at\norg.apache.tools.ant.taskdefs.optional.junit.JUnitTask.execute(JUnitTask.java:551)\n    [junit]     at\norg.apache.tools.ant.taskdefs.optional.junit.JUnitTask.execute(JUnitTask.java:527)\n    [junit]     at org.apache.tools.ant.Task.perform(Task.java:319)\n    [junit]     at org.apache.tools.ant.Target.execute(Target.java:309)\n    [junit]     at org.apache.tools.ant.Target.performTasks(Target.java:336)\n    [junit]     at org.apache.tools.ant.Project.executeTarget(Project.java:1306)\n    [junit]     at org.apache.tools.ant.Project.executeTargets(Project.java:1250)\n    [junit]     at org.apache.tools.ant.Main.runBuild(Main.java:610)\n    [junit]     at org.apache.tools.ant.Main.start(Main.java:196)\n    [junit]     at org.apache.tools.ant.Main.main(Main.java:235)\n\n\n\nBUILD FAILED\nfile:D:/Dev/Tools/jakarta-ant-1.5.1/build.xml:1248: Test\norg.apache.tools.ant.taskdefs.FixCrLfTest failed\n\n\n\n\n*CommandlineJavaTest*\n\n\n    [junit] Testsuite: org.apache.tools.ant.types.CommandlineJavaTest\n    [junit] Tests run: 1, Failures: 1, Errors: 0, Time elapsed: 0.015 sec\n\n    [junit] Testcase:\ntestGetCommandline(org.apache.tools.ant.types.CommandlineJavaTest):       FAILED\n    [junit] junit.jar contained\n    [junit] junit.framework.AssertionFailedError: junit.jar contained\n    [junit]     at junit.framework.Assert.fail(Assert.java:47)\n    [junit]     at junit.framework.Assert.assertTrue(Assert.java:20)\n    [junit]     at\norg.apache.tools.ant.types.CommandlineJavaTest.testGetCommandline(CommandlineJavaTest.java:115)\n    [junit]     at sun.reflect.NativeMethodAccessorImpl.invoke0(Native Method)\n    [junit]     at\nsun.reflect.NativeMethodAccessorImpl.invoke(NativeMethodAccessorImpl.java:39)\n    [junit]     at\nsun.reflect.DelegatingMethodAccessorImpl.invoke(DelegatingMethodAccessorImpl.java:25)\n    [junit]     at java.lang.reflect.Method.invoke(Method.java:324)\n    [junit]     at junit.framework.TestCase.runTest(TestCase.java:154)\n    [junit]     at junit.framework.TestCase.runBare(TestCase.java:127)\n    [junit]     at junit.framework.TestResult$1.protect(TestResult.java:106)\n    [junit]     at junit.framework.TestResult.runProtected(TestResult.java:124)\n    [junit]     at junit.framework.TestResult.run(TestResult.java:109)\n    [junit]     at junit.framework.TestCase.run(TestCase.java:118)\n    [junit]     at junit.framework.TestSuite.runTest(TestSuite.java:208)\n    [junit]     at junit.framework.TestSuite.run(TestSuite.java:203)\n    [junit]     at\norg.apache.tools.ant.taskdefs.optional.junit.JUnitTestRunner.run(JUnitTestRunner.java:325)\n    [junit]     at\norg.apache.tools.ant.taskdefs.optional.junit.JUnitTask.executeInVM(JUnitTask.java:804)\n    [junit]     at\norg.apache.tools.ant.taskdefs.optional.junit.JUnitTask.execute(JUnitTask.java:551)\n    [junit]     at\norg.apache.tools.ant.taskdefs.optional.junit.JUnitTask.execute(JUnitTask.java:527)\n    [junit]     at org.apache.tools.ant.Task.perform(Task.java:319)\n    [junit]     at org.apache.tools.ant.Target.execute(Target.java:309)\n    [junit]     at org.apache.tools.ant.Target.performTasks(Target.java:336)\n    [junit]     at org.apache.tools.ant.Project.executeTarget(Project.java:1306)\n    [junit]     at org.apache.tools.ant.Project.executeTargets(Project.java:1250)\n    [junit]     at org.apache.tools.ant.Main.runBuild(Main.java:610)\n    [junit]     at org.apache.tools.ant.Main.start(Main.java:196)\n    [junit]     at org.apache.tools.ant.Main.main(Main.java:235)\n\n\n\nBUILD FAILED\nfile:D:/Dev/Tools/jakarta-ant-1.5.1/build.xml:1248: Test\norg.apache.tools.ant.types.CommandlineJavaTest failed"}, {"count": 1, "tags": [], "creator": "bodewig@apache.org", "attachment_id": null, "text": "I think it depends on your OS and which OS the source distribution has been created\non.  The tests are known to work both on Unix and Windows when using CVS directly.\n\nI'm not sure what we want to do here (exclude some files from the fixcrlf in the\nsrc-dist, probably.", "id": 31978, "time": "2003-02-26T11:07:35Z", "bug_id": 17402, "creation_time": "2003-02-26T11:07:35Z", "is_private": false}, {"count": 2, "tags": [], "bug_id": 17402, "is_private": false, "text": "The fixcrlf test should work in 1.5.2 now.\n\nThe CommandLineJavaTest is trickier as we have junit.jar in CVS but don't\ndistribute it as part of the source release.  We'll better try a different test\nhere.", "id": 31992, "time": "2003-02-26T11:40:41Z", "creator": "bodewig@apache.org", "creation_time": "2003-02-26T11:40:41Z", "attachment_id": null}, {"count": 3, "tags": [], "creator": "bodewig@apache.org", "attachment_id": null, "text": "All tests should pass in the source distribution of 1.6beta2 now.", "id": 45636, "time": "2003-10-14T15:00:10Z", "bug_id": 17402, "creation_time": "2003-10-14T15:00:10Z", "is_private": false}]