[{"count": 0, "attachment_id": null, "bug_id": 22708, "is_private": false, "id": 43262, "time": "2003-08-25T18:58:12Z", "creator": "Omnis@EssexSystems.com", "creation_time": "2003-08-25T18:58:12Z", "tags": [], "text": "The follwing configuration: \n\n\"./configure\" \\\n\"--enable-layout=Solaris9-LOU\" \\\n\"--enable-mods-shared=all\" \\\n\"--enable-ssl=shared\" \\\n\"--enable-auth-digest\" \\\n\"--enable-example\" \\\n\"--enable-cern-meta\" \\\n\"--enable-expires\" \\\n\"--enable-headers\" \\\n\"--enable-ldap\" \\\n\"--with-ldap-dir=/usr/iplanet\" \\\n\"--enable-auth-ldap\" \\\n\"--enable-usertrack\" \\\n\"--enable-unique-id\" \\\n\"--with-perl=/usr/perl5/bin/perl\" \\\n\"--enable-optional-hook-export\" \\\n\"--enable-optional-hook-importer\" \\\n\"--enable-optional-fn-import\" \\\n\"--enable-optional-fn-export\" \\\n\"--enable-dav\" \\\n\"--enable-dav-fs\" \\\n\"--with-mpm=prefork\" \\\n\"--enable-rule=EAPI\" \\\n\"--enable-suexec\" \\\n\n- CONFIGURES withour error.  However, the 'make' command returns:\n\n(...)\nmake[3]: Entering directory\n`/usr/c1t0d2/DOWNLOADS/solaris/httpd-2.0.47/modules/aaa'\nBuilding shared: mod_access.la mod_auth.la mod_auth_anon.la mod_auth_dbm.la\nmod_auth_digest.la\nmake[4]: Entering directory\n`/usr/c1t0d2/DOWNLOADS/solaris/httpd-2.0.47/modules/aaa'\n/bin/bash /usr/c1t0d2/DOWNLOADS/solaris/httpd-2.0.47/srclib/apr/libtool --silent\n--mode=compile gcc  -g -O2 -pthreads    -DSOLARIS2=9 -D_POSIX_PTHREAD_SEMANTICS\n-D_REENTRANT -DAP_HAVE_DESIGNATED_INITIALIZER  \n-I/usr/c1t0d2/DOWNLOADS/solaris/httpd-2.0.47/srclib/apr/include\n-I/usr/c1t0d2/DOWNLOADS/solaris/httpd-2.0.47/srclib/apr-util/include\n-I/usr/local/include -I. -I/usr/c1t0d2/DOWNLOADS/solaris/httpd-2.0.47/os/unix\n-I/usr/c1t0d2/DOWNLOADS/solaris/httpd-2.0.47/server/mpm/prefork\n-I/usr/c1t0d2/DOWNLOADS/solaris/httpd-2.0.47/modules/http\n-I/usr/c1t0d2/DOWNLOADS/solaris/httpd-2.0.47/modules/filters\n-I/usr/c1t0d2/DOWNLOADS/solaris/httpd-2.0.47/modules/proxy\n-I/usr/c1t0d2/DOWNLOADS/solaris/httpd-2.0.47/include\n-I/usr/local/ssl/include/openssl -I/usr/local/ssl/include\n-I/usr/c1t0d2/DOWNLOADS/solaris/httpd-2.0.47/modules/dav/main -prefer-pic -c\nmod_access.c && touch mod_access.slo\n/bin/bash /usr/c1t0d2/DOWNLOADS/solaris/httpd-2.0.47/srclib/apr/libtool --silent\n--mode=link gcc  -g -O2 -pthreads    -DSOLARIS2=9 -D_POSIX_PTHREAD_SEMANTICS\n-D_REENTRANT -DAP_HAVE_DESIGNATED_INITIALIZER  \n-I/usr/c1t0d2/DOWNLOADS/solaris/httpd-2.0.47/srclib/apr/include\n-I/usr/c1t0d2/DOWNLOADS/solaris/httpd-2.0.47/srclib/apr-util/include\n-I/usr/local/include -I. -I/usr/c1t0d2/DOWNLOADS/solaris/httpd-2.0.47/os/unix\n-I/usr/c1t0d2/DOWNLOADS/solaris/httpd-2.0.47/server/mpm/prefork\n-I/usr/c1t0d2/DOWNLOADS/solaris/httpd-2.0.47/modules/http\n-I/usr/c1t0d2/DOWNLOADS/solaris/httpd-2.0.47/modules/filters\n-I/usr/c1t0d2/DOWNLOADS/solaris/httpd-2.0.47/modules/proxy\n-I/usr/c1t0d2/DOWNLOADS/solaris/httpd-2.0.47/include\n-I/usr/local/ssl/include/openssl -I/usr/local/ssl/include\n-I/usr/c1t0d2/DOWNLOADS/solaris/httpd-2.0.47/modules/dav/main -export-dynamic\n-L/usr/local/lib -L/usr/local/ssl/lib -R/usr/local/ssl/lib      -o mod_access.la\n-rpath /usr/apache2/libexec -module -avoid-version  mod_access.lo\ninternal error: error_message(58)\nmake[4]: *** [mod_access.la] Error 100\nmake[4]: Leaving directory\n`/usr/c1t0d2/DOWNLOADS/solaris/httpd-2.0.47/modules/aaa'\nmake[3]: *** [shared-build-recursive] Error 1\nmake[3]: Leaving directory\n`/usr/c1t0d2/DOWNLOADS/solaris/httpd-2.0.47/modules/aaa'\nmake[2]: *** [shared-build-recursive] Error 1\nmake[2]: Leaving directory `/usr/c1t0d2/DOWNLOADS/solaris/httpd-2.0.47/modules'\nmake[1]: *** [shared-build-recursive] Error 1\nmake[1]: Leaving directory `/usr/c1t0d2/DOWNLOADS/solaris/httpd-2.0.47'\nmake: *** [all-recursive] Error 1"}, {"count": 1, "tags": [], "bug_id": 22708, "attachment_id": null, "id": 43269, "time": "2003-08-25T20:20:36Z", "creator": "trawick@apache.org", "creation_time": "2003-08-25T20:20:36Z", "is_private": false, "text": "That message isn't from Apache, it is from libtool or gcc or ld\nor ar or something else called by \"libtool --mode=link gcc\"\n\nYou can likely see which command failed by running\n\n  make LTFLAGS=' ' \n\nThis will cause libtool to print a message for each of the commands\nit issues under the covers.\n\nWe aren't going to be able to solve the problem since it is from one \nof the build tools on your system.\n\nGood luck!\n"}]