[{"count": 0, "tags": [], "text": "junitreport stopped working when I upgraded from Ant version 1.6.1 to 1.6.2.\n(I have junit.jar on my CLASSPATH).\n\nHere is the target code I am using:\n\t<target name=\"runtests\"  description=\"-> runs unit tests\">\n\t\t<!-- depends=\"classes, buildtests\" -->\n\t\t<junit fork=\"true\" printsummary=\"yes\" haltonerror=\"on\">\n\t\t\t<!-- Enable assertions - required by certain tests. -->\n\t\t\t<jvmarg value=\"-ea\"/>\n\t\t\t<classpath>\n\t\t\t\t<pathelement path=\"${build}\"/>\n\t\t\t\t<pathelement path=\"${build.tests}\"/>\n\t\t\t</classpath>\n\t\t\t<formatter type=\"xml\"/>\n\t\t\t<!-- fork=true is required to enable assertions in the \ntests' JVM. -->\n\t\t\t<batchtest todir=\"${build.tests}\" fork=\"true\">\n\t\t\t\t<fileset dir=\"${src.tests}\">\n\t\t\t\t\t<include name=\"**/*Test*.java\"/>\n\t\t\t\t</fileset>\n\t\t\t</batchtest>\n\t\t</junit>\n\t\t\n\t\t<!--  junitreport stopped working with ant-1.6.2 for some \nstrange reason. -->\n\t\t<junitreport todir=\"${build.tests}\">\n\t\t\t<fileset dir=\"${build.tests}\">\n\t\t\t\t<include name=\"TEST-*.xml\"/>\n\t\t\t</fileset>\n\t\t\t<report format=\"frames\" todir=\"${build.tests}\"/>\n\t\t</junitreport>\n\t   <!-- -->\n\t</target>\n\nwhen I run ant I get the following output:\nC:\\ProgramAnalysis\\tvla>ant -v runtests\nApache Ant version 1.6.2 compiled on July 16 2004\nBuildfile: build.xml\nDetected Java version: 1.4 in: C:\\j2sdk1.4.1_03\\jre\nDetected OS: Windows XP\nparsing buildfile C:\\ProgramAnalysis\\tvla\\build.xml with URI = \nfile:///C:/ProgramAnalysis/tvla/build\n.xml\nProject base dir set to: C:\\ProgramAnalysis\\tvla\n [property] Loading Environment env.\nBuild sequence for target `runtests' is [runtests]\nComplete build sequence is [runtests, clean, init, classes, jar, buildtests, \nbuild-everything, tvm,\nformula, build, rebuild, tvs, tvp, buc, parsers, jcsc, javadocs, dist, ]\n\nruntests:\n    [junit] Implicitly adding \nC:\\ProgramAnalysis\\tvla\\lib\\junit.jar;C:\\Tools\\apache-ant-1.6.2\\lib\\an\nt-launcher.jar;C:\\Tools\\apache-ant-1.6.2\\lib\\ant.jar;C:\\Tools\\apache-ant-1.6.2\n\\lib\\ant-junit.jar to\nCLASSPATH\n    [junit] Running tvla.RunnerTest\n    [junit] Executing 'C:\\j2sdk1.4.1_03\\jre\\bin\\java.exe' with arguments:\n    [junit] '-ea'\n    [junit] '-classpath'\n    \n[junit] 'C:\\ProgramAnalysis\\tvla\\build;C:\\ProgramAnalysis\\tvla\\build\\tests;C:\\Pr\nogramAnalysis\\tv\nla;C:\\Tools\\soot-2.1.0\\classes;C:\\Tools\\jasmin-sable-1.2\n\\classes;C:\\ProgramAnalysis\\tvla\\lib\\junit.j\nar;C:\\Tools\\apache-ant-1.6.2\\lib\\ant-launcher.jar;C:\\Tools\\apache-ant-1.6.2\n\\lib\\ant.jar;C:\\Tools\\apa\nche-ant-1.6.2\\lib\\ant-junit.jar'\n    [junit] 'org.apache.tools.ant.taskdefs.optional.junit.JUnitTestRunner'\n    [junit] 'tvla.RunnerTest'\n    [junit] 'filtertrace=true'\n    [junit] 'haltOnError=true'\n    [junit] 'haltOnFailure=false'\n    \n[junit] 'formatter=org.apache.tools.ant.taskdefs.optional.junit.SummaryJUnitResu\nltFormatter'\n    [junit] 'showoutput=false'\n    \n[junit] 'formatter=org.apache.tools.ant.taskdefs.optional.junit.XMLJUnitResultFo\nrmatter,C:\\Progr\namAnalysis\\tvla\\build\\tests\\TEST-tvla.RunnerTest.xml'\n    [junit] 'propsfile=C:\\ProgramAnalysis\\tvla\\junit1090597304.properties'\n    [junit]\n    [junit] The ' characters around the executable and arguments are\n    [junit] not part of the command.\n    [junit] Tests run: 1, Failures: 0, Errors: 0, Time elapsed: 0.27 sec\n    [junit] Implicitly adding \nC:\\ProgramAnalysis\\tvla\\lib\\junit.jar;C:\\Tools\\apache-ant-1.6.2\\lib\\an\nt-launcher.jar;C:\\Tools\\apache-ant-1.6.2\\lib\\ant.jar;C:\\Tools\\apache-ant-1.6.2\n\\lib\\ant-junit.jar to\nCLASSPATH\n    [junit] Running tvla.core.TVSTest\n    [junit] Executing 'C:\\j2sdk1.4.1_03\\jre\\bin\\java.exe' with arguments:\n    [junit] '-ea'\n    [junit] '-classpath'\n    \n[junit] 'C:\\ProgramAnalysis\\tvla\\build;C:\\ProgramAnalysis\\tvla\\build\\tests;C:\\Pr\nogramAnalysis\\tv\nla;C:\\Tools\\soot-2.1.0\\classes;C:\\Tools\\jasmin-sable-1.2\n\\classes;C:\\ProgramAnalysis\\tvla\\lib\\junit.j\nar;C:\\Tools\\apache-ant-1.6.2\\lib\\ant-launcher.jar;C:\\Tools\\apache-ant-1.6.2\n\\lib\\ant.jar;C:\\Tools\\apa\nche-ant-1.6.2\\lib\\ant-junit.jar'\n    [junit] 'org.apache.tools.ant.taskdefs.optional.junit.JUnitTestRunner'\n    [junit] 'tvla.core.TVSTest'\n    [junit] 'filtertrace=true'\n    [junit] 'haltOnError=true'\n    [junit] 'haltOnFailure=false'\n    \n[junit] 'formatter=org.apache.tools.ant.taskdefs.optional.junit.SummaryJUnitResu\nltFormatter'\n    [junit] 'showoutput=false'\n    \n[junit] 'formatter=org.apache.tools.ant.taskdefs.optional.junit.XMLJUnitResultFo\nrmatter,C:\\Progr\namAnalysis\\tvla\\build\\tests\\TEST-tvla.core.TVSTest.xml'\n    [junit] 'propsfile=C:\\ProgramAnalysis\\tvla\\junit474192160.properties'\n    [junit]\n    [junit] The ' characters around the executable and arguments are\n    [junit] not part of the command.\n    [junit] Tests run: 4, Failures: 0, Errors: 0, Time elapsed: 0.41 sec\n    [junit] Implicitly adding \nC:\\ProgramAnalysis\\tvla\\lib\\junit.jar;C:\\Tools\\apache-ant-1.6.2\\lib\\an\nt-launcher.jar;C:\\Tools\\apache-ant-1.6.2\\lib\\ant.jar;C:\\Tools\\apache-ant-1.6.2\n\\lib\\ant-junit.jar to\nCLASSPATH\n    [junit] Running tvla.core.assignments.AssignTest\n    [junit] Executing 'C:\\j2sdk1.4.1_03\\jre\\bin\\java.exe' with arguments:\n    [junit] '-ea'\n    [junit] '-classpath'\n    \n[junit] 'C:\\ProgramAnalysis\\tvla\\build;C:\\ProgramAnalysis\\tvla\\build\\tests;C:\\Pr\nogramAnalysis\\tv\nla;C:\\Tools\\soot-2.1.0\\classes;C:\\Tools\\jasmin-sable-1.2\n\\classes;C:\\ProgramAnalysis\\tvla\\lib\\junit.j\nar;C:\\Tools\\apache-ant-1.6.2\\lib\\ant-launcher.jar;C:\\Tools\\apache-ant-1.6.2\n\\lib\\ant.jar;C:\\Tools\\apa\nche-ant-1.6.2\\lib\\ant-junit.jar'\n    [junit] 'org.apache.tools.ant.taskdefs.optional.junit.JUnitTestRunner'\n    [junit] 'tvla.core.assignments.AssignTest'\n    [junit] 'filtertrace=true'\n    [junit] 'haltOnError=true'\n    [junit] 'haltOnFailure=false'\n    \n[junit] 'formatter=org.apache.tools.ant.taskdefs.optional.junit.SummaryJUnitResu\nltFormatter'\n    [junit] 'showoutput=false'\n    \n[junit] 'formatter=org.apache.tools.ant.taskdefs.optional.junit.XMLJUnitResultFo\nrmatter,C:\\Progr\namAnalysis\\tvla\\build\\tests\\TEST-tvla.core.assignments.AssignTest.xml'\n    [junit] 'propsfile=C:\\ProgramAnalysis\\tvla\\junit1842613188.properties'\n    [junit]\n    [junit] The ' characters around the executable and arguments are\n    [junit] not part of the command.\n    [junit] Tests run: 7, Failures: 0, Errors: 0, Time elapsed: 0.411 sec\n    [junit] Implicitly adding \nC:\\ProgramAnalysis\\tvla\\lib\\junit.jar;C:\\Tools\\apache-ant-1.6.2\\lib\\an\nt-launcher.jar;C:\\Tools\\apache-ant-1.6.2\\lib\\ant.jar;C:\\Tools\\apache-ant-1.6.2\n\\lib\\ant-junit.jar to\nCLASSPATH\n    [junit] Running tvla.core.base.BaseTVSTest\n    [junit] Executing 'C:\\j2sdk1.4.1_03\\jre\\bin\\java.exe' with arguments:\n    [junit] '-ea'\n    [junit] '-classpath'\n    \n[junit] 'C:\\ProgramAnalysis\\tvla\\build;C:\\ProgramAnalysis\\tvla\\build\\tests;C:\\Pr\nogramAnalysis\\tv\nla;C:\\Tools\\soot-2.1.0\\classes;C:\\Tools\\jasmin-sable-1.2\n\\classes;C:\\ProgramAnalysis\\tvla\\lib\\junit.j\nar;C:\\Tools\\apache-ant-1.6.2\\lib\\ant-launcher.jar;C:\\Tools\\apache-ant-1.6.2\n\\lib\\ant.jar;C:\\Tools\\apa\nche-ant-1.6.2\\lib\\ant-junit.jar'\n    [junit] 'org.apache.tools.ant.taskdefs.optional.junit.JUnitTestRunner'\n    [junit] 'tvla.core.base.BaseTVSTest'\n    [junit] 'filtertrace=true'\n    [junit] 'haltOnError=true'\n    [junit] 'haltOnFailure=false'\n    \n[junit] 'formatter=org.apache.tools.ant.taskdefs.optional.junit.SummaryJUnitResu\nltFormatter'\n    [junit] 'showoutput=false'\n    \n[junit] 'formatter=org.apache.tools.ant.taskdefs.optional.junit.XMLJUnitResultFo\nrmatter,C:\\Progr\namAnalysis\\tvla\\build\\tests\\TEST-tvla.core.base.BaseTVSTest.xml'\n    [junit] 'propsfile=C:\\ProgramAnalysis\\tvla\\junit220762388.properties'\n    [junit]\n    [junit] The ' characters around the executable and arguments are\n    [junit] not part of the command.\n    [junit] Tests run: 5, Failures: 0, Errors: 0, Time elapsed: 0.44 sec\n    [junit] Implicitly adding \nC:\\ProgramAnalysis\\tvla\\lib\\junit.jar;C:\\Tools\\apache-ant-1.6.2\\lib\\an\nt-launcher.jar;C:\\Tools\\apache-ant-1.6.2\\lib\\ant.jar;C:\\Tools\\apache-ant-1.6.2\n\\lib\\ant-junit.jar to\nCLASSPATH\n    [junit] Running tvla.core.functional.NodePredTVSTest\n    [junit] Executing 'C:\\j2sdk1.4.1_03\\jre\\bin\\java.exe' with arguments:\n    [junit] '-ea'\n    [junit] '-classpath'\n    \n[junit] 'C:\\ProgramAnalysis\\tvla\\build;C:\\ProgramAnalysis\\tvla\\build\\tests;C:\\Pr\nogramAnalysis\\tv\nla;C:\\Tools\\soot-2.1.0\\classes;C:\\Tools\\jasmin-sable-1.2\n\\classes;C:\\ProgramAnalysis\\tvla\\lib\\junit.j\nar;C:\\Tools\\apache-ant-1.6.2\\lib\\ant-launcher.jar;C:\\Tools\\apache-ant-1.6.2\n\\lib\\ant.jar;C:\\Tools\\apa\nche-ant-1.6.2\\lib\\ant-junit.jar'\n    [junit] 'org.apache.tools.ant.taskdefs.optional.junit.JUnitTestRunner'\n    [junit] 'tvla.core.functional.NodePredTVSTest'\n    [junit] 'filtertrace=true'\n    [junit] 'haltOnError=true'\n    [junit] 'haltOnFailure=false'\n    \n[junit] 'formatter=org.apache.tools.ant.taskdefs.optional.junit.SummaryJUnitResu\nltFormatter'\n    [junit] 'showoutput=false'\n    \n[junit] 'formatter=org.apache.tools.ant.taskdefs.optional.junit.XMLJUnitResultFo\nrmatter,C:\\Progr\namAnalysis\\tvla\\build\\tests\\TEST-tvla.core.functional.NodePredTVSTest.xml'\n    [junit] 'propsfile=C:\\ProgramAnalysis\\tvla\\junit2017862554.properties'\n    [junit]\n    [junit] The ' characters around the executable and arguments are\n    [junit] not part of the command.\n    [junit] Tests run: 5, Failures: 0, Errors: 0, Time elapsed: 0.661 sec\n[junitreport] Parsing file: 'C:\\ProgramAnalysis\\tvla\\build\\tests\\TEST-\ntvla.RunnerTest.xml'\n[junitreport] Parsing file: 'C:\\ProgramAnalysis\\tvla\\build\\tests\\TEST-\ntvla.core.TVSTest.xml'\n[junitreport] Parsing file: 'C:\\ProgramAnalysis\\tvla\\build\\tests\\TEST-\ntvla.core.assignments.AssignTe\nst.xml'\n[junitreport] Parsing file: 'C:\\ProgramAnalysis\\tvla\\build\\tests\\TEST-\ntvla.core.base.BaseTVSTest.xml\n'\n[junitreport] Parsing file: 'C:\\ProgramAnalysis\\tvla\\build\\tests\\TEST-\ntvla.core.functional.NodePredT\nVSTest.xml'\n[junitreport] Using org.apache.xalan.processor Xalan Java 2.2.D11\n[junitreport] jar:file:/C:/Tools/apache-ant-1.6.2/lib/ant-\njunit.jar!/org/apache/tools/ant/taskdefs/o\nptional/junit/xsl/junit-frames.xsl; Line 41; Column 53; \njavax.xml.transform.TransformerException: ja\nva.lang.ClassNotFoundException: redirect\n[junitreport] jar:file:/C:/Tools/apache-ant-1.6.2/lib/ant-\njunit.jar!/org/apache/tools/ant/taskdefs/o\nptional/junit/xsl/junit-frames.xsl; Line 46; Column 57; \njavax.xml.transform.TransformerException: ja\nva.lang.ClassNotFoundException: redirect\n[junitreport] jar:file:/C:/Tools/apache-ant-1.6.2/lib/ant-\njunit.jar!/org/apache/tools/ant/taskdefs/o\nptional/junit/xsl/junit-frames.xsl; Line 51; Column 64; \njavax.xml.transform.TransformerException: ja\nva.lang.ClassNotFoundException: redirect\n[junitreport] jar:file:/C:/Tools/apache-ant-1.6.2/lib/ant-\njunit.jar!/org/apache/tools/ant/taskdefs/o\nptional/junit/xsl/junit-frames.xsl; Line 56; Column 62; \njavax.xml.transform.TransformerException: ja\nva.lang.ClassNotFoundException: redirect\n[junitreport] jar:file:/C:/Tools/apache-ant-1.6.2/lib/ant-\njunit.jar!/org/apache/tools/ant/taskdefs/o\nptional/junit/xsl/junit-frames.xsl; Line 61; Column 64; \njavax.xml.transform.TransformerException: ja\nva.lang.ClassNotFoundException: redirect\n[junitreport] jar:file:/C:/Tools/apache-ant-1.6.2/lib/ant-\njunit.jar!/org/apache/tools/ant/taskdefs/o\nptional/junit/xsl/junit-frames.xsl; Line 82; Column 76; \njavax.xml.transform.TransformerException: ja\nva.lang.ClassNotFoundException: redirect\n[junitreport] jar:file:/C:/Tools/apache-ant-1.6.2/lib/ant-\njunit.jar!/org/apache/tools/ant/taskdefs/o\nptional/junit/xsl/junit-frames.xsl; Line 89; Column 78; \njavax.xml.transform.TransformerException: ja\nva.lang.ClassNotFoundException: redirect\n[junitreport] jar:file:/C:/Tools/apache-ant-1.6.2/lib/ant-\njunit.jar!/org/apache/tools/ant/taskdefs/o\nptional/junit/xsl/junit-frames.xsl; Line 98; Column 74; \njavax.xml.transform.TransformerException: ja\nva.lang.ClassNotFoundException: redirect\n[junitreport] jar:file:/C:/Tools/apache-ant-1.6.2/lib/ant-\njunit.jar!/org/apache/tools/ant/taskdefs/o\nptional/junit/xsl/junit-frames.xsl; Line 82; Column 76; \njavax.xml.transform.TransformerException: ja\nva.lang.ClassNotFoundException: redirect\n[junitreport] jar:file:/C:/Tools/apache-ant-1.6.2/lib/ant-\njunit.jar!/org/apache/tools/ant/taskdefs/o\nptional/junit/xsl/junit-frames.xsl; Line 89; Column 78; \njavax.xml.transform.TransformerException: ja\nva.lang.ClassNotFoundException: redirect\n[junitreport] jar:file:/C:/Tools/apache-ant-1.6.2/lib/ant-\njunit.jar!/org/apache/tools/ant/taskdefs/o\nptional/junit/xsl/junit-frames.xsl; Line 98; Column 74; \njavax.xml.transform.TransformerException: ja\nva.lang.ClassNotFoundException: redirect\n[junitreport] jar:file:/C:/Tools/apache-ant-1.6.2/lib/ant-\njunit.jar!/org/apache/tools/ant/taskdefs/o\nptional/junit/xsl/junit-frames.xsl; Line 82; Column 76; \njavax.xml.transform.TransformerException: ja\nva.lang.ClassNotFoundException: redirect\n[junitreport] jar:file:/C:/Tools/apache-ant-1.6.2/lib/ant-\njunit.jar!/org/apache/tools/ant/taskdefs/o\nptional/junit/xsl/junit-frames.xsl; Line 89; Column 78; \njavax.xml.transform.TransformerException: ja\nva.lang.ClassNotFoundException: redirect\n[junitreport] jar:file:/C:/Tools/apache-ant-1.6.2/lib/ant-\njunit.jar!/org/apache/tools/ant/taskdefs/o\nptional/junit/xsl/junit-frames.xsl; Line 98; Column 74; \njavax.xml.transform.TransformerException: ja\nva.lang.ClassNotFoundException: redirect\n[junitreport] jar:file:/C:/Tools/apache-ant-1.6.2/lib/ant-\njunit.jar!/org/apache/tools/ant/taskdefs/o\nptional/junit/xsl/junit-frames.xsl; Line 82; Column 76; \njavax.xml.transform.TransformerException: ja\nva.lang.ClassNotFoundException: redirect\n[junitreport] jar:file:/C:/Tools/apache-ant-1.6.2/lib/ant-\njunit.jar!/org/apache/tools/ant/taskdefs/o\nptional/junit/xsl/junit-frames.xsl; Line 89; Column 78; \njavax.xml.transform.TransformerException: ja\nva.lang.ClassNotFoundException: redirect\n[junitreport] jar:file:/C:/Tools/apache-ant-1.6.2/lib/ant-\njunit.jar!/org/apache/tools/ant/taskdefs/o\nptional/junit/xsl/junit-frames.xsl; Line 98; Column 74; \njavax.xml.transform.TransformerException: ja\nva.lang.ClassNotFoundException: redirect\n[junitreport] jar:file:/C:/Tools/apache-ant-1.6.2/lib/ant-\njunit.jar!/org/apache/tools/ant/taskdefs/o\nptional/junit/xsl/junit-frames.xsl; Line 82; Column 76; \njavax.xml.transform.TransformerException: ja\nva.lang.ClassNotFoundException: redirect\n[junitreport] jar:file:/C:/Tools/apache-ant-1.6.2/lib/ant-\njunit.jar!/org/apache/tools/ant/taskdefs/o\nptional/junit/xsl/junit-frames.xsl; Line 89; Column 78; \njavax.xml.transform.TransformerException: ja\nva.lang.ClassNotFoundException: redirect\n[junitreport] jar:file:/C:/Tools/apache-ant-1.6.2/lib/ant-\njunit.jar!/org/apache/tools/ant/taskdefs/o\nptional/junit/xsl/junit-frames.xsl; Line 98; Column 74; \njavax.xml.transform.TransformerException: ja\nva.lang.ClassNotFoundException: redirect\n[junitreport] Transform time: 1742ms\n\nBUILD SUCCESSFUL\nTotal time: 14 seconds\n\n\nAm I doing something wrong?\nThanks,\nRoman", "is_private": false, "id": 61670, "creator": "rumster@tau.ac.il", "time": "2004-08-08T17:51:44Z", "bug_id": 30525, "creation_time": "2004-08-08T17:51:44Z", "attachment_id": null}, {"count": 1, "tags": [], "bug_id": 30525, "attachment_id": null, "id": 61689, "time": "2004-08-09T05:53:31Z", "creator": "jan@materne.de", "creation_time": "2004-08-09T05:53:31Z", "is_private": false, "text": "\n\n*** This bug has been marked as a duplicate of 30524 ***"}]