[{"count": 0, "tags": [], "bug_id": 30640, "attachment_id": null, "is_private": false, "id": 61924, "time": "2004-08-12T23:49:32Z", "creator": "rbarrow@earthlink.net", "creation_time": "2004-08-12T23:49:32Z", "text": "I get these errors when trying to make apache 1.3.31 source on solaris 2.8 64\nbit kernel -->\n\n# make\n===> src\nmake[1]: Entering directory `/slot3/rbarrow/apache_1.3.31'\nmake[2]: Entering directory `/slot3/rbarrow/apache_1.3.31/src'\n===> src/os/unix\nmake[3]: Nothing to be done for `all'.\n<=== src/os/unix\n===> src/ap\nmake[3]: Nothing to be done for `all'.\n<=== src/ap\n===> src/main\ngcc -c  -I../os/unix -I../include   -DSOLARIS2=280 -DNO_DL_NEEDED `../apaci` util.c\nutil.c: In function `ap_find_token':\nutil.c:1367: error: `test_char_table' undeclared (first use in this function)\nutil.c:1367: error: (Each undeclared identifier is reported only once\nutil.c:1367: error: for each function it appears in.)\nutil.c:1367: error: `T_HTTP_TOKEN_STOP' undeclared (first use in this function)\nutil.c: In function `ap_escape_logitem':\nutil.c:1444: error: `test_char_table' undeclared (first use in this function)\nutil.c:1444: error: `T_ESCAPE_LOGITEM' undeclared (first use in this function)\nutil.c: In function `ap_escape_errorlog_item':\nutil.c:1496: error: `test_char_table' undeclared (first use in this function)\nutil.c:1496: error: `T_ESCAPE_LOGITEM' undeclared (first use in this function)\nutil.c: In function `ap_escape_shell_cmd':\nutil.c:1567: error: `test_char_table' undeclared (first use in this function)\nutil.c:1567: error: `T_ESCAPE_SHELL_CMD' undeclared (first use in this function)\nutil.c: In function `ap_escape_path_segment':\nutil.c:1671: error: `test_char_table' undeclared (first use in this function)\nutil.c:1671: error: `T_ESCAPE_PATH_SEGMENT' undeclared (first use in this function)\nutil.c: In function `ap_os_escape_path':\nutil.c:1700: error: `test_char_table' undeclared (first use in this function)\nutil.c:1700: error: `T_OS_ESCAPE_PATH' undeclared (first use in this function)\nmake[3]: *** [util.o] Error 1\nmake[2]: *** [subdirs] Error 1\nmake[2]: Leaving directory `/slot3/rbarrow/apache_1.3.31/src'\nmake[1]: *** [build-std] Error 2\nmake[1]: Leaving directory `/slot3/rbarrow/apache_1.3.31'\nmake: *** [build] Error 2\n\nNo matter what I do, it always fails."}]