[{"count": 0, "tags": [], "text": "When running the <junit> task, the message \"Running ${testname}\" gets printed\nfor some odd reason. It only occurs for one of the test cases in a set, and can\nbe extremely confusing under certain circumstances.\n\nAttached is a simple example of 3 test cases (Test1, Test2, Test3) being run.\nThe output of \"ant\" is:\n<output>\nBuildfile: build.xml\n\ncompile:\n    [javac] Compiling 3 source files\n\ntest:\n    [junit] Running Test3\n    [junit] Test1.test1 ok\n    [junit] Tests run: 1, Failures: 0, Errors: 0, Time elapsed: 0.04 sec\n    [junit] Test2.test1 bad\n    [junit] Tests run: 1, Failures: 1, Errors: 0, Time elapsed: 0.038 sec\n    [junit] TEST Test2 FAILED\n    [junit] Test3.test1 ok\n    [junit] Tests run: 1, Failures: 0, Errors: 0, Time elapsed: 0 sec\n    [junit] Tests FAILED\n\nBUILD SUCCESSFUL\nTotal time: 3 seconds\n</output>\n\nThe message \"Running Test3\" is the odd output. It doesn't appear for the other\ntestcases. And it isn't correlated with the actual tests for Test3, which\nactually are the last tests to be run.\n\nIn the actual situation I encountered in the real world, the first testcase was\nfailing, resulting in the output:\n [junit] Running org.apache.commons.logging.pathable.ParentFirstTestCase\n [junit] Tests run: 6, Failures: 1, Errors: 2, Time elapsed: 0.053 sec\n [junit] TEST org.apache.commons.logging.pathable.ChildFirstTestCase FAILED\n [junit] Tests run: 6, Failures: 0, Errors: 0, Time elapsed: 0.01 sec\n\nThe error is actually occurring in ChildFirstTestCase. However having the\nmessage \"Running ....ParentFirstTestCase\" immediately above the failing line is\nextremely confusing; the problem isn't actually related to that test case at all.\n\nI wonder whether this might have been introduced as a side-effect of\nbugzilla#31962 (just a wild guess).", "is_private": false, "bug_id": 35605, "id": 76987, "time": "2005-07-05T10:00:07Z", "creator": "skitching@apache.org", "creation_time": "2005-07-05T10:00:07Z", "attachment_id": null}, {"count": 1, "tags": [], "creator": "skitching@apache.org", "attachment_id": 15590, "id": 76988, "time": "2005-07-05T10:03:33Z", "bug_id": 35605, "creation_time": "2005-07-05T10:03:33Z", "is_private": false, "text": "Created attachment 15590\ntarfile with code demonstrating problem"}, {"count": 2, "tags": [], "creator": "bodewig@apache.org", "attachment_id": null, "id": 77104, "time": "2005-07-08T15:41:26Z", "bug_id": 35605, "creation_time": "2005-07-08T15:41:26Z", "is_private": false, "text": "You are running with fork=\"true\" and forkmode set to something other than\nperTest, correct?\n"}, {"count": 3, "tags": [], "text": "If so, it should be fixed in CVS now.\n\nChecking in src/main/org/apache/tools/ant/taskdefs/optional/junit/JUnitTask.java;\n/home/cvs/ant/src/main/org/apache/tools/ant/taskdefs/optional/junit/JUnitTask.java,v\n <--  JUnitTask.java\nnew revision: 1.118; previous revision: 1.117\ndone\n", "attachment_id": null, "id": 77105, "creator": "bodewig@apache.org", "time": "2005-07-08T15:46:57Z", "bug_id": 35605, "creation_time": "2005-07-08T15:46:57Z", "is_private": false}]