[{"count": 0, "tags": [], "bug_id": 4314, "is_private": false, "text": "Hey,\n\nI have recompile 4.0.1 final and the checkout 4.0 cvs tree on 21.01 14:00 GMT+1\n.\n\nFind that ant test got following error report 4.0.1", "id": 6935, "time": "2001-10-21T06:18:01Z", "creator": "pr@webapp.de", "creation_time": "2001-10-21T06:18:01Z", "attachment_id": null}, {"count": 1, "attachment_id": null, "bug_id": 4314, "is_private": false, "id": 6936, "time": "2001-10-21T06:21:31Z", "creator": "pr@webapp.de", "creation_time": "2001-10-21T06:21:31Z", "tags": [], "text": "Sorry ! Send incomplete Bug report.. Arggh..\n\nHey,\n\nI have recompile 4.0.1 final and the checkout 4.0 cvs tree on 21.01 14:00 GMT+1\n.\n\nFind that ant test got following error report 4.0.1\n\ntest-dir-context:\n     [echo] Running FileDirContext tests\n     [java] .F.......\n     [java] Time: 0,671\n     [java] There was 1 failure:\n     [java] 1) testGetAttributesWebInf(org.apache.naming.resources.FileDirContex\ntTestCase)junit.framework.AssertionFailedError: WEB-INF attribute 'resourcetype'\n is expected\n     [java]     at org.apache.naming.resources.BaseDirContextTestCase.checkWebIn\nfAttributes(BaseDirContextTestCase.java:452)\n     [java]     at org.apache.naming.resources.FileDirContextTestCase.testGetAtt\nributesWebInf(FileDirContextTestCase.java:162)\n     [java]\n     [java] FAILURES!!!\n     [java] Tests run: 8,  Failures: 1,  Errors: 0\n     [java]\n\n\nFind that ant test got following error report 4.0 cvs checkout\n\ntest-dir-context:\n     [echo] Running FileDirContext tests\n     [java] .F...F.F..F.F\n     [java] Time: 0,23\n     [java] There were 5 failures:\n     [java] 1) testGetAttributesWebInf(org.apache.naming.resources.FileDirContex\ntTestCase)junit.framework.AssertionFailedError: WEB-INF attribute 'resourcetype'\n is expected\n     [java]     at org.apache.naming.resources.BaseDirContextTestCase.checkWebIn\nfAttributes(BaseDirContextTestCase.java:452)\n     [java]     at org.apache.naming.resources.FileDirContextTestCase.testGetAtt\nributesWebInf(FileDirContextTestCase.java:162)\n     [java] 2) testListBindingsWebInfDirect(org.apache.naming.resources.FileDirC\nontextTestCase)junit.framework.AssertionFailedError: Name 'validators' is expect\ned\n     [java]     at org.apache.naming.resources.BaseDirContextTestCase.checkListB\nindings(BaseDirContextTestCase.java:397)\n     [java]     at org.apache.naming.resources.BaseDirContextTestCase.testListBi\nndingsWebInfDirect(BaseDirContextTestCase.java:310)\n     [java] 3) testListBindingsWebInfIndirect(org.apache.naming.resources.FileDi\nrContextTestCase)junit.framework.AssertionFailedError: Name 'validators' is expe\ncted\n     [java]     at org.apache.naming.resources.BaseDirContextTestCase.checkListB\nindings(BaseDirContextTestCase.java:397)\n     [java]     at org.apache.naming.resources.BaseDirContextTestCase.testListBi\nndingsWebInfIndirect(BaseDirContextTestCase.java:327)\n     [java] 4) testListWebInfDirect(org.apache.naming.resources.FileDirContextTe\nstCase)junit.framework.AssertionFailedError: Name 'validators' is expected\n     [java]     at org.apache.naming.resources.BaseDirContextTestCase.checkList(\nBaseDirContextTestCase.java:359)\n     [java]     at org.apache.naming.resources.BaseDirContextTestCase.testListWe\nbInfDirect(BaseDirContextTestCase.java:254)\n     [java] 5) testListWebInfIndirect(org.apache.naming.resources.FileDirContext\nTestCase)junit.framework.AssertionFailedError: Name 'validators' is expected\n     [java]     at org.apache.naming.resources.BaseDirContextTestCase.checkList(\nBaseDirContextTestCase.java:359)\n     [java]     at org.apache.naming.resources.BaseDirContextTestCase.testListWe\nbInfIndirect(BaseDirContextTestCase.java:271)\n     [java]\n     [java] FAILURES!!!\n     [java] Tests run: 8,  Failures: 5,  Errors: 0\n     [java]\n\nBUILD FAILED\n\n\nIt seems that some attributes (resourcetype) not read from Context as \nexpected!\n\nRegards,\nPeter\n"}, {"count": 2, "tags": [], "creator": "remm@apache.org", "is_private": false, "id": 6941, "creation_time": "2001-10-21T15:12:10Z", "time": "2001-10-21T15:12:10Z", "bug_id": 4314, "text": "I get the same failure in both branches (1 test failing each time). The test is \nwrong in that particular case (resourcetype should be present on all resources).\n\nI can't reproduce the other failures on either branches.", "attachment_id": null}, {"count": 3, "tags": [], "bug_id": 4314, "is_private": false, "text": "I have used the old /commons-digester-1.1 and got a compile error,\nthan I switch to /commons-digester-1.1.1 release and it compiles.\n\nIt is as example a difference at my build.properties.\n\nI hope that help.\n\n--- build at \n    [javac] Compiling 296 source files to D:\\develop\\jakarta\\jakarta-tomcat-4.0\\\ncatalina\\build\\server\\classes\n    [javac] D:\\develop\\jakarta\\jakarta-tomcat-4.0\\catalina\\src\\share\\org\\apache\\\ncatalina\\startup\\WebRuleSet.java:457: Method getPublicId() not found in class or\ng.apache.commons.digester.Digester.\n    [javac]         paramValues[0] = digester.getPublicId();\n    [javac]                                              ^\n    [javac] Note: 11 files use or override a deprecated API.  Recompile with \"-d\neprecation\" for details.\n    [javac] 1 error, 1 warning\n", "id": 6943, "time": "2001-10-21T15:37:14Z", "creator": "pr@webapp.de", "creation_time": "2001-10-21T15:37:14Z", "attachment_id": null}]