[{"count": 0, "tags": [], "text": "Our tests don't run, and I have as yet been able to figure out the issue. I did fix the problem that zones has been showing in r636070. However, now I am seeing this what is below. Can someone take a look at this?\n\nCould not find component (key [org.apache.excalibur.store.StoreJanitor]) (Key='org.apache.excalibur.store.StoreJanitor')\norg.apache.avalon.framework.service.ServiceException: Could not find component (key [org.apache.excalibur.store.StoreJanitor]) (Key='org.apache.excalibur.store.StoreJanitor')\n        at org.apache.avalon.framework.service.WrapperServiceManager.lookup(WrapperServiceManager.java:80)\n        at org.apache.excalibur.store.impl.MRUMemoryStore.service(MRUMemoryStore.java:86)\n        at org.apache.avalon.framework.container.ContainerUtil.service(ContainerUtil.java:143)\n        at org.apache.avalon.excalibur.component.DefaultComponentFactory.newInstance(DefaultComponentFactory.java:271)\n        at org.apache.avalon.excalibur.component.ThreadSafeComponentHandler.initialize(ThreadSafeComponentHandler.java:108)\n        at org.apache.avalon.excalibur.component.ExcaliburComponentManager.initialize(ExcaliburComponentManager.java:524)\n        at org.apache.cocoon.core.container.ContainerTestCase.setupManagers(ContainerTestCase.java:268)\n        at org.apache.cocoon.core.container.ContainerTestCase.prepare(ContainerTestCase.java:190)\n        at org.apache.lenya.cms.LenyaTestCase.prepare(LenyaTestCase.java:100)\n        at org.apache.cocoon.core.container.ContainerTestCase.setUp(ContainerTestCase.java:146)\nCaused by: org.apache.avalon.framework.component.ComponentException: Could not find component (key [org.apache.excalibur.store.StoreJanitor])\n        at org.apache.avalon.excalibur.component.ExcaliburComponentManager.lookup(ExcaliburComponentManager.java:265)\n        at org.apache.avalon.framework.service.WrapperServiceManager.lookup(WrapperServiceManager.java:68)\n        ... 41 more\n\nBUILD FAILED\n/home/rfrovarp/asf/lenya-1.4.x/src/targets/modules-build.xml:109: The following error occurred while executing this line:\n/home/rfrovarp/asf/lenya-1.4.x/build/lenya/temp/modules-build.xml:2980: Test org.apache.lenya.cms.export.ImportTest failed", "attachment_id": null, "bug_id": 44583, "id": 114501, "time": "2008-03-11T12:46:27Z", "creator": "rfrovarp@apache.org", "creation_time": "2008-03-11T12:46:27Z", "is_private": false}, {"count": 1, "tags": [], "creator": "andreas@apache.org", "attachment_id": null, "text": "As a workaround, I have added the missing declarations to the xtest template. But this is not a long-term solution. We have to find a way to import the necessary Cocoon role declarations automatically.", "id": 114510, "time": "2008-03-11T14:46:55Z", "bug_id": 44583, "creation_time": "2008-03-11T14:46:55Z", "is_private": false}, {"count": 2, "tags": [], "bug_id": 44583, "is_private": false, "text": "Since the tests are working again, I'm reducing the severity.", "id": 117788, "time": "2008-06-18T07:49:02Z", "creator": "andreas@apache.org", "creation_time": "2008-06-18T07:49:02Z", "attachment_id": null}]