[{"count": 0, "tags": [], "text": "If you try and <unzip> a file that doesnt exist, all you see in the log is\nError while expanding  lib/package-core-install/sf-core-install-3.12.031dev.zip\n\nwhen you run at -d you see \nCaused by: java.io.FileNotFoundException: /home/bob/CC/SmartFrogSVN/core/release/build/ivy/lib/package-core-install/sf-core-install-3.12.031dev.zip (No such file or directory)\n\nreally, a missing file is something we could check for first, and fail with something meaningful. Also, the text from any nested IOE should be printed rather than lost at the normal log level", "attachment_id": null, "id": 115727, "creator": "stevel@apache.org", "time": "2008-04-21T03:09:40Z", "bug_id": 44843, "creation_time": "2008-04-21T03:09:40Z", "is_private": false}, {"count": 1, "tags": [], "bug_id": 44843, "attachment_id": null, "text": "stack trace\njava.io.FileNotFoundException: /home/bob/CC/SmartFrogSVN/core/release/build/ivy/lib/package-core-install/sf-core-install-3.12.031dev.zip (No such file or directory)\n        at java.io.RandomAccessFile.open(Native Method)\n        at java.io.RandomAccessFile.<init>(RandomAccessFile.java:212)\n        at org.apache.tools.zip.ZipFile.<init>(ZipFile.java:141)\n        at org.apache.tools.ant.taskdefs.Expand.expandFile(Expand.java:136)\n        at org.apache.tools.ant.taskdefs.Expand.execute(Expand.java:106)\n        at org.apache.tools.ant.UnknownElement.execute(UnknownElement.java:288)\n        at sun.reflect.GeneratedMethodAccessor1.invoke(Unknown Source)\n        at sun.reflect.DelegatingMethodAccessorImpl.invoke(DelegatingMethodAccessorImpl.java:25)\n        at java.lang.reflect.Method.invoke(Method.java:585)\n        at org.apache.tools.ant.dispatch.DispatchUtils.execute(DispatchUtils.java:105)\n        at org.apache.tools.ant.Task.perform(Task.java:348)\n        at org.apache.tools.ant.Target.execute(Target.java:357)\n        at org.apache.tools.ant.Target.performTasks(Target.java:385)\n        at org.apache.tools.ant.Project.executeSortedTargets(Project.java:1337)\n        at org.apache.tools.ant.Project.executeTarget(Project.java:1306)\n        at org.apache.tools.ant.helper.DefaultExecutor.executeTargets(DefaultExecutor.java:41)\n        at org.apache.tools.ant.Project.executeTargets(Project.java:1189)\n        at org.apache.tools.ant.Main.runBuild(Main.java:758)\n        at org.apache.tools.ant.Main.startAnt(Main.java:217)\n        at org.apache.tools.ant.launch.Launcher.run(Launcher.java:257)\n        at org.apache.tools.ant.launch.Launcher.main(Launcher.java:104)\n\n", "id": 115730, "time": "2008-04-21T05:34:36Z", "creator": "stevel@apache.org", "creation_time": "2008-04-21T05:34:36Z", "is_private": false}, {"count": 2, "tags": [], "bug_id": 44843, "attachment_id": null, "id": 115731, "time": "2008-04-21T05:35:27Z", "creator": "stevel@apache.org", "creation_time": "2008-04-21T05:35:27Z", "is_private": false, "text": "full stack trace\n\n\nBUILD FAILED\n/home/bob/CC/SmartFrogSVN/core/release/build.xml:390: Error while expanding /home/bob/CC/SmartFrogSVN/core/release/build/ivy/lib/package-core-install/sf-core-install-3.12.031dev.zip\n        at org.apache.tools.ant.taskdefs.Expand.expandFile(Expand.java:147)\n        at org.apache.tools.ant.taskdefs.Expand.execute(Expand.java:106)\n        at org.apache.tools.ant.UnknownElement.execute(UnknownElement.java:288)\n        at sun.reflect.GeneratedMethodAccessor1.invoke(Unknown Source)\n        at sun.reflect.DelegatingMethodAccessorImpl.invoke(DelegatingMethodAccessorImpl.java:25)\n        at java.lang.reflect.Method.invoke(Method.java:585)\n        at org.apache.tools.ant.dispatch.DispatchUtils.execute(DispatchUtils.java:105)\n        at org.apache.tools.ant.Task.perform(Task.java:348)\n        at org.apache.tools.ant.Target.execute(Target.java:357)\n        at org.apache.tools.ant.Target.performTasks(Target.java:385)\n        at org.apache.tools.ant.Project.executeSortedTargets(Project.java:1337)\n        at org.apache.tools.ant.Project.executeTarget(Project.java:1306)\n        at org.apache.tools.ant.helper.DefaultExecutor.executeTargets(DefaultExecutor.java:41)\n        at org.apache.tools.ant.Project.executeTargets(Project.java:1189)\n        at org.apache.tools.ant.Main.runBuild(Main.java:758)\n        at org.apache.tools.ant.Main.startAnt(Main.java:217)\n        at org.apache.tools.ant.launch.Launcher.run(Launcher.java:257)\n        at org.apache.tools.ant.launch.Launcher.main(Launcher.java:104)\nCaused by: java.io.FileNotFoundException: /home/bob/CC/SmartFrogSVN/core/release/build/ivy/lib/package-core-install/sf-core-install-3.12.031dev.zip (No such file or directory)\n        at java.io.RandomAccessFile.open(Native Method)\n        at java.io.RandomAccessFile.<init>(RandomAccessFile.java:212)\n        at org.apache.tools.zip.ZipFile.<init>(ZipFile.java:141)\n        at org.apache.tools.ant.taskdefs.Expand.expandFile(Expand.java:136)\n        ... 17 more\n--- Nested Exception ---\njava.io.FileNotFoundException: /home/bob/CC/SmartFrogSVN/core/release/build/ivy/lib/package-core-install/sf-core-install-3.12.031dev.zip (No such file or directory)\n        at java.io.RandomAccessFile.open(Native Method)\n        at java.io.RandomAccessFile.<init>(RandomAccessFile.java:212)\n        at org.apache.tools.zip.ZipFile.<init>(ZipFile.java:141)\n        at org.apache.tools.ant.taskdefs.Expand.expandFile(Expand.java:136)\n        at org.apache.tools.ant.taskdefs.Expand.execute(Expand.java:106)\n        at org.apache.tools.ant.UnknownElement.execute(UnknownElement.java:288)\n        at sun.reflect.GeneratedMethodAccessor1.invoke(Unknown Source)\n        at sun.reflect.DelegatingMethodAccessorImpl.invoke(DelegatingMethodAccessorImpl.java:25)\n        at java.lang.reflect.Method.invoke(Method.java:585)\n        at org.apache.tools.ant.dispatch.DispatchUtils.execute(DispatchUtils.java:105)\n        at org.apache.tools.ant.Task.perform(Task.java:348)\n        at org.apache.tools.ant.Target.execute(Target.java:357)\n        at org.apache.tools.ant.Target.performTasks(Target.java:385)\n        at org.apache.tools.ant.Project.executeSortedTargets(Project.java:1337)\n        at org.apache.tools.ant.Project.executeTarget(Project.java:1306)\n        at org.apache.tools.ant.helper.DefaultExecutor.executeTargets(DefaultExecutor.java:41)\n        at org.apache.tools.ant.Project.executeTargets(Project.java:1189)\n        at org.apache.tools.ant.Main.runBuild(Main.java:758)\n        at org.apache.tools.ant.Main.startAnt(Main.java:217)\n        at org.apache.tools.ant.launch.Launcher.run(Launcher.java:257)\n        at org.apache.tools.ant.launch.Launcher.main(Launcher.java:104)\n\n"}, {"count": 3, "tags": [], "bug_id": 44843, "attachment_id": null, "text": "looking at the code, this is almost invalid, because we do print the inner cause. But Cruise Control seems to be dropping the second line of the error text, which is CC's problem, not ours\n\nStill, we can check for the resource existing, and fail with an explicit BuildException in this state", "id": 115733, "time": "2008-04-21T05:37:37Z", "creator": "stevel@apache.org", "creation_time": "2008-04-21T05:37:37Z", "is_private": false}, {"count": 4, "tags": [], "text": "...although the tar subclass doesnt print that error, so it is affected by this bug", "is_private": false, "id": 115734, "creator": "stevel@apache.org", "time": "2008-04-21T05:46:29Z", "bug_id": 44843, "creation_time": "2008-04-21T05:46:29Z", "attachment_id": null}, {"text": "more explicit exceptions in svn revision 677860", "tags": [], "creator": "bodewig@apache.org", "is_private": false, "count": 5, "id": 118793, "time": "2008-07-18T02:07:40Z", "bug_id": 44843, "creation_time": "2008-07-18T02:07:40Z", "attachment_id": null}]