[{"count": 0, "tags": [], "creator": "davidw@apache.org", "attachment_id": null, "text": "uricode test 2.6 encounters the following error with make test.\n\n==== uricode-2.6 special cases FAILED\n==== Contents of test case:\n\n    set in {%f6%F6%f\u00f6\u00f6%}\n    set out [web::uridecode $in]\n\n---- Result was:\n\u00f6\u00f6\u00f6%\n---- Result should have been:\n\u00f6\u00f6%f\u00f6\u00f6%\n==== uricode-2.6 FAILED", "id": 7566, "time": "2001-11-05T16:51:07Z", "bug_id": 4662, "creation_time": "2001-11-05T16:51:07Z", "is_private": false}, {"count": 1, "tags": [], "creator": "davidw@apache.org", "attachment_id": null, "text": "there was a problem with a char that should have been declared signed.  Change\ncommitted in CVS.", "id": 7681, "time": "2001-11-08T05:12:58Z", "bug_id": 4662, "creation_time": "2001-11-08T05:12:58Z", "is_private": false}]