[{"attachment_id": null, "tags": [], "bug_id": 46697, "is_private": false, "count": 0, "id": 124783, "time": "2009-02-11T11:54:12Z", "creator": "skrishnamur1@bloomberg.net", "creation_time": "2009-02-11T11:54:12Z", "text": "Hi, I am trying to build apache 2.2.9 with OpenSSL 0.9.7d and am running into the error \"configure: error: ... Error, SSL/TLS libraries were missing or unusable\"\nThis is on solaris 9. Abstract from the configuyre log is as below\n\nchecking whether to enable mod_authz_default... shared (all)\nchecking whether to enable mod_auth_basic... shared (all)\nchecking whether to enable mod_auth_digest... checking dependencies\nchecking whether to enable mod_auth_digest... shared (all)\nchecking whether to enable mod_isapi... no\nchecking whether to enable mod_file_cache... no\nchecking whether to enable mod_cache... no\nchecking whether to enable mod_disk_cache... no\nchecking whether to enable mod_mem_cache... no\nchecking whether to enable mod_dbd... shared (all)\nchecking whether to enable mod_bucketeer... no\nchecking whether to enable mod_dumpio... shared (all)\nchecking whether to enable mod_echo... no\nchecking whether to enable mod_example... no\nchecking whether to enable mod_case_filter... no\nchecking whether to enable mod_case_filter_in... no\nchecking whether to enable mod_ext_filter... shared (all)\nchecking whether to enable mod_include... shared (all)\nchecking whether to enable mod_filter... shared (all)\nchecking whether to enable mod_substitute... shared (all)\nchecking whether to enable mod_charset_lite... no\nchecking whether to enable mod_deflate... checking dependencies\nchecking for zlib location... /usr/local\n  adding \"-R/usr/local/lib\" to LDFLAGS\n  adding \"-lz\" to LIBS\nchecking for zlib library... found\n  forcing MOD_DEFLATE_LDADD to \"-lz\"\n  removed \"-lz\" from LIBS\n\nchecking whether to enable mod_deflate... shared (all)\nchecking whether to enable mod_ldap... no\nchecking whether to enable mod_log_config... shared (all)\nchecking whether to enable mod_log_forensic... shared (all)\n  adding \"-I$(top_builddir)/server\" to INCLUDES\nchecking whether to enable mod_logio... shared (all)\nchecking whether to enable mod_env... shared (all)\nchecking whether to enable mod_mime_magic... shared (all)\nchecking whether to enable mod_cern_meta... shared (all)\nchecking whether to enable mod_expires... shared (all)\nchecking whether to enable mod_headers... shared (all)\nchecking whether to enable mod_ident... shared (all)\nchecking whether to enable mod_usertrack... checking dependencies\nchecking sys/times.h usability... yes\nchecking sys/times.h presence... yes\nchecking for sys/times.h... yes\nchecking for times... yes\nchecking whether to enable mod_usertrack... shared (all)\nchecking whether to enable mod_unique_id... shared (all)\nchecking whether to enable mod_setenvif... shared (all)\nchecking whether to enable mod_version... shared (all)\nchecking whether to enable mod_proxy... no\nchecking whether to enable mod_proxy_connect... no\nchecking whether to enable mod_proxy_ftp... no\nchecking whether to enable mod_proxy_http... no\nchecking whether to enable mod_proxy_ajp... no\nchecking whether to enable mod_proxy_balancer... no\n  adding \"-I$(top_srcdir)/modules/proxy/../generators\" to INCLUDES\nchecking whether to enable mod_ssl... checking dependencies\nchecking for SSL/TLS toolkit base... /opt/OpenSSL\nchecking for OpenSSL version... checking openssl/opensslv.h usability... yes\nchecking openssl/opensslv.h presence... yes\nchecking for openssl/opensslv.h... yes\nchecking openssl/ssl.h usability... yes\nchecking openssl/ssl.h presence... yes\nchecking for openssl/ssl.h... yes\nOK\nchecking openssl/engine.h usability... yes\nchecking openssl/engine.h presence... yes\nchecking for openssl/engine.h... yes\nchecking for SSLeay_version in -lcrypto... no\nchecking for SSL_CTX_new in -lssl... no\nchecking for ENGINE_init... no\nchecking for ENGINE_load_builtin_engines... no\nchecking for SSL_set_cert_store... no\nconfigure: error: ... Error, SSL/TLS libraries were missing or unusable"}, {"count": 1, "tags": [], "bug_id": 46697, "attachment_id": null, "id": 124788, "time": "2009-02-11T16:18:56Z", "creator": "fredk2@gmail.com", "creation_time": "2009-02-11T16:18:56Z", "is_private": false, "text": "(In reply to comment #0)\nVerify where your openssl is installed and test that it works. It seems to me that you have it in /opt/OpenSSL (I think Solaris 10 default is /usr/sfw/bin).  You can somewhat test openssl with:\n\n$ /opt/OpenSSL/bin/openssl speed \n\nI configure apache with:\n  --enable-ssl --with-ssl=/my/path/to/openssl\n\nand I do not see all the checkings you have listed (I use 2.2.3, 2.2.10,2.2.11 with the 0.9.7d from Sun's sfw or my compiled 0.9.8j)\n"}, {"count": 2, "tags": [], "bug_id": 46697, "is_private": false, "id": 124816, "attachment_id": 23253, "creator": "skrishnamur1@bloomberg.net", "creation_time": "2009-02-12T07:43:44Z", "time": "2009-02-12T07:43:44Z", "text": "Created attachment 23253\nConfig Log\n\nconfig.log"}, {"count": 3, "tags": [], "bug_id": 46697, "attachment_id": null, "id": 124842, "time": "2009-02-13T06:59:14Z", "creator": "skrishnamur1@bloomberg.net", "creation_time": "2009-02-13T06:59:14Z", "is_private": false, "text": "any luck with getting this bug assigned?"}, {"count": 4, "tags": [], "creator": "trawick@apache.org", "attachment_id": null, "text": ">any luck with getting this bug assigned?\n\nNote that this is a volunteer group and there is nobody to assign the bug to.  If somebody volunteers to work on it, that's of course wonderful ;)\n\nIt seems clear enough to me that your OpenSSL build is 32-bit and you're trying to use it with a 64-bit Apache build.\n\nFrom your config.log:\n\nconfigure:15167: /opt/SUNWspro/bin/cc -o conftest -xarch=v9 -g -mt -I/opt/OpenSSL/include -I/home/shfeng/tmp/include -DSOLARIS2=9 -D_POSIX_PTHREAD_SEMANTICS -D_REENTRANT -D_LARGEFILE64_SOURCE -L/opt/OpenSSL/lib -L/home/shfeng/tmp/lib -L/usr/local/lib -R/usr/local/lib -L/opt/OpenSSL/lib conftest.c -lssl   -lm -ldl  -luuid -lsendfile -lrt -lsocket -lnsl  -lpthread -ldl >&5\n\"conftest.c\", line 61: warning: statement not reached\nld: warning: file /opt/OpenSSL/lib/libssl.a(ssl_lib.o): wrong ELF class: ELFCLASS32\n\nNote the \"-xarch=v9\" on the Apache build (64-bit) and the ELFCLASS32 in the OpenSSL library (32-bit).\n", "id": 124844, "time": "2009-02-13T07:43:19Z", "bug_id": 46697, "creation_time": "2009-02-13T07:43:19Z", "is_private": false}, {"count": 5, "tags": [], "bug_id": 46697, "attachment_id": null, "id": 124845, "time": "2009-02-13T07:46:16Z", "creator": "skrishnamur1@bloomberg.net", "creation_time": "2009-02-13T07:46:16Z", "is_private": false, "text": "so what attribute needs to be added to do a 32 bit build of apache?\n"}]