[{"count": 0, "tags": [], "creator": "freedomyug@gmail.com", "attachment_id": null, "is_private": false, "id": 125016, "time": "2009-02-20T03:41:48Z", "bug_id": 46745, "creation_time": "2009-02-20T03:41:48Z", "text": "----------------------------------\nEnvironment\n\napache:    apache 2.2.11\nopenssl:   openssl-0.9.8j \nos:        openSUSE 10.2 (X86-64)\nkernel:    apache 2.2.11/openssl-0.9.8j\ngcc:       gcc (GCC) 4.1.2 20061115\n----------------------------------\nconfigure options\n\n--enable-so --enable-mods-shared=all --prefix=/d0 --with-mpm=worker  --enable-threads --with-berkeley-db=/d0 --enable-modules=\"ssl proxy cache disk-cache mem-cache info\" --with-ssl=/d0\n\n----------------------------------\nError Message: \n\nab.c:(.text+0xf1): undefined reference to `BIO_get_callback_arg'\n.libs/ab.o: In function `start_connect':\nab.c:(.text+0x3452): undefined reference to `BIO_set_callback'\nab.c:(.text+0x3465): undefined reference to `BIO_set_callback_arg'\n.libs/ab.o: In function `main':\nab.c:(.text+0x5e3a): undefined reference to `SSL_CTX_set_info_callback'\ncollect2: ld returned 1 exit status\nmake[2]: *** [ab] Error 1\nmake[2]: Leaving directory `/d0/httpd-2.2.11/support'\nmake[1]: *** [all-recursive] Error 1\nmake[1]: Leaving directory `/d0/httpd-2.2.11/support'\nmake: *** [all-recursive] Error 1\n\n-----------------------------------"}, {"count": 1, "tags": [], "text": "It happens with openssl 0.9.8k as well.\nIs there any solution, the bug has been open for more then 5 months already?", "attachment_id": null, "id": 129184, "creation_time": "2009-07-27T14:58:04Z", "time": "2009-07-27T14:58:04Z", "creator": "chepkov@yahoo.com", "bug_id": 46745, "is_private": false}, {"count": 2, "attachment_id": null, "creator": "peter.schlaf@web.de", "text": "my system:\n\nSLES 10 SP2 (x86_64)\napache-2.2.15\nopenssl-1.0.0\n\n\nAn older openssl version (0.9.8a) was already installed, so I had to put the new version into a different directory (/usr/local/openssl).\n\nCompiled openssl with:\n\n  ./config -fPIC --prefix=/usr/local/openssl shared && make && make install\n\nMaking the new libs public:\n\n  cd /etc/ld.so.conf.d/\n  echo \"/usr/local/openssl/lib64\" > openssl.conf\n  ldconfig -v\n\nNext I tried to compile apache with:\n\n  ./configure --prefix=/usr/local/apache --enable-mods-shared=all --with-ssl=/usr/local/openssl --enable-ssl=shared --enable-proxy=shared && make\n\n\nand ran into the same error message described above.\n\nAfter some research I found that this problem seems to be a \"lib versus lib64\" issue. openssl has installed the new libs in \"/usr/local/openssl/lib64\" and apache configure includes only a directory \"/usr/local/openssl/lib\" (which doesn't exist).\nFinally, in /usr/local/openssl I did a \"ln -s lib64/ lib\" and was able to compile apache successfully without any error messages. After that, apache started with: \n\"Apache/2.2.15 (Unix) mod_ssl/2.2.15 OpenSSL/1.0.0 DAV/2 configured -- resuming normal operations\" and performs perfectly since then.", "id": 135913, "time": "2010-04-06T17:11:12Z", "bug_id": 46745, "creation_time": "2010-04-06T17:11:12Z", "tags": [], "is_private": false}, {"attachment_id": null, "tags": [], "creator": "steve@kelem.net", "text": "I'm seeing the same problem on apache 2.4.6, Ubuntu Linux 13.04 x86_64.\n\nI compiled and installed openssl-1.0.0g. It installed in /usr/local/ssl. (Not openssl!) That directory has a lib directory, but no lib64 directory.\n\nI configured httpd with:\n./configure \\\n--cache-file=/usr/share/config/config.cache \\\n--prefix=/usr/local/apache2 \\\n--enable-dav \\\n--enable-http \\\n--enable-imagemap \\\n--enable-modules=all \\\n--enable-modules=most \\\n--enable-so \\\n--enable-unixd \\\n--prefix=/usr/local/apache2 \\\n--with-included-apr \\\n--with-included-apr-util \\\n--with-included-iconv \\\n--enable-ssl \\\n--enable-ssl-staticlib-deps \\\n--with-crypto \\\n--enable-session-crypto \\\n--with-ssl=/usr/local/ssl \\\n--with-mysql \\\n--with-perl \n\nand I've tried commenting out the lines with \"ssl\" and \"crypto\", but still get the errors:\n\nmake[2]: Entering directory `/local/usr/local/src/httpd-2.4.6/support'\n/usr/local/src/httpd-2.4.6/srclib/apr/libtool --silent --mode=link gcc -std=gnu99  -g -O2 -pthread     \\\n\t         -o ab  ab.lo       /usr/local/src/httpd-2.4.6/srclib/apr-util/libaprutil-1.la -lexpat /usr/local/src/httpd-2.4.6/srclib/apr/libapr-1.la -luuid -lrt -lcrypt -lpthread -ldl -lm\nab.o: In function `ssl_print_cb':\n/usr/local/src/httpd-2.4.6/support/ab.c:445: undefined reference to `BIO_get_callback_arg'\n/usr/local/src/httpd-2.4.6/support/ab.c:455: undefined reference to `BIO_printf'\n/usr/local/src/httpd-2.4.6/support/ab.c:457: undefined reference to `BIO_dump'\nab.o: In function `ssl_print_cert_info':\n/usr/local/src/httpd-2.4.6/support/ab.c:549: undefined reference to `ASN1_INTEGER_get'\n/usr/local/src/httpd-2.4.6/support/ab.c:549: undefined reference to `BIO_printf'\n/usr/local/src/httpd-2.4.6/support/ab.c:550: undefined reference to `BIO_printf'\n/usr/local/src/httpd-2.4.6/support/ab.c:551: undefined reference to `ASN1_UTCTIME_print'\n/usr/local/src/httpd-2.4.6/support/ab.c:552: undefined reference to `BIO_printf'\n/usr/local/src/httpd-2.4.6/support/ab.c:554: undefined reference to `BIO_printf'\n/usr/local/src/httpd-2.4.6/support/ab.c:555: undefined reference to `ASN1_UTCTIME_print'\n/usr/local/src/httpd-2.4.6/support/ab.c:556: undefined reference to `BIO_printf'\n/usr/local/src/httpd-2.4.6/support/ab.c:558: undefined reference to `X509_get_pubkey'\n/usr/local/src/httpd-2.4.6/support/ab.c:559: undefined reference to `EVP_PKEY_bits'\n/usr/local/src/httpd-2.4.6/support/ab.c:559: undefined reference to `BIO_printf'\n/usr/local/src/httpd-2.4.6/support/ab.c:561: undefined reference to `EVP_PKEY_free'\n/usr/local/src/httpd-2.4.6/support/ab.c:563: undefined reference to `X509_get_issuer_name'\n/usr/local/src/httpd-2.4.6/support/ab.c:564: undefined reference to `X509_NAME_oneline'\n/usr/local/src/httpd-2.4.6/support/ab.c:565: undefined reference to `BIO_printf'\n/usr/local/src/httpd-2.4.6/support/ab.c:567: undefined reference to `X509_get_subject_name'\n/usr/local/src/httpd-2.4.6/support/ab.c:568: undefined reference to `X509_NAME_oneline'\n/usr/local/src/httpd-2.4.6/support/ab.c:569: undefined reference to `BIO_printf'\n/usr/local/src/httpd-2.4.6/support/ab.c:572: undefined reference to `X509_get_ext_count'\n/usr/local/src/httpd-2.4.6/support/ab.c:572: undefined reference to `BIO_printf'", "count": 3, "id": 169999, "time": "2013-09-10T04:12:32Z", "bug_id": 46745, "creation_time": "2013-09-10T04:12:32Z", "is_private": false}]