[{"count": 0, "tags": [], "creator": "rurality.wq@gmail.com", "text": "I download the newest version apache 2.2.11.The compiler error does not come out with version 2.2.3.\n\nI use openssl also.\nI download the newest version of openssl 1.0.0 - beta3, and compile&install successfully.\n\nI try to compile the apache with the option below\n\n./configure --prefix=/usr/local/apache2 --enable-module=so --enable-ssl=static --with-ssl=/usr/local/openssl --enable-module=rewrite --enable-cache --enable-disk-cache --enable-mem-cache --enable-file-cache --with-mpm=prefork --enable-dav-fs --enable-dav\n\nand got the error below.\n\nssl_engine_init.c: In function `ssl_init_ctx_verify':\nssl_engine_init.c:549: error: `STACK' undeclared (first use in this function)\nssl_engine_init.c:549: error: (Each undeclared identifier is reported only once\nssl_engine_init.c:549: error: for each function it appears in.)\nssl_engine_init.c:549: error: syntax error before ')' token\nssl_engine_init.c: In function `ssl_init_FindCAList':\nssl_engine_init.c:1129: warning: pointer type mismatch in conditional expression\nmake[3]: *** [ssl_engine_init.lo] Error 1\nmake[3]: Leaving directory `/software/src/httpd-2.2.11/modules/ssl'\nmake[2]: *** [all-recursive] Error 1\nmake[2]: Leaving directory `/software/src/httpd-2.2.11/modules/ssl'\nmake[1]: *** [all-recursive] Error 1\nmake[1]: Leaving directory `/software/src/httpd-2.2.11/modules'\nmake: *** [all-recursive] Error 1", "id": 129137, "time": "2009-07-24T21:13:50Z", "bug_id": 47578, "creation_time": "2009-07-24T21:13:50Z", "is_private": false, "attachment_id": null}, {"count": 1, "tags": [], "bug_id": 47578, "attachment_id": null, "id": 129138, "creation_time": "2009-07-25T00:53:12Z", "time": "2009-07-25T00:53:12Z", "creator": "rpluem@apache.org", "text": "Currently 2.2.x does not work with openssl 1.0.0 (only trunk does). Please use a stable openssl release.", "is_private": false}, {"count": 2, "tags": [], "creator": "peter.kolbus@gmail.com", "attachment_id": null, "id": 137205, "time": "2010-05-29T13:34:20Z", "bug_id": 47578, "creation_time": "2010-05-29T13:34:20Z", "is_private": false, "text": "I have seen this too on a new installation with Fedora 13.  2.2.15 builds just fine."}]