[{"count": 0, "tags": [], "creator": "mark@catseye.org", "attachment_id": null, "id": 144057, "time": "2011-02-08T13:19:07Z", "bug_id": 50735, "creation_time": "2011-02-08T13:19:07Z", "is_private": false, "text": "mod_socache_dc fails to compile with the following error:\n\n/usr/lib64/apr-1/build/libtool --silent --mode=link gcc -std=gnu99 -pthread  -O2 -g -pipe -Wall -Wp,-D_FORTIFY_SOURCE=2 -fexceptions -fstack-protector --param=ssp-buffer-size=4 -m64 -mtune=generic    -Wl,-z,relro,-z,now    -o mod_file_cache.la -rpath /usr/lib64/httpd/modules -module -avoid-version  mod_file_cache.lo \n/home/markmont/httpd/httpd-2.3.10/modules/cache/mod_socache_dc.c: In function 'socache_dc_store':\n/home/markmont/httpd/httpd-2.3.10/modules/cache/mod_socache_dc.c:103:15: error: expected expression before 'apr_time_t'\n/home/markmont/httpd/httpd-2.3.10/modules/cache/mod_socache_dc.c:106:29: warning: implicit declaration of function 'apr_time_in_msec'\n/home/markmont/httpd/httpd-2.3.10/modules/cache/mod_socache_dc.c:106:55: error: expected ')' before '{' token\n/home/markmont/httpd/httpd-2.3.10/modules/cache/mod_socache_dc.c:112:1: error: expected expression before '}' token\n/home/markmont/httpd/httpd-2.3.10/modules/cache/mod_socache_dc.c:112:1: warning: no return statement in function returning non-void\nmake[4]: *** [mod_socache_dc.slo] Error 1\n\nRelevant information:\n\nhttpd-2.3.10-alpha\napr-1.4.2\napr-util-1.3.10\nFedora 14\ngcc-4.5.1\n\n./configure --prefix=/etc/httpd --exec-prefix=/usr --bindir=/usr/bin --sbindir=/usr/sbin --mandir=/usr/share/man --libdir=/usr/lib64 --sysconfdir=/etc/httpd/conf --includedir=/usr/include/httpd --libexecdir=/usr/lib64/httpd/modules --datadir=/var/www --with-installbuilddir=/usr/lib64/httpd/build --with-mpm=prefork --with-apr=/usr --with-apr-util=/usr --enable-suexec --with-suexec --with-suexec-caller=apache --with-suexec-docroot=/var/www --with-suexec-logfile=/var/log/httpd/suexec.log --with-suexec-bin=/usr/sbin/suexec --with-suexec-uidmin=500 --with-suexec-gidmin=100 --enable-pie --with-pcre --enable-mods-shared=all --enable-ssl --with-ssl --enable-distcache --enable-proxy --enable-cache --enable-disk-cache --enable-socache-dc --enable-ldap --enable-authnz-ldap --enable-cgid --enable-authn-anon --enable-authn-alias --enable-session --enable-session-cookie --enable-session-dbd --enable-lua --enable-dav-lock --disable-imagemap"}, {"count": 1, "tags": [], "creator": "mark@catseye.org", "attachment_id": 26625, "is_private": false, "id": 144058, "time": "2011-02-08T13:21:14Z", "bug_id": 50735, "creation_time": "2011-02-08T13:21:14Z", "text": "Created attachment 26625\nPatch to fix compilation error in mod_socache_dc"}, {"count": 2, "tags": [], "bug_id": 50735, "attachment_id": null, "id": 144059, "time": "2011-02-08T13:21:41Z", "creator": "mark@catseye.org", "creation_time": "2011-02-08T13:21:41Z", "is_private": false, "text": "Patch attached."}, {"count": 3, "attachment_id": null, "bug_id": 50735, "is_private": false, "id": 144076, "time": "2011-02-09T03:03:54Z", "creator": "rpluem@apache.org", "creation_time": "2011-02-09T03:03:54Z", "tags": [], "text": "Thanks for the patch. Fixed in r1068778."}]