[{"count": 0, "tags": [], "bug_id": 51271, "text": "crypto/apr_crypto_nss.c of APR-Util 1.5.x branch fails to compile due to errors introduced in r1127693.\n\ncrypto/apr_crypto_nss.c:62:5: error: expected specifier-qualifier-list before \u2018CK_MECHANISM_TYPE\u2019\ncrypto/apr_crypto_nss.c:72:5: error: expected specifier-qualifier-list before \u2018PK11Context\u2019\ncrypto/apr_crypto_nss.c: In function \u2018crypto_shutdown\u2019:\ncrypto/apr_crypto_nss.c:92:5: warning: implicit declaration of function \u2018NSS_IsInitialized\u2019\ncrypto/apr_crypto_nss.c:93:9: error: \u2018SECStatus\u2019 undeclared (first use in this function)\ncrypto/apr_crypto_nss.c:93:9: note: each undeclared identifier is reported only once for each function it appears in\ncrypto/apr_crypto_nss.c:93:19: error: expected \u2018;\u2019 before \u2018s\u2019\ncrypto/apr_crypto_nss.c:94:13: error: \u2018s\u2019 undeclared (first use in this function)\ncrypto/apr_crypto_nss.c:94:18: error: \u2018SECSuccess\u2019 undeclared (first use in this function)\ncrypto/apr_crypto_nss.c: In function \u2018crypto_shutdown_helper\u2019:\ncrypto/apr_crypto_nss.c:103:17: warning: unused variable \u2018pool\u2019\ncrypto/apr_crypto_nss.c: In function \u2018crypto_init\u2019:\ncrypto/apr_crypto_nss.c:112:5: error: \u2018SECStatus\u2019 undeclared (first use in this function)\ncrypto/apr_crypto_nss.c:112:15: error: expected \u2018;\u2019 before \u2018s\u2019\ncrypto/apr_crypto_nss.c:150:9: error: \u2018s\u2019 undeclared (first use in this function)\ncrypto/apr_crypto_nss.c:150:9: warning: implicit declaration of function \u2018NSS_Initialize\u2019\ncrypto/apr_crypto_nss.c:153:9: warning: implicit declaration of function \u2018NSS_InitReadWrite\u2019\ncrypto/apr_crypto_nss.c:156:9: warning: implicit declaration of function \u2018NSS_NoDB_Init\u2019\ncrypto/apr_crypto_nss.c:158:14: error: \u2018SECSuccess\u2019 undeclared (first use in this function)\ncrypto/apr_crypto_nss.c: In function \u2018crypto_block_cleanup\u2019:\ncrypto/apr_crypto_nss.c:178:14: error: \u2018apr_crypto_block_t\u2019 has no member named \u2018ctx\u2019\ncrypto/apr_crypto_nss.c:179:9: warning: implicit declaration of function \u2018PK11_DestroyContext\u2019\ncrypto/apr_crypto_nss.c:179:34: error: \u2018apr_crypto_block_t\u2019 has no member named \u2018ctx\u2019\ncrypto/apr_crypto_nss.c:180:14: error: \u2018apr_crypto_block_t\u2019 has no member named \u2018ctx\u2019\ncrypto/apr_crypto_nss.c: In function \u2018crypto_cleanup\u2019:\ncrypto/apr_crypto_nss.c:204:20: error: \u2018apr_crypto_key_t\u2019 has no member named \u2018symKey\u2019\ncrypto/apr_crypto_nss.c:205:17: warning: implicit declaration of function \u2018PK11_FreeSymKey\u2019\ncrypto/apr_crypto_nss.c:205:36: error: \u2018apr_crypto_key_t\u2019 has no member named \u2018symKey\u2019\ncrypto/apr_crypto_nss.c:206:20: error: \u2018apr_crypto_key_t\u2019 has no member named \u2018symKey\u2019\ncrypto/apr_crypto_nss.c: In function \u2018crypto_passphrase\u2019:\ncrypto/apr_crypto_nss.c:313:5: error: \u2018PK11SlotInfo\u2019 undeclared (first use in this function)\ncrypto/apr_crypto_nss.c:313:20: error: \u2018slot\u2019 undeclared (first use in this function)\ncrypto/apr_crypto_nss.c:314:5: error: \u2018SECItem\u2019 undeclared (first use in this function)\ncrypto/apr_crypto_nss.c:314:13: error: expected \u2018;\u2019 before \u2018passItem\u2019\ncrypto/apr_crypto_nss.c:315:13: error: expected \u2018;\u2019 before \u2018saltItem\u2019\ncrypto/apr_crypto_nss.c:316:5: error: \u2018SECAlgorithmID\u2019 undeclared (first use in this function)\ncrypto/apr_crypto_nss.c:316:21: error: \u2018algid\u2019 undeclared (first use in this function)\ncrypto/apr_crypto_nss.c:335:16: error: \u2018apr_crypto_key_t\u2019 has no member named \u2018cipherOid\u2019\ncrypto/apr_crypto_nss.c:335:30: error: \u2018SEC_OID_DES_EDE3_CBC\u2019 undeclared (first use in this function)\ncrypto/apr_crypto_nss.c:344:16: error: \u2018apr_crypto_key_t\u2019 has no member named \u2018cipherOid\u2019\ncrypto/apr_crypto_nss.c:344:30: error: \u2018SEC_OID_AES_128_CBC\u2019 undeclared (first use in this function)\ncrypto/apr_crypto_nss.c:347:16: error: \u2018apr_crypto_key_t\u2019 has no member named \u2018cipherOid\u2019\ncrypto/apr_crypto_nss.c:347:30: error: \u2018SEC_OID_AES_128_ECB\u2019 undeclared (first use in this function)\ncrypto/apr_crypto_nss.c:352:16: error: \u2018apr_crypto_key_t\u2019 has no member named \u2018cipherOid\u2019\ncrypto/apr_crypto_nss.c:352:30: error: \u2018SEC_OID_AES_192_CBC\u2019 undeclared (first use in this function)\ncrypto/apr_crypto_nss.c:355:16: error: \u2018apr_crypto_key_t\u2019 has no member named \u2018cipherOid\u2019\ncrypto/apr_crypto_nss.c:355:30: error: \u2018SEC_OID_AES_192_ECB\u2019 undeclared (first use in this function)\ncrypto/apr_crypto_nss.c:360:16: error: \u2018apr_crypto_key_t\u2019 has no member named \u2018cipherOid\u2019\ncrypto/apr_crypto_nss.c:360:30: error: \u2018SEC_OID_AES_256_CBC\u2019 undeclared (first use in this function)\ncrypto/apr_crypto_nss.c:363:16: error: \u2018apr_crypto_key_t\u2019 has no member named \u2018cipherOid\u2019\ncrypto/apr_crypto_nss.c:363:30: error: \u2018SEC_OID_AES_256_ECB\u2019 undeclared (first use in this function)\ncrypto/apr_crypto_nss.c:372:8: error: \u2018apr_crypto_key_t\u2019 has no member named \u2018cipherMech\u2019\ncrypto/apr_crypto_nss.c:372:5: warning: implicit declaration of function \u2018PK11_AlgtagToMechanism\u2019\ncrypto/apr_crypto_nss.c:372:49: error: \u2018apr_crypto_key_t\u2019 has no member named \u2018cipherOid\u2019\ncrypto/apr_crypto_nss.c:373:12: error: \u2018apr_crypto_key_t\u2019 has no member named \u2018cipherMech\u2019\ncrypto/apr_crypto_nss.c:373:28: error: \u2018CKM_INVALID_MECHANISM\u2019 undeclared (first use in this function)\ncrypto/apr_crypto_nss.c:377:9: error: \u2018CK_MECHANISM_TYPE\u2019 undeclared (first use in this function)\ncrypto/apr_crypto_nss.c:377:27: error: expected \u2018;\u2019 before \u2018paddedMech\u2019\ncrypto/apr_crypto_nss.c:378:9: error: \u2018paddedMech\u2019 undeclared (first use in this function)\ncrypto/apr_crypto_nss.c:378:9: warning: implicit declaration of function \u2018PK11_GetPadMechanism\u2019\ncrypto/apr_crypto_nss.c:378:46: error: \u2018apr_crypto_key_t\u2019 has no member named \u2018cipherMech\u2019\ncrypto/apr_crypto_nss.c:379:55: error: \u2018apr_crypto_key_t\u2019 has no member named \u2018cipherMech\u2019\ncrypto/apr_crypto_nss.c:382:12: error: \u2018apr_crypto_key_t\u2019 has no member named \u2018cipherMech\u2019\ncrypto/apr_crypto_nss.c:386:5: error: \u2018passItem\u2019 undeclared (first use in this function)\ncrypto/apr_crypto_nss.c:388:5: error: \u2018saltItem\u2019 undeclared (first use in this function)\ncrypto/apr_crypto_nss.c:393:5: warning: implicit declaration of function \u2018PK11_CreatePBEV2AlgorithmID\u2019\ncrypto/apr_crypto_nss.c:393:44: error: \u2018apr_crypto_key_t\u2019 has no member named \u2018cipherOid\u2019\ncrypto/apr_crypto_nss.c:393:60: error: \u2018apr_crypto_key_t\u2019 has no member named \u2018cipherOid\u2019\ncrypto/apr_crypto_nss.c:393:73: error: \u2018SEC_OID_HMAC_SHA1\u2019 undeclared (first use in this function)\ncrypto/apr_crypto_nss.c:395:9: warning: implicit declaration of function \u2018PK11_GetBestSlot\u2019\ncrypto/apr_crypto_nss.c:395:36: error: \u2018apr_crypto_key_t\u2019 has no member named \u2018cipherMech\u2019\ncrypto/apr_crypto_nss.c:397:16: error: \u2018apr_crypto_key_t\u2019 has no member named \u2018symKey\u2019\ncrypto/apr_crypto_nss.c:397:13: warning: implicit declaration of function \u2018PK11_PBEKeyGen\u2019\ncrypto/apr_crypto_nss.c:398:13: warning: implicit declaration of function \u2018PK11_FreeSlot\u2019\ncrypto/apr_crypto_nss.c:400:9: warning: implicit declaration of function \u2018SECOID_DestroyAlgorithmID\u2019\ncrypto/apr_crypto_nss.c:404:13: error: \u2018apr_crypto_key_t\u2019 has no member named \u2018symKey\u2019\ncrypto/apr_crypto_nss.c:405:9: warning: implicit declaration of function \u2018PORT_GetError\u2019\ncrypto/apr_crypto_nss.c:413:8: error: \u2018apr_crypto_key_t\u2019 has no member named \u2018ivSize\u2019\ncrypto/apr_crypto_nss.c:413:5: warning: implicit declaration of function \u2018PK11_GetIVLength\u2019\ncrypto/apr_crypto_nss.c:413:39: error: \u2018apr_crypto_key_t\u2019 has no member named \u2018cipherMech\u2019\ncrypto/apr_crypto_nss.c:415:22: error: \u2018apr_crypto_key_t\u2019 has no member named \u2018ivSize\u2019\ncrypto/apr_crypto_nss.c: In function \u2018crypto_block_encrypt_init\u2019:\ncrypto/apr_crypto_nss.c:442:5: error: \u2018SECItem\u2019 undeclared (first use in this function)\ncrypto/apr_crypto_nss.c:442:15: error: \u2018secParam\u2019 undeclared (first use in this function)\ncrypto/apr_crypto_nss.c:443:13: error: expected \u2018;\u2019 before \u2018ivItem\u2019\ncrypto/apr_crypto_nss.c:460:12: error: \u2018apr_crypto_key_t\u2019 has no member named \u2018ivSize\u2019\ncrypto/apr_crypto_nss.c:465:22: error: \u2018apr_crypto_key_t\u2019 has no member named \u2018ivSize\u2019\ncrypto/apr_crypto_nss.c:465:22: error: \u2018apr_crypto_key_t\u2019 has no member named \u2018ivSize\u2019\ncrypto/apr_crypto_nss.c:469:13: error: \u2018SECStatus\u2019 undeclared (first use in this function)\ncrypto/apr_crypto_nss.c:469:23: error: expected \u2018;\u2019 before \u2018s\u2019\ncrypto/apr_crypto_nss.c:470:17: error: \u2018s\u2019 undeclared (first use in this function)\ncrypto/apr_crypto_nss.c:470:22: error: \u2018SECSuccess\u2019 undeclared (first use in this function)\ncrypto/apr_crypto_nss.c:478:9: error: \u2018ivItem\u2019 undeclared (first use in this function)\ncrypto/apr_crypto_nss.c:479:25: error: \u2018apr_crypto_key_t\u2019 has no member named \u2018ivSize\u2019\ncrypto/apr_crypto_nss.c:480:9: warning: implicit declaration of function \u2018PK11_ParamFromIV\u2019\ncrypto/apr_crypto_nss.c:480:40: error: \u2018apr_crypto_key_t\u2019 has no member named \u2018cipherMech\u2019\ncrypto/apr_crypto_nss.c:483:9: warning: implicit declaration of function \u2018PK11_GenerateNewParam\u2019\ncrypto/apr_crypto_nss.c:483:45: error: \u2018apr_crypto_key_t\u2019 has no member named \u2018cipherMech\u2019\ncrypto/apr_crypto_nss.c:483:62: error: \u2018apr_crypto_key_t\u2019 has no member named \u2018symKey\u2019\ncrypto/apr_crypto_nss.c:485:10: error: \u2018apr_crypto_block_t\u2019 has no member named \u2018blockSize\u2019\ncrypto/apr_crypto_nss.c:485:5: warning: implicit declaration of function \u2018PK11_GetBlockSize\u2019\ncrypto/apr_crypto_nss.c:485:45: error: \u2018apr_crypto_key_t\u2019 has no member named \u2018cipherMech\u2019\ncrypto/apr_crypto_nss.c:486:10: error: \u2018apr_crypto_block_t\u2019 has no member named \u2018ctx\u2019\ncrypto/apr_crypto_nss.c:486:5: warning: implicit declaration of function \u2018PK11_CreateContextBySymKey\u2019\ncrypto/apr_crypto_nss.c:486:48: error: \u2018apr_crypto_key_t\u2019 has no member named \u2018cipherMech\u2019\ncrypto/apr_crypto_nss.c:486:62: error: \u2018CKA_ENCRYPT\u2019 undeclared (first use in this function)\ncrypto/apr_crypto_nss.c:486:78: error: \u2018apr_crypto_key_t\u2019 has no member named \u2018symKey\u2019\ncrypto/apr_crypto_nss.c:490:23: error: \u2018apr_crypto_block_t\u2019 has no member named \u2018ctx\u2019\ncrypto/apr_crypto_nss.c:497:39: error: \u2018apr_crypto_key_t\u2019 has no member named \u2018cipherMech\u2019\ncrypto/apr_crypto_nss.c: In function \u2018crypto_block_encrypt\u2019:\ncrypto/apr_crypto_nss.c:530:32: error: \u2018apr_crypto_block_t\u2019 has no member named \u2018blockSize\u2019\ncrypto/apr_crypto_nss.c:534:55: error: \u2018apr_crypto_block_t\u2019 has no member named \u2018blockSize\u2019\ncrypto/apr_crypto_nss.c:541:5: error: \u2018SECStatus\u2019 undeclared (first use in this function)\ncrypto/apr_crypto_nss.c:541:15: error: expected \u2018;\u2019 before \u2018s\u2019\ncrypto/apr_crypto_nss.c:542:9: error: \u2018s\u2019 undeclared (first use in this function)\ncrypto/apr_crypto_nss.c:542:14: error: \u2018SECSuccess\u2019 undeclared (first use in this function)\ncrypto/apr_crypto_nss.c: In function \u2018crypto_block_encrypt_finish\u2019:\ncrypto/apr_crypto_nss.c:581:5: error: \u2018SECStatus\u2019 undeclared (first use in this function)\ncrypto/apr_crypto_nss.c:581:15: error: expected \u2018;\u2019 before \u2018s\u2019\ncrypto/apr_crypto_nss.c:584:9: error: \u2018s\u2019 undeclared (first use in this function)\ncrypto/apr_crypto_nss.c:584:14: error: \u2018SECSuccess\u2019 undeclared (first use in this function)\ncrypto/apr_crypto_nss.c: In function \u2018crypto_block_decrypt_init\u2019:\ncrypto/apr_crypto_nss.c:618:5: error: \u2018SECItem\u2019 undeclared (first use in this function)\ncrypto/apr_crypto_nss.c:618:15: error: \u2018secParam\u2019 undeclared (first use in this function)\ncrypto/apr_crypto_nss.c:634:12: error: \u2018apr_crypto_key_t\u2019 has no member named \u2018ivSize\u2019\ncrypto/apr_crypto_nss.c:635:17: error: expected \u2018;\u2019 before \u2018ivItem\u2019\ncrypto/apr_crypto_nss.c:639:9: error: \u2018ivItem\u2019 undeclared (first use in this function)\ncrypto/apr_crypto_nss.c:640:25: error: \u2018apr_crypto_key_t\u2019 has no member named \u2018ivSize\u2019\ncrypto/apr_crypto_nss.c:641:40: error: \u2018apr_crypto_key_t\u2019 has no member named \u2018cipherMech\u2019\ncrypto/apr_crypto_nss.c:644:45: error: \u2018apr_crypto_key_t\u2019 has no member named \u2018cipherMech\u2019\ncrypto/apr_crypto_nss.c:644:62: error: \u2018apr_crypto_key_t\u2019 has no member named \u2018symKey\u2019\ncrypto/apr_crypto_nss.c:646:10: error: \u2018apr_crypto_block_t\u2019 has no member named \u2018blockSize\u2019\ncrypto/apr_crypto_nss.c:646:45: error: \u2018apr_crypto_key_t\u2019 has no member named \u2018cipherMech\u2019\ncrypto/apr_crypto_nss.c:647:10: error: \u2018apr_crypto_block_t\u2019 has no member named \u2018ctx\u2019\ncrypto/apr_crypto_nss.c:647:48: error: \u2018apr_crypto_key_t\u2019 has no member named \u2018cipherMech\u2019\ncrypto/apr_crypto_nss.c:647:62: error: \u2018CKA_DECRYPT\u2019 undeclared (first use in this function)\ncrypto/apr_crypto_nss.c:647:78: error: \u2018apr_crypto_key_t\u2019 has no member named \u2018symKey\u2019\ncrypto/apr_crypto_nss.c:651:23: error: \u2018apr_crypto_block_t\u2019 has no member named \u2018ctx\u2019\ncrypto/apr_crypto_nss.c:658:43: error: \u2018apr_crypto_key_t\u2019 has no member named \u2018cipherMech\u2019\ncrypto/apr_crypto_nss.c: In function \u2018crypto_block_decrypt\u2019:\ncrypto/apr_crypto_nss.c:691:32: error: \u2018apr_crypto_block_t\u2019 has no member named \u2018blockSize\u2019\ncrypto/apr_crypto_nss.c:695:55: error: \u2018apr_crypto_block_t\u2019 has no member named \u2018blockSize\u2019\ncrypto/apr_crypto_nss.c:702:5: error: \u2018SECStatus\u2019 undeclared (first use in this function)\ncrypto/apr_crypto_nss.c:702:15: error: expected \u2018;\u2019 before \u2018s\u2019\ncrypto/apr_crypto_nss.c:703:9: error: \u2018s\u2019 undeclared (first use in this function)\ncrypto/apr_crypto_nss.c:703:14: error: \u2018SECSuccess\u2019 undeclared (first use in this function)\ncrypto/apr_crypto_nss.c: In function \u2018crypto_block_decrypt_finish\u2019:\ncrypto/apr_crypto_nss.c:742:5: error: \u2018SECStatus\u2019 undeclared (first use in this function)\ncrypto/apr_crypto_nss.c:742:15: error: expected \u2018;\u2019 before \u2018s\u2019\ncrypto/apr_crypto_nss.c:745:9: error: \u2018s\u2019 undeclared (first use in this function)\ncrypto/apr_crypto_nss.c:745:14: error: \u2018SECSuccess\u2019 undeclared (first use in this function)", "id": 146660, "time": "2011-05-26T13:27:44Z", "creator": "Arfrever.FTA@GMail.Com", "creation_time": "2011-05-26T13:27:44Z", "is_private": false, "attachment_id": null}, {"count": 1, "tags": [], "bug_id": 51271, "text": "The following preprocessor definitions are not defined:\n  HAVE_NSS_NSS_H\n  HAVE_NSS_H\n  HAVE_NSS_PK11PUB_H\n  HAVE_PK11PUB_H\n\nAddition of the following line fixes compilation:\n#include \"apu_config.h\"", "id": 146661, "time": "2011-05-26T13:30:08Z", "creator": "Arfrever.FTA@GMail.Com", "creation_time": "2011-05-26T13:30:08Z", "is_private": false, "attachment_id": null}, {"count": 2, "tags": [], "bug_id": 51271, "text": "This bug has been fixed in r1129341 (1.5.x branch) and r1129342 (1.4.x branch).", "id": 146778, "time": "2011-05-31T19:42:30Z", "creator": "Arfrever.FTA@GMail.Com", "creation_time": "2011-05-31T19:42:30Z", "is_private": false, "attachment_id": null}]