[{"count": 0, "tags": [], "creator": "apache@snti.com", "text": "Attempting to compile the mod_webapp module on my Debian 2.1/Intel machine gives\nme this:\n\nmake[0]: Installing APR library in \"/var/tmp/webapp-module-1.0.1-tc401/lib\"\nmake[1]: Entering directory `/var/tmp/webapp-module-1.0.1-tc401'\n\nmake[1]: Entering directory \"apache-1.3\"\nmake[1]: Invoking \"make  build\"\nmake[2]: Entering directory `/var/tmp/webapp-module-1.0.1-tc401/apache-1.3'\n{ APXS_LDFLAGS_SHLIB=\"`/usr/bin/apxs -q LDFLAGS_SHLIB` \\\n         \\\n        -lm -lcrypt -lnsl -ldl\" ; \\\n    APXS_LDFLAGS_SHLIB=`/bin/echo ${APXS_LDFLAGS_SHLIB}` ; \\\n    APXS_CFLAGS=\"`/usr/bin/apxs -q CFLAGS` \\\n        -g -O2 \\\n        -g -O2 \\\n         \\\n        -DLINUX=2 -D_REENTRANT \\\n        -I/var/tmp/webapp-module-1.0.1-tc401/apr/include \\\n        -I/var/tmp/webapp-module-1.0.1-tc401/include \\\n        \" ; \\\n    APXS_CFLAGS=`/bin/echo ${APXS_CFLAGS}` ; \\\n    /usr/bin/apxs \\\n        -S CFLAGS=\"${APXS_CFLAGS}\" \\\n        -S LDFLAGS_SHLIB=\"${APXS_LDFLAGS_SHLIB}\" \\\n        -o \"mod_webapp.so\" \\\n        -c \"mod_webapp.c\" \\\n        \"/var/tmp/webapp-module-1.0.1-tc401/lib/libwebapp.a\" \\\n        \"/var/tmp/webapp-module-1.0.1-tc401/lib/libapr.a\" ; \\\n}\nBareword found where operator expected at (eval 6) line 1, near \"\"-DLINUX=2\n-DEAPI -DTARGET=\"apache\"\n        (Missing operator before apache?)\nBareword \"apache\" not allowed while \"strict subs\" in use at (eval 6) line 1.\nString found where operator expected at (eval 6) line 1, at end of line\ngcc -DLINUX=2 -DEAPI -DTARGET=\"apache\" -DMOD_SSL=207101 -DUSE_HSREGEX -DEAPI\n-DEAPI_MM -DUSE_EXPAT -I../lib/expat-lite -fpic -DSHARED_MODULE\n-I/usr/include/apache-1.3  -c mod_webapp.c\nmod_webapp.c:70: wa.h: No such file or directory\napxs:Break: Command failed with rc=1\nmake[2]: *** [mod_webapp.so] Error 1\nmake[2]: Leaving directory `/var/tmp/webapp-module-1.0.1-tc401/apache-1.3'\nmake[1]: Exiting directory \"apache-1.3\"\nmake[1]: *** [template] Error 2\nmake[1]: Leaving directory `/var/tmp/webapp-module-1.0.1-tc401'\nmake: *** [apache-1.3-build] Error 2\n\n\n\nThe build scripts seem a little too fragile I think.\n\nThe culprit is the output from the command 'apxs -q CFLAGS', which\non my system is thus:\n\n-DLINUX=2 -DEAPI -DTARGET=\"apache\" -DMOD_SSL=207101 -DUSE_HSREGEX -DEAPI\n-DEAPI_MM -DUSE_EXPAT -I../lib/expat-lite\n\nNote the '\"'s around the TARGET symbol.\n\nRunning the script by hand to work around the issue seems to work ok\n(but is tedious).", "id": 8361, "time": "2001-11-27T16:04:58Z", "bug_id": 5150, "creation_time": "2001-11-27T16:04:58Z", "is_private": false, "attachment_id": null}, {"count": 1, "tags": [], "bug_id": 5150, "text": "\n\n*** This bug has been marked as a duplicate of 4925 ***", "id": 9506, "attachment_id": null, "creator": "jfclere@gmail.com", "creation_time": "2002-01-10T06:36:38Z", "time": "2002-01-10T06:36:38Z", "is_private": false}]