[{"count": 0, "tags": [], "creator": "gt0057@gmail.com", "text": "Apache 2.2.9 configuration\n\n/configure --with-layout=Apache --prefix=/usr/local/apache --sysconfdir=/etc/apache --enable-modulue=all --enable-shared=max --enable-so --enable-rewrite\n=shared --enable-speling --enable-vhost_alias --enable-info --enable-imagemap --enable-mods-shared=all --enable-proxy --enable-proxy-http --with-pgsql=/usr\n/local/pgsql --enable-dbd --enable-authn-dbm --enable-authn-dbd --enable-rewrite --with-included-apr --with-pcre\n\nwith the following error\nMaking all in apr-util\nmake[2]: Entering directory `/home/mercurio/httpd-2.2.19/srclib/apr-util'\n/home/httpd-2.2.19/srclib/apr-util/build/rules.mk:1: warning: NUL character seen; rest of line ignored\n/home/httpd-2.2.19/srclib/apr-util/build/rules.mk:2: warning: NUL character seen; rest of line ignored\n/home/httpd-2.2.19/srclib/apr-util/build/rules.mk:3: warning: NUL character seen; rest of line ignored\n/home/httpd-2.2.19/srclib/apr-util/build/rules.mk:4: warning: NUL character seen; rest of line ignored\n/home/httpd-2.2.19/srclib/apr-util/build/rules.mk:5: warning: NUL character seen; rest of line ignored\n/home/httpd-2.2.19/srclib/apr-util/build/rules.mk:6: warning: NUL character seen; rest of line ignored\n/home/httpd-2.2.19/srclib/apr-util/build/rules.mk:7: warning: NUL character seen; rest of line ignored\n/home/httpd-2.2.19/srclib/apr-util/build/rules.mk:8: warning: NUL character seen; rest of line ignored\n/home/httpd-2.2.19/srclib/apr-util/build/rules.mk:9: warning: NUL character seen; rest of line ignored\n/home/httpd-2.2.19/srclib/apr-util/build/rules.mk:10: warning: NUL character seen; rest of line ignored\n/home/httpd-2.2.19/srclib/apr-util/build/rules.mk:11: warning: NUL character seen; rest of line ignored\n/home/httpd-2.2.19/srclib/apr-util/build/rules.mk:12: warning: NUL character seen; rest of line ignored\n/home/httpd-2.2.19/srclib/apr-util/build/rules.mk:13: warning: NUL character seen; rest of line ignored\n/home/httpd-2.2.19/srclib/apr-util/build/rules.mk:14: warning: NUL character seen; rest of line ignored\n/home/httpd-2.2.19/srclib/apr-util/build/rules.mk:15: warning: NUL character seen; rest of line ignored\n/home/httpd-2.2.19/srclib/apr-util/build/rules.mk:16: warning: NUL character seen; rest of line ignored\n/home/httpd-2.2.19/srclib/apr-util/build/rules.mk:17: warning: NUL character seen; rest of line ignored\n/home/httpd-2.2.19/srclib/apr-util/build/rules.mk:18: warning: NUL characer seen; rest of line ignored\n/home/httpd-2.2.19/srclib/apr-util/build/rules.mk:19: warning: NUL character seen; rest of line ignored\n/home/httpd-2.2.19/srclib/apr-util/build/rules.mk:20: warning: NUL character seen; rest of line ignored\n/home/httpd-2.2.19/srclib/apr-util/build/rules.mk:21: warning: NUL character seen; rest of line ignored\n/home/httpd-2.2.19/srclib/apr-util/build/rules.mk:22: warning: NUL character seen; rest of line ignored\n/home/httpd-2.2.19/srclib/apr-util/build/rules.mk:23: warning: NUL character seen; rest of line ignored\n/home/httpd-2.2.19/srclib/apr-util/build/rules.mk:24: warning: NUL character seen; rest of line ignored\n/home/httpd-2.2.19/srclib/apr-util/build/rules.mk:25: warning: NUL character seen; rest of line ignored\n/home/httpd-2.2.19/srclib/apr-util/build/rules.mk:26: warning: NUL character seen; rest of line ignored\n/home/httpd-2.2.19/srclib/apr-util/build/rules.mk:27: warning: NUL character seen; rest of line ignored\n/home/httpd-2.2.19/srclib/apr-util/build/rules.mk:28: warning: NUL character seen; rest of line ignored\n/home/httpd-2.2.19/srclib/apr-util/build/rules.mk:29: warning: NUL character seen; rest of line ignored\n/home/httpd-2.2.19/srclib/apr-util/build/rules.mk:30: warning: NUL character seen; rest of line ignored\n/home/httpd-2.2.19/srclib/apr-util/build/rules.mk:31: warning: NUL character seen; rest of line ignored\n/home/httpd-2.2.19/srclib/apr-util/build/rules.mk:32: warning: NUL character seen; rest of line ignored\nmake[2]: *** No rule to make target `all'.  Stop.\nmake[2]: Leaving directory `/home/httpd-2.2.19/srclib/apr-util'\nmake[1]: *** [all-recursive] Error 1\nmake[1]: Leaving directory `/home/httpd-2.2.19/srclib'\nmake: *** [all-recursive] Error 1\n\nHow can I fix it?\n\nThank you", "id": 148860, "time": "2011-08-28T01:35:06Z", "bug_id": 51729, "creation_time": "2011-08-28T01:35:06Z", "is_private": false, "attachment_id": null}, {"attachment_id": null, "tags": [], "bug_id": 51729, "is_private": false, "count": 1, "id": 148864, "time": "2011-08-28T10:22:29Z", "creator": "nick@webthing.com", "creation_time": "2011-08-28T10:22:29Z", "text": "Works for everyone else.\n\nIf you have trouble compiling, you should take it to a user support forum.\n\nBefore doing that, I suggest you try compiling apr and apr-util separately, to determine whether your problem is there or with building httpd.\n\nAlso check your output from configure.  The fact your rules.mk is broken indicates some problem in configure, and you should have some error messages."}, {"attachment_id": null, "tags": [], "bug_id": 51729, "is_private": false, "count": 2, "id": 148876, "time": "2011-08-29T07:29:56Z", "creator": "gt0057@gmail.com", "creation_time": "2011-08-29T07:29:56Z", "text": "My system: Slackware 13.37 and kernel 3.0.3\n\nI have compiled apr-1.4.5 with --prefix=/usr/local/apr\nand everything went well.\n\nI have compiled apr-util-1.3.12 with --prefix=/usr/local/apr-util --with-apr=/usr/local/apr and I have the following error:\n\nlibtool: link: `/usr/local/apr/lib/libapr-1.la' is not a valid libtool archive\nmake[1]: *** [libaprutil-1.la] Error 1\nmake[1]: Leaving directory `/home/apr-util-1.3.12'\nmake: *** [all-recursive] Error 1\n\nWhat should I do to solve the problem?\n\n\nThanks again for your help"}, {"count": 3, "tags": [], "creator": "gt0057@gmail.com", "text": "New Test (httpd-2.2.20)\n\nMy system: Slackware 13.37 and kernel 3.0.4\n\nI have compiled apr-1.4.5 with --prefix=/usr/local/apr\nand everything went well. (after 3 make instal)\n\nI have compiled apr-util-1.3.12 with --prefix=/usr/local/apr-util\n--with-apr=/usr/local/apr  --with-pgsql=/usr/local/pgsql, and everything went well. (after 3 make install)\n\nAnd I have the following error in configure httpd-2.2.20:\n\nchecking for APR version 1.2.0 or later... yes\nchecking for APR-util version 1.2.0 or later... no\nconfigure: error: APR-util version 1.2.0 or later is required\n\nconfig: httpd-2.2.20\n\n./configure --with-layout=Apache --prefix=/usr/local/apache\n--sysconfdir=/etc/apache --enable-modulue=all --enable-shared=max --enable-so\n--enable-rewrite=shared --enable-speling --enable-vhost_alias --enable-info --enable-imagemap --enable-mods-shared=all --enable-proxy --enable-proxy-http --enable-dbd --enable-authn-dbm --enable-authn-dbd --with-pcre\n--enable-rewrite --with-apr=/usr/local/apr --with-apr-util=/usr/local/apr-util", "id": 149181, "time": "2011-09-12T16:25:36Z", "bug_id": 51729, "creation_time": "2011-09-12T16:25:36Z", "is_private": false, "attachment_id": null}]