[{"count": 0, "tags": [], "bug_id": 53773, "text": "Created attachment 29271\nSource code\n\nI follow this tutorial to create a task & gerneate HTML report.\n(http://ant.apache.org/manual/tutorial-writing-tasks.html)\n\nBut following error message is shown while gererating html report.\n\nD:\\eclipse\\workspace\\Test>ant\nBuildfile: D:\\eclipse\\workspace\\Test\\build.xml\n\ncompile:\n    [javac] D:\\eclipse\\workspace\\Test\\build.xml:32: warning: 'includeantruntime'\n was not set, defaulting to build.sysclasspath=last; set to false for repeatable\n builds\n\njar:\n\njunit:\n   [delete] Deleting directory D:\\eclipse\\workspace\\Test\\report\\junit\\xml\n    [mkdir] Created dir: D:\\eclipse\\workspace\\Test\\report\\junit\\xml\n    [junit] Running HelloWorldTest\n    [junit] Tests run: 5, Failures: 3, Errors: 0, Time elapsed: 1.36 sec\n    [junit] Test HelloWorldTest FAILED\n\njunitreport:\n[junitreport] Processing D:\\eclipse\\workspace\\Test\\report\\junit\\html\\TESTS-TestS\nuites.xml to C:\\DOCUME~1\\myname\\LOCALS~1\\Temp\\null1784577025\n[junitreport] Loading stylesheet jar:file:/D:/eclipse/plugins/org.apache.ant_1.8\n.3.v20120321-1730/lib/ant-junit.jar!/org/apache/tools/ant/taskdefs/optional/juni\nt/xsl/junit-frames.xsl\n[junitreport] Failed to transform using stylesheet jar:file:/D:/eclipse/plugins/\norg.apache.ant_1.8.3.v20120321-1730/lib/ant-junit.jar!/org/apache/tools/ant/task\ndefs/optional/junit/xsl/junit-frames.xsl\n[junitreport] Failed to process D:\\eclipse\\workspace\\Test\\report\\junit\\html\\TEST\nS-TestSuites.xml\n\nBUILD FAILED\nD:\\eclipse\\workspace\\Test\\build.xml:89: Errors while applying transformations: D\n:\\eclipse\\workspace\\Test\\build.xml:89: class org.apache.tools.ant.taskdefs.optio\nnal.TraXLiaison accepts the stylesheet only as a file\n\nTotal time: 3 seconds\n\nAnt: v1.8.3\nJDK: v1.6.0_33", "id": 161657, "attachment_id": 29271, "creator": "yicheng.lin@gmail.com", "creation_time": "2012-08-24T08:37:16Z", "time": "2012-08-24T08:37:16Z", "is_private": false}, {"count": 1, "attachment_id": null, "bug_id": 53773, "text": "Are you sure you are running the exact files you have attached?  The build works for me and from the error message I'd guess you were using the wrong property in the dir attribute of the fileset nested into the junitreport task - it seems to try reading files from the HTML rather than the XML subdirectory.", "id": 172286, "time": "2014-01-11T18:19:02Z", "creator": "bodewig@apache.org", "creation_time": "2014-01-11T18:19:02Z", "tags": [], "is_private": false}]