[{"count": 0, "tags": [], "text": "Building the RPM for apache-2.4.4 fails with:\n\n/usr/bin/ld: cannot find -luuid\ncollect2: ld returned 1 exit status\nmake[2]: *** [htdbm] Error 1\nmake[2]: Leaving directory `/builddir/build/BUILD/httpd-2.4.4/support'\nmake[1]: *** [all-recursive] Error 1\nmake[1]: Leaving directory `/builddir/build/BUILD/httpd-2.4.4/support'\nmake: *** [all-recursive] Error 1\nerror: Bad exit status from /var/tmp/rpm-tmp.jGB1wV (%build)\nRPM build errors:\n    Bad exit status from /var/tmp/rpm-tmp.jGB1wV (%build)\n\nWhich is resolved by adding the missing dependency of libuuid-devel\n\n--- httpd-orig.spec\t2013-04-10 11:25:31.000000000 +0200\n+++ httpd.spec\t2013-04-10 11:19:19.309350648 +0200\n@@ -13,7 +13,7 @@\n Group: System Environment/Daemons\n BuildRoot: %{_tmppath}/%{name}-%{version}-%{release}-root\n BuildRequires: autoconf, perl, pkgconfig, findutils\n-BuildRequires: zlib-devel, libselinux-devel\n+BuildRequires: zlib-devel, libselinux-devel, libuuid-devel\n BuildRequires: apr-devel >= 1.4.0, apr-util-devel >= 1.4.0, pcre-devel >= 5.0\n Requires: initscripts >= 8.36, /etc/mime.types\n Obsoletes: httpd-suexec\n\nSteps to reproduce:\nrpmbuild -ts httpd-2.4.4.tar.bz2\nmock /home/arnoud/rpmbuild/SRPMS/httpd-2.4.4-1.src.rpm", "is_private": false, "id": 166509, "creation_time": "2013-04-10T09:33:39Z", "time": "2013-04-10T09:33:39Z", "creator": "a.vermeer@freshway.biz", "bug_id": 54824, "attachment_id": null}, {"count": 1, "tags": [], "creator": "a.vermeer@freshway.biz", "text": "Created attachment 30174\nFix for the missing requirement in the spec file", "id": 166510, "time": "2013-04-10T09:35:46Z", "bug_id": 54824, "creation_time": "2013-04-10T09:35:46Z", "is_private": false, "attachment_id": 30174}]