[{"count": 0, "tags": [], "creator": "gavr145@gmail.com", "attachment_id": null, "text": "Hi,\n\nThere is no way to build poi and the build problem is consistent in git snapshot, in svn trunk snapshot and in 3.11-FINAL\n\njava version \"1.7.0_67\"\n\nThe extract (if you need a bigger log trace - let me know\n--------------------8<------------------------\n\n     [java] Class org.apache.poi.xssf.usermodel.TestXSSFSheetAutosizeColumn does\n not derive from TestCase and does not have a @Test annotation\n     [java] Found 163 classes\n     [java] SLF4J: Failed to load class \"org.slf4j.impl.StaticLoggerBinder\".\n     [java] SLF4J: Defaulting to no-operation (NOP) logger implementation\n     [java] SLF4J: See http://www.slf4j.org/codes.html#StaticLoggerBinder for fu\nrther details.\n     [java] ....................................................................\n...............................................................................I\n..........E..................................................II.................\n................................................................................\n.......................................Setting col: 0 and row 0\n     [java] Setting col: 1 and row 1\n     [java] Warning - Row 13 has no cell 1, can't figure out test name\n     [java] [Fatal Error] :1:1: JAXP00010001: The parser has encountered more th\nan \"4096\" entity expansions in this document; this is the limit imposed by the J\nDK.\n     [java] [Fatal Error] :1:1: JAXP00010001: The parser has encountered more th\nan \"4096\" entity expansions in this document; this is the limit imposed by the J\nDK.\n     [java] ....................................................................\n................................................................................\n................................................................................\n...........I........I...........................................................\n................................................................................\n......................................................org.apache.poi.ss.usermode\nl.CellValue [12.0]\n     [java] org.apache.poi.ss.usermodel.CellValue [12.0]\n     [java] ....org.apache.poi.ss.usermodel.CellValue [1.0]\n     [java] org.apache.poi.ss.usermodel.CellValue [1.0]\n     [java] .org.apache.poi.ss.usermodel.CellValue [2.0]\n     [java] org.apache.poi.ss.usermodel.CellValue [2.0]\n     [java] .org.apache.poi.ss.usermodel.CellValue [2.0]\n     [java] .org.apache.poi.ss.usermodel.CellValue [2.0]\n     [java] .org.apache.poi.ss.usermodel.CellValue [2.0]\n     [java] .org.apache.poi.ss.usermodel.CellValue [3.0]\n     [java] ....................................................................\n................................................................................\n................................................................................\n......Done\n     [java] ...........<?xml version=\"1.0\" encoding=\"UTF-8\"?>\n     [java] <worksheet xmlns=\"http://schemas.openxmlformats.org/spreadsheetml/20\n06/main\"><dimension ref=\"A1\"/><sheetViews><sheetView workbookViewId=\"0\" tabSelec\nted=\"true\"/></sheetViews><sheetFormatPr defaultRowHeight=\"15.0\"/><sheetData/><pa\ngeMargins bottom=\"0.75\" footer=\"0.3\" header=\"0.3\" left=\"0.7\" right=\"0.7\" top=\"0.\n75\"/></worksheet>\n     [java] .......................................Name: /word/document.xml - Co\nntent Type: application/vnd.openxmlformats-officedocument.wordprocessingml.docum\nent.main+xml\n     [java] Exception in thread \"main\" java.lang.RuntimeException: Tests did not\n succeed, cannot build ooxml-lite jar\n--------------------8<------------------------", "id": 181220, "time": "2015-02-20T19:31:39Z", "bug_id": 57612, "creation_time": "2015-02-20T19:31:39Z", "is_private": false}, {"count": 1, "tags": [], "text": "The error message about entity expansions is not the actual problem, rather a unit test that is executed as part of the build (which is necessary to create the ooxml-libs) is failing and thus causes the build to stop. \n\nIs this the latest SVN version? We lately added more output in this step to print out more information about which unit test failed, but I would assume it may be related to the other problems with HTTP proxy that you had before as there is at least one test which tries to download additional things.", "attachment_id": null, "bug_id": 57612, "id": 181232, "time": "2015-02-21T11:19:09Z", "creator": "dominik.stadler@gmx.at", "creation_time": "2015-02-21T11:19:09Z", "is_private": false}, {"count": 2, "tags": [], "bug_id": 57612, "is_private": false, "id": 181263, "attachment_id": null, "creator": "gavr145@gmail.com", "creation_time": "2015-02-23T15:12:29Z", "time": "2015-02-23T15:12:29Z", "text": "Hi Dominik,\n\nYes, as I mentioned above, I got it with all 3 sources trees, I have right now, including svn trunk. So no way to build from sources on my side. \nIf it helps, I've seen the revision printed which happens to be 1661133.\n\nIt can't be connected with proxy since 3.11-FINAL, which was downloaded by me separately as one zip, gives exactly the same error. And the probability of hitting the same error in all 3 src due to proxy is zero. \n\nIf we can disable some unnecessary test - please let me know which and where.\n\nPlease let me know - if you want me to try a more recent fix from the trunk or a different version. I still believe that this is a kind of a limitation of 1.7.0_67 with those entity expansions.\n\nThanks"}, {"count": 3, "tags": [], "creator": "gavr145@gmail.com", "is_private": false, "id": 181271, "attachment_id": null, "bug_id": 57612, "creation_time": "2015-02-23T16:06:09Z", "time": "2015-02-23T16:06:09Z", "text": "Hi Dominik,\n\nSince you asked me regarding the latest svn version, I have \"svn updated\", seeing a few changes in the trunk, however the build fails with exactly the same error. I'm providing this information - just in case it may somehow help\n\n\n>svn info | grep Revi\nRevision: 1661706\n\n> ant clean\n...\n> ant jar\n...\ncompile-ooxml-lite:\n    [mkdir] Created dir: C:\\poi-src\\trunk\\build\\ooxml-lite-merged\n      [jar] Building jar: C:\\poi-src\\trunk\\build\\ooxml-lite-merged\\ooxml-lite-me\nrged.jar\n     [java] Collecting unit tests from C:\\poi-src\\trunk\\build\\ooxml-test-classes\n\n     [java] Inner class org.apache.poi.poifs.crypt.TestCertificateEncryption$Cer\ntData.class not included\n     [java] Inner class org.apache.poi.TestPOIXMLDocument$OPCParser.class not in\ncluded\n     [java] Inner class org.apache.poi.TestPOIXMLDocument$TestFactory.class not\nincluded\n     [java] Inner class org.apache.poi.xslf.geom.TestPresetGeometries$1.class no\nt included\n     [java] Inner class org.apache.poi.xssf.extractor.TestXSSFExportToXML$1.clas\ns not included\n     [java] Inner class org.apache.poi.xssf.extractor.TestXSSFExportToXML$DummyE\nntityResolver.class not included\n     [java] Inner class org.apache.poi.xssf.streaming.TestSXSSFWorkbook$1.class\nnot included\n     [java] Inner class org.apache.poi.xssf.streaming.TestSXSSFWorkbook$NullOutp\nutStream.class not included\n     [java] Inner class org.apache.poi.xssf.usermodel.TestFormulaEvaluatorOnXSSF\n$Result.class not included\n     [java] Inner class org.apache.poi.xssf.usermodel.TestFormulaEvaluatorOnXSSF\n$SS.class not included\n     [java] Inner class org.apache.poi.xssf.usermodel.TestMultiSheetFormulaEvalu\natorOnXSSF$Result.class not included\n     [java] Inner class org.apache.poi.xssf.usermodel.TestMultiSheetFormulaEvalu\natorOnXSSF$SS.class not included\n     [java] Inner class org.apache.poi.xssf.usermodel.TestXSSFBugs$1.class not i\nncluded\n     [java] Class org.apache.poi.xssf.usermodel.TestXSSFSheetAutosizeColumn does\n not derive from TestCase and does not have a @Test annotation\n     [java] Found 163 classes\n     [java] SLF4J: Failed to load class \"org.slf4j.impl.StaticLoggerBinder\".\n     [java] SLF4J: Defaulting to no-operation (NOP) logger implementation\n     [java] SLF4J: See http://www.slf4j.org/codes.html#StaticLoggerBinder for fu\nrther details.\n     [java] ....................................................................\n................................................................................\n.I..........E..................................................II...............\n................................................................................\n.........................................Setting col: 0 and row 0\n     [java] Setting col: 1 and row 1\n     [java] Warning - Row 13 has no cell 1, can't figure out test name\n     [java] [Fatal Error] :1:1: JAXP00010001: The parser has encountered more th\nan \"4096\" entity expansions in this document; this is the limit imposed by the J\nDK.\n     [java] [Fatal Error] :1:1: JAXP00010001: The parser has encountered more th\nan \"4096\" entity expansions in this document; this is the limit imposed by the J\nDK.\n     [java] ....................................................................\n................................................................................\n................................................................................\n...........I........I...........................................................\n................................................................................\n......................................................org.apache.poi.ss.usermode\nl.CellValue [12.0]\n     [java] org.apache.poi.ss.usermodel.CellValue [12.0]\n     [java] ....org.apache.poi.ss.usermodel.CellValue [1.0]\n     [java] org.apache.poi.ss.usermodel.CellValue [1.0]\n     [java] .org.apache.poi.ss.usermodel.CellValue [2.0]\n     [java] org.apache.poi.ss.usermodel.CellValue [2.0]\n     [java] .org.apache.poi.ss.usermodel.CellValue [2.0]\n     [java] .org.apache.poi.ss.usermodel.CellValue [2.0]\n     [java] .org.apache.poi.ss.usermodel.CellValue [2.0]\n     [java] .org.apache.poi.ss.usermodel.CellValue [3.0]\n     [java] ....................................................................\n................................................................................\n................................................................................\n......Done\n     [java] ...........<?xml version=\"1.0\" encoding=\"UTF-8\"?>\n     [java] <worksheet xmlns=\"http://schemas.openxmlformats.org/spreadsheetml/20\n06/main\"><dimension ref=\"A1\"/><sheetViews><sheetView workbookViewId=\"0\" tabSelec\nted=\"true\"/></sheetViews><sheetFormatPr defaultRowHeight=\"15.0\"/><sheetData/><pa\ngeMargins bottom=\"0.75\" footer=\"0.3\" header=\"0.3\" left=\"0.7\" right=\"0.7\" top=\"0.\n75\"/></worksheet>\n     [java] .......................................Name: /word/document.xml - Co\nntent Type: application/vnd.openxmlformats-officedocument.wordprocessingml.docum\nent.main+xml\n     [java] ....................................................................\n..................................................................\n     [java] Time: 79.182\n     [java] There was 1 failure:\n     [java] 1) testSignEnvelopingDocument(org.apache.poi.poifs.crypt.TestSignatu\nreInfo)\n     [java] java.lang.RuntimeException: error while creating a time-stamp: no pr\notocol: ${env.http_proxy}\n     [java]     at org.apache.poi.poifs.crypt.dsig.facets.XAdESXLSignatureFacet.\ncreateXAdESTimeStamp(XAdESXLSignatureFacet.java:358)\n     [java]     at org.apache.poi.poifs.crypt.dsig.facets.XAdESXLSignatureFacet.\ncreateXAdESTimeStamp(XAdESXLSignatureFacet.java:349)\n     [java]     at org.apache.poi.poifs.crypt.dsig.facets.XAdESXLSignatureFacet.\npostSign(XAdESXLSignatureFacet.java:156)\n     [java]     at org.apache.poi.poifs.crypt.dsig.SignatureInfo.postSign(Signat\nureInfo.java:587)\n     [java]     at org.apache.poi.poifs.crypt.dsig.SignatureInfo.confirmSignatur\ne(SignatureInfo.java:321)\n     [java]     at org.apache.poi.poifs.crypt.TestSignatureInfo.testSignEnvelopi\nngDocument(TestSignatureInfo.java:382)\n     [java]     at sun.reflect.NativeMethodAccessorImpl.invoke0(Native Method)\n     [java]     at sun.reflect.NativeMethodAccessorImpl.invoke(NativeMethodAcces\nsorImpl.java:57)\n     [java]     at sun.reflect.DelegatingMethodAccessorImpl.invoke(DelegatingMet\nhodAccessorImpl.java:43)\n     [java]     at java.lang.reflect.Method.invoke(Method.java:606)\n     [java]     at org.junit.runners.model.FrameworkMethod$1.runReflectiveCall(F\nrameworkMethod.java:50)\n     [java]     at org.junit.internal.runners.model.ReflectiveCallable.run(Refle\nctiveCallable.java:12)\n     [java]     at org.junit.runners.model.FrameworkMethod.invokeExplosively(Fra\nmeworkMethod.java:47)\n     [java]     at org.junit.internal.runners.statements.InvokeMethod.evaluate(I\nnvokeMethod.java:17)\n     [java]     at org.junit.runners.ParentRunner.runLeaf(ParentRunner.java:325)\n\n     [java]     at org.junit.runners.BlockJUnit4ClassRunner.runChild(BlockJUnit4\nClassRunner.java:78)\n     [java]     at org.junit.runners.BlockJUnit4ClassRunner.runChild(BlockJUnit4\nClassRunner.java:57)\n     [java]     at org.junit.runners.ParentRunner$3.run(ParentRunner.java:290)\n     [java]     at org.junit.runners.ParentRunner$1.schedule(ParentRunner.java:7\n1)\n     [java]     at org.junit.runners.ParentRunner.runChildren(ParentRunner.java:\n288)\n     [java]     at org.junit.runners.ParentRunner.access$000(ParentRunner.java:5\n8)\n     [java]     at org.junit.runners.ParentRunner$2.evaluate(ParentRunner.java:2\n68)\n     [java]     at org.junit.internal.runners.statements.RunBefores.evaluate(Run\nBefores.java:26)\n     [java]     at org.junit.runners.ParentRunner.run(ParentRunner.java:363)\n     [java]     at org.junit.runners.Suite.runChild(Suite.java:128)\n     [java]     at org.junit.runners.Suite.runChild(Suite.java:27)\n     [java]     at org.junit.runners.ParentRunner$3.run(ParentRunner.java:290)\n     [java]     at org.junit.runners.ParentRunner$1.schedule(ParentRunner.java:7\n1)\n     [java]     at org.junit.runners.ParentRunner.runChildren(ParentRunner.java:\n288)\n     [java]     at org.junit.runners.ParentRunner.access$000(ParentRunner.java:5\n8)\n     [java]     at org.junit.runners.ParentRunner$2.evaluate(ParentRunner.java:2\n68)\n     [java]     at org.junit.runners.ParentRunner.run(ParentRunner.java:363)\n     [java]     at org.junit.runner.JUnitCore.run(JUnitCore.java:137)\n     [java]     at org.junit.runner.JUnitCore.run(JUnitCore.java:115)\n     [java]     at org.junit.runner.JUnitCore.run(JUnitCore.java:105)\n     [java]     at org.junit.runner.JUnitCore.run(JUnitCore.java:94)\n     [java]     at org.apache.poi.util.OOXMLLite.build(OOXMLLite.java:98)\n     [java]     at org.apache.poi.util.OOXMLLite.main(OOXMLLite.java:84)\n     [java] Caused by: java.net.MalformedURLException: no protocol: ${env.http_p\nroxy}\n     [java]     at java.net.URL.<init>(URL.java:585)\n     [java]     at java.net.URL.<init>(URL.java:482)\n     [java]     at java.net.URL.<init>(URL.java:431)\n     [java]     at org.apache.poi.poifs.crypt.dsig.services.TSPTimeStampService.\ntimeStamp(TSPTimeStampService.java:120)\n     [java]     at org.apache.poi.poifs.crypt.dsig.facets.XAdESXLSignatureFacet.\ncreateXAdESTimeStamp(XAdESXLSignatureFacet.java:356)\n     [java]     ... 37 more\n     [java]\n     [java] FAILURES!!!\n     [java] Tests run: 1212,  Failures: 1\n     [java]\n     [java] Exception in thread \"main\" java.lang.RuntimeException: Tests did not\n succeed, cannot build ooxml-lite jar\n     [java]     at org.apache.poi.util.OOXMLLite.build(OOXMLLite.java:100)\n     [java]     at org.apache.poi.util.OOXMLLite.main(OOXMLLite.java:84)\n\nBUILD FAILED\nC:\\poi-src\\trunk\\build.xml:1140: Java returned: 1"}, {"count": 4, "tags": [], "text": "Ok, that contained the vital piece of information. Now we see the root-cause here:\n\n     [java] Caused by: java.net.MalformedURLException: no protocol: ${env.http_proxy}\n     [java]     at java.net.URL.<init>(URL.java:585)\n     [java]     at java.net.URL.<init>(URL.java:482)\n     [java]     at java.net.URL.<init>(URL.java:431)\n     [java]     at org.apache.poi.poifs.crypt.dsig.services.TSPTimeStampService.timeStamp(TSPTimeStampService.java:120)\n     [java]     at org.apache.poi.poifs.crypt.dsig.facets.XAdESXLSignatureFacet.createXAdESTimeStamp(XAdESXLSignatureFacet.java:356)\n     [java]     ... 37 more\n\nthis pointed me to two small issues with a junit testcase:\n* It tries to detect non-available external resources and tries to fail gracefully, but does this incorrectly\n* The build.xml passes the http_proxy environment variable to the junit task in a invalid way, contributing to the issue\n\nI tried to fix both in r1661774, please try with that revision and reopen this ticket with the latest build-log if it still does not work.", "attachment_id": null, "bug_id": 57612, "id": 181277, "time": "2015-02-23T20:46:47Z", "creator": "dominik.stadler@gmx.at", "creation_time": "2015-02-23T20:46:47Z", "is_private": false}, {"count": 5, "tags": [], "creator": "gavr145@gmail.com", "attachment_id": null, "id": 181304, "time": "2015-02-24T18:08:24Z", "bug_id": 57612, "creation_time": "2015-02-24T18:08:24Z", "is_private": false, "text": "Just a quick question: can I apply this revision directly to poi-src-3.11-20141221, the latest stable version, we use, or it contains something else which requires more recent versions?"}, {"count": 6, "tags": [], "text": "at least the changes in build.xml can be simply applied, they are the only thing really required to make it work and they should apply to the 3.11 version. The changes in the .java file are not absoultely necessary...", "attachment_id": null, "bug_id": 57612, "id": 181309, "time": "2015-02-24T19:58:13Z", "creator": "dominik.stadler@gmx.at", "creation_time": "2015-02-24T19:58:13Z", "is_private": false}, {"count": 7, "tags": [], "creator": "gavr145@gmail.com", "attachment_id": null, "id": 181312, "time": "2015-02-24T21:09:06Z", "bug_id": 57612, "creation_time": "2015-02-24T21:09:06Z", "is_private": false, "text": "Using provided build.xml (I didn't replace the .java file from the fix), having modified 2 lines indicating the version number to avoid confusion with build versions, I got the following. There is no MalformedURLException but I believe that the problem remains with the entity expansions. \n\n\n\ncompile-ooxml:\n\ncompile-examples:\n\ncompile-excelant:\n\ncompile:\n\ncompile-ooxml-lite:\n      [jar] Building jar: C:\\poi-src-3.11-20141221\\poi-3.11\\build\\ooxml-lite-mer\nged\\ooxml-lite-merged.jar\n     [java] Collecting unit tests from C:\\poi-src-3.11-20141221\\poi-3.11\\build\\o\noxml-test-classes\n     [java] Inner class org.apache.poi.poifs.crypt.TestCertificateEncryption$Cer\ntData.class not included\n     [java] Inner class org.apache.poi.TestPOIXMLDocument$OPCParser.class not in\ncluded\n     [java] Inner class org.apache.poi.TestPOIXMLDocument$TestFactory.class not\nincluded\n     [java] Inner class org.apache.poi.xslf.geom.TestPresetGeometries$1.class no\nt included\n     [java] Inner class org.apache.poi.xssf.extractor.TestXSSFExportToXML$1.clas\ns not included\n     [java] Inner class org.apache.poi.xssf.extractor.TestXSSFExportToXML$DummyE\nntityResolver.class not included\n     [java] Inner class org.apache.poi.xssf.streaming.TestSXSSFWorkbook$1.class\nnot included\n     [java] Inner class org.apache.poi.xssf.streaming.TestSXSSFWorkbook$NullOutp\nutStream.class not included\n     [java] Inner class org.apache.poi.xssf.usermodel.TestFormulaEvaluatorOnXSSF\n$Result.class not included\n     [java] Inner class org.apache.poi.xssf.usermodel.TestFormulaEvaluatorOnXSSF\n$SS.class not included\n     [java] Inner class org.apache.poi.xssf.usermodel.TestMultiSheetFormulaEvalu\natorOnXSSF$Result.class not included\n     [java] Inner class org.apache.poi.xssf.usermodel.TestMultiSheetFormulaEvalu\natorOnXSSF$SS.class not included\n     [java] Inner class org.apache.poi.xssf.usermodel.TestXSSFBugs$1.class not i\nncluded\n     [java] Class org.apache.poi.xssf.usermodel.TestXSSFSheetAutosizeColumn does\n not derive from TestCase and does not have a @Test annotation\n     [java] Found 158 classes\n     [java] SLF4J: Failed to load class \"org.slf4j.impl.StaticLoggerBinder\".\n     [java] SLF4J: Defaulting to no-operation (NOP) logger implementation\n     [java] SLF4J: See http://www.slf4j.org/codes.html#StaticLoggerBinder for fu\nrther details.\n     [java] ....................................................................\n..............................................................................I.\n.........E..............................................II......................\n................................................................................\n.................................Setting col: 0 and row 0\n     [java] Setting col: 1 and row 1\n     [java] Warning - Row 13 has no cell 1, can't figure out test name\n     [java] [Fatal Error] :1:1: JAXP00010001: The parser has encountered more th\nan \"4096\" entity expansions in this document; this is the limit imposed by the J\nDK.\n     [java] [Fatal Error] :1:1: JAXP00010001: The parser has encountered more th\nan \"4096\" entity expansions in this document; this is the limit imposed by the J\nDK.\n     [java] ....................................................................\n................................................................................\n............................................................................I...\n.....I..........................................................................\n................................................................................\n............................org.apache.poi.ss.usermodel.CellValue [12.0]\n     [java] org.apache.poi.ss.usermodel.CellValue [12.0]\n     [java] ....org.apache.poi.ss.usermodel.CellValue [1.0]\n     [java] org.apache.poi.ss.usermodel.CellValue [1.0]\n     [java] .org.apache.poi.ss.usermodel.CellValue [2.0]\n     [java] org.apache.poi.ss.usermodel.CellValue [2.0]\n     [java] .org.apache.poi.ss.usermodel.CellValue [2.0]\n     [java] .org.apache.poi.ss.usermodel.CellValue [2.0]\n     [java] .org.apache.poi.ss.usermodel.CellValue [2.0]\n     [java] .org.apache.poi.ss.usermodel.CellValue [3.0]\n     [java] ....................................................................\n................................................................................\n..................................................................Done\n     [java] ..........<?xml version=\"1.0\" encoding=\"UTF-8\"?>\n     [java] <worksheet xmlns=\"http://schemas.openxmlformats.org/spreadsheetml/20\n06/main\"><dimension ref=\"A1\"/><sheetViews><sheetView workbookViewId=\"0\" tabSelec\nted=\"true\"/></sheetViews><sheetFormatPr defaultRowHeight=\"15.0\"/><sheetData/><pa\ngeMargins bottom=\"0.75\" footer=\"0.3\" header=\"0.3\" left=\"0.7\" right=\"0.7\" top=\"0.\n75\"/></worksheet>\n     [java] ....................................Name: /word/document.xml - Conte\nnt Type: application/vnd.openxmlformats-officedocument.wordprocessingml.document\n.main+xml\n     [java] Exception in thread \"main\" java.lang.RuntimeException: Tests did not\n succeed, cannot build ooxml-lite jar\n     [java]     at org.apache.poi.util.OOXMLLite.build(OOXMLLite.java:109)\n     [java]     at org.apache.poi.util.OOXMLLite.main(OOXMLLite.java:93)\n     [java] ....................................................................\n............................................................\n     [java] Time: 69.73\n     [java] There was 1 failure:\n     [java] 1) testSignEnvelopingDocument(org.apache.poi.poifs.crypt.TestSignatu\nreInfo)\n     [java] java.lang.AssertionError: Only allowing ConnectException here, but h\nad: java.lang.RuntimeException: error while creating a time-stamp: no protocol:\n${env.http_proxy}\n     [java]     at org.junit.Assert.fail(Assert.java:88)\n     [java]     at org.junit.Assert.assertTrue(Assert.java:41)\n     [java]     at org.apache.poi.poifs.crypt.TestSignatureInfo.testSignEnvelopi\nngDocument(TestSignatureInfo.java:382)\n     [java]     at sun.reflect.NativeMethodAccessorImpl.invoke0(Native Method)\n     [java]     at sun.reflect.NativeMethodAccessorImpl.invoke(NativeMethodAcces\nsorImpl.java:57)\n     [java]     at sun.reflect.DelegatingMethodAccessorImpl.invoke(DelegatingMet\nhodAccessorImpl.java:43)\n     [java]     at java.lang.reflect.Method.invoke(Method.java:606)\n     [java]     at org.junit.runners.model.FrameworkMethod$1.runReflectiveCall(F\nrameworkMethod.java:50)\n     [java]     at org.junit.internal.runners.model.ReflectiveCallable.run(Refle\nctiveCallable.java:12)\n     [java]     at org.junit.runners.model.FrameworkMethod.invokeExplosively(Fra\nmeworkMethod.java:47)\n     [java]     at org.junit.internal.runners.statements.InvokeMethod.evaluate(I\nnvokeMethod.java:17)\n     [java]     at org.junit.runners.ParentRunner.runLeaf(ParentRunner.java:325)\n\n     [java]     at org.junit.runners.BlockJUnit4ClassRunner.runChild(BlockJUnit4\nClassRunner.java:78)\n     [java]     at org.junit.runners.BlockJUnit4ClassRunner.runChild(BlockJUnit4\nClassRunner.java:57)\n     [java]     at org.junit.runners.ParentRunner$3.run(ParentRunner.java:290)\n     [java]     at org.junit.runners.ParentRunner$1.schedule(ParentRunner.java:7\n1)\n     [java]     at org.junit.runners.ParentRunner.runChildren(ParentRunner.java:\n288)\n     [java]     at org.junit.runners.ParentRunner.access$000(ParentRunner.java:5\n8)\n     [java]     at org.junit.runners.ParentRunner$2.evaluate(ParentRunner.java:2\n68)\n     [java]     at org.junit.internal.runners.statements.RunBefores.evaluate(Run\nBefores.java:26)\n     [java]     at org.junit.runners.ParentRunner.run(ParentRunner.java:363)\n     [java]     at org.junit.runners.Suite.runChild(Suite.java:128)\n     [java]     at org.junit.runners.Suite.runChild(Suite.java:27)\n     [java]     at org.junit.runners.ParentRunner$3.run(ParentRunner.java:290)\n     [java]     at org.junit.runners.ParentRunner$1.schedule(ParentRunner.java:7\n1)\n     [java]     at org.junit.runners.ParentRunner.runChildren(ParentRunner.java:\n288)\n     [java]     at org.junit.runners.ParentRunner.access$000(ParentRunner.java:5\n8)\n     [java]     at org.junit.runners.ParentRunner$2.evaluate(ParentRunner.java:2\n68)\n     [java]     at org.junit.runners.ParentRunner.run(ParentRunner.java:363)\n     [java]     at org.junit.runner.JUnitCore.run(JUnitCore.java:137)\n     [java]     at org.junit.runner.JUnitCore.run(JUnitCore.java:115)\n     [java]     at org.junit.runner.JUnitCore.run(JUnitCore.java:105)\n     [java]     at org.junit.runner.JUnitCore.run(JUnitCore.java:94)\n     [java]     at org.apache.poi.util.OOXMLLite.build(OOXMLLite.java:107)\n     [java]     at org.apache.poi.util.OOXMLLite.main(OOXMLLite.java:93)\n     [java]\n     [java] FAILURES!!!\n     [java] Tests run: 1148,  Failures: 1\n     [java]\n\nBUILD FAILED"}, {"count": 8, "tags": [], "creator": "gavr145@gmail.com", "text": "Using poi-3.12-beta2 snapshot with the new build.xml (the diff is minimal, comparing with 3.11-FINAL), I'm getting the same as above (I believe the same will be against svn and git versions, but I didn't try)\n\npoi-3.12-beta2>diff build.xml.prev build.xml\n85c85,89\n<     <property name=\"http_proxy\" value=\"${env.http_proxy}\"/>\n---\n>       <condition property=\"http_proxy\"\n>          value=\"${env.http_proxy}\"\n>          else=\"\">\n>               <isset property=\"env.http_proxy\"/>\n>       </condition>\n1736a1741\n>\n\n\nAs for entity expansions, I tried a few ways to pass jdk.xml.entityExpansionLimit=0 as per\nhttp://docs.oracle.com/javase/tutorial/jaxp/limits/limits.html\nhttps://github.com/aws/aws-sdk-java/issues/123\nbut haven't succeeded yet. I will keep trying. If you have other ideas - please let me know.", "id": 181313, "time": "2015-02-24T21:21:54Z", "bug_id": 57612, "creation_time": "2015-02-24T21:21:54Z", "is_private": false, "attachment_id": null}, {"count": 9, "tags": [], "creator": "dominik.stadler@gmx.at", "text": "It seems there are still cases where your environment does not allow things that the test relies upon. I have updated the test to print out a bit more information, can you fetch the latest version of src/ooxml/testcases/org/apache/poi/poifs/crypt/TestSignatureInfo.java and re-run with that? It will likely still not work, but will provide more information for us.\n\nSorry for the back-and-forth, but as we cannot reproduce the problems locally, there is no other way to tackle this...\n\nIf you are desperate to get it running, you can also comment out one the test-case testSignEnvelopingDocument() in that file for now.", "id": 181347, "time": "2015-02-26T13:45:48Z", "bug_id": 57612, "creation_time": "2015-02-26T13:45:48Z", "is_private": false, "attachment_id": null}, {"count": 10, "tags": [], "text": "Thanks, it works now.\nI have taken the file from\nhttps://svn.apache.org/repos/asf/poi/trunk/src/ooxml/testcases/org/apache/poi/poifs/crypt/TestSignatureInfo.java\n\nand updated just that file in my 3.11-FINAL src tree and finally got everything built successfully:\n\n\ncompile-ooxml-lite:\n    [mkdir] Created dir: C:\\poi-src-3.11-20141221\\poi-3.11\\build\\ooxml-lite-merg\ned\n      [jar] Building jar: C:\\poi-src-3.11-20141221\\poi-3.11\\build\\ooxml-lite-mer\nged\\ooxml-lite-merged.jar\n     [java] Collecting unit tests from C:\\poi-src-3.11-20141221\\poi-3.11\\build\\o\noxml-test-classes\n     [java] Inner class org.apache.poi.poifs.crypt.TestCertificateEncryption$Cer\ntData.class not included\n     [java] Inner class org.apache.poi.TestPOIXMLDocument$OPCParser.class not in\ncluded\n     [java] Inner class org.apache.poi.TestPOIXMLDocument$TestFactory.class not\nincluded\n     [java] Inner class org.apache.poi.xslf.geom.TestPresetGeometries$1.class no\nt included\n     [java] Inner class org.apache.poi.xssf.extractor.TestXSSFExportToXML$1.clas\ns not included\n     [java] Inner class org.apache.poi.xssf.extractor.TestXSSFExportToXML$DummyE\nntityResolver.class not included\n     [java] Inner class org.apache.poi.xssf.streaming.TestSXSSFWorkbook$1.class\nnot included\n     [java] Inner class org.apache.poi.xssf.streaming.TestSXSSFWorkbook$NullOutp\nutStream.class not included\n     [java] Inner class org.apache.poi.xssf.usermodel.TestFormulaEvaluatorOnXSSF\n$Result.class not included\n     [java] Inner class org.apache.poi.xssf.usermodel.TestFormulaEvaluatorOnXSSF\n$SS.class not included\n     [java] Inner class org.apache.poi.xssf.usermodel.TestMultiSheetFormulaEvalu\natorOnXSSF$Result.class not included\n     [java] Inner class org.apache.poi.xssf.usermodel.TestMultiSheetFormulaEvalu\natorOnXSSF$SS.class not included\n     [java] Inner class org.apache.poi.xssf.usermodel.TestXSSFBugs$1.class not i\nncluded\n     [java] Class org.apache.poi.xssf.usermodel.TestXSSFSheetAutosizeColumn does\n not derive from TestCase and does not have a @Test annotation\n     [java] Found 158 classes\n     [java] SLF4J: Failed to load class \"org.slf4j.impl.StaticLoggerBinder\".\n     [java] SLF4J: Defaulting to no-operation (NOP) logger implementation\n     [java] SLF4J: See http://www.slf4j.org/codes.html#StaticLoggerBinder for fu\nrther details.\n     [java] ....................................................................\n..............................................................................I.\n.......................................................II.......................\n................................................................................\n................................Setting col: 0 and row 0\n     [java] Setting col: 1 and row 1\n     [java] Warning - Row 13 has no cell 1, can't figure out test name\n     [java] [Fatal Error] :1:1: JAXP00010001: The parser has encountered more th\nan \"4096\" entity expansions in this document; this is the limit imposed by the J\nDK.\n     [java] [Fatal Error] :1:1: JAXP00010001: The parser has encountered more th\nan \"4096\" entity expansions in this document; this is the limit imposed by the J\nDK.\n     [java] ....................................................................\n................................................................................\n............................................................................I...\n.....I..........................................................................\n................................................................................\n............................org.apache.poi.ss.usermodel.CellValue [12.0]\n     [java] org.apache.poi.ss.usermodel.CellValue [12.0]\n     [java] ....org.apache.poi.ss.usermodel.CellValue [1.0]\n     [java] org.apache.poi.ss.usermodel.CellValue [1.0]\n     [java] .org.apache.poi.ss.usermodel.CellValue [2.0]\n     [java] org.apache.poi.ss.usermodel.CellValue [2.0]\n     [java] .org.apache.poi.ss.usermodel.CellValue [2.0]\n     [java] .org.apache.poi.ss.usermodel.CellValue [2.0]\n     [java] .org.apache.poi.ss.usermodel.CellValue [2.0]\n     [java] .org.apache.poi.ss.usermodel.CellValue [3.0]\n     [java] ....................................................................\n................................................................................\n..................................................................Done\n     [java] ..........<?xml version=\"1.0\" encoding=\"UTF-8\"?>\n     [java] <worksheet xmlns=\"http://schemas.openxmlformats.org/spreadsheetml/20\n06/main\"><dimension ref=\"A1\"/><sheetViews><sheetView workbookViewId=\"0\" tabSelec\nted=\"true\"/></sheetViews><sheetFormatPr defaultRowHeight=\"15.0\"/><sheetData/><pa\ngeMargins bottom=\"0.75\" footer=\"0.3\" header=\"0.3\" left=\"0.7\" right=\"0.7\" top=\"0.\n75\"/></worksheet>\n     [java] ....................................Name: /word/document.xml - Conte\nnt Type: application/vnd.openxmlformats-officedocument.wordprocessingml.document\n.main+xml\n     [java] ....................................................................\n............................................................\n     [java] Time: 38.792\n     [java]\n     [java] OK (1148 tests)\n     [java]\n     [java] Copying classes to C:\\poi-src-3.11-20141221\\poi-3.11\\build\\ooxml-lit\ne-classes\n     [java] Copying .xsb resources\n\ncompile-all:\n\ncompile-version:\n     [copy] Copying 1 file to C:\\poi-src-3.11-20141221\\poi-3.11\\build\\classes\\or\ng\\apache\\poi\n    [javac] Compiling 1 source file to C:\\poi-src-3.11-20141221\\poi-3.11\\build\\c\nlasses\n    [javac] warning: [options] bootstrap class path not set in conjunction with\n-source 1.6\n    [javac] 1 warning\n   [delete] Deleting: C:\\poi-src-3.11-20141221\\poi-3.11\\build\\classes\\org\\apache\n\\poi\\Version.java\n\n-manifest:\n\njar:\n      [jar] Building jar: C:\\poi-src-3.11-20141221\\poi-3.11\\build\\dist\\poi-3.11-\n20150226.jar\n      [jar] Building jar: C:\\poi-src-3.11-20141221\\poi-3.11\\build\\dist\\poi-scrat\nchpad-3.11-20150226.jar\n      [jar] Building jar: C:\\poi-src-3.11-20141221\\poi-3.11\\build\\dist\\poi-ooxml\n-3.11-20150226.jar\n      [jar] Building jar: C:\\poi-src-3.11-20141221\\poi-3.11\\build\\dist\\poi-examp\nles-3.11-20150226.jar\n      [jar] Building jar: C:\\poi-src-3.11-20141221\\poi-3.11\\build\\dist\\poi-ooxml\n-schemas-3.11-20150226.jar\n      [jar] Building jar: C:\\poi-src-3.11-20141221\\poi-3.11\\build\\dist\\poi-excel\nant-3.11-20150226.jar\n\nBUILD SUCCESSFUL\nTotal time: 4 minutes 23 seconds", "attachment_id": null, "bug_id": 57612, "id": 181355, "time": "2015-02-26T17:52:35Z", "creator": "gavr145@gmail.com", "creation_time": "2015-02-26T17:52:35Z", "is_private": false}, {"count": 11, "tags": [], "text": "Hi,\nFYI, the [FATAL ERROR] is wanted by this test and - as you found out - has nothing to do with the problem. The FATAL error is printed by the XML parser, which is actually a bug in the JDK/XERCES that it prints to System.err from code running inside the JDK. The test checks for the entity expansion limit to work, so this is wanted.", "attachment_id": null, "bug_id": 57612, "id": 181365, "time": "2015-02-27T07:51:15Z", "creator": "uwe@thetaphi.de", "creation_time": "2015-02-27T07:51:15Z", "is_private": false}, {"count": 12, "tags": [], "text": "Thanks for the explanation\n\nHave a great day", "is_private": false, "bug_id": 57612, "id": 181375, "time": "2015-02-27T14:04:33Z", "creator": "gavr145@gmail.com", "creation_time": "2015-02-27T14:04:33Z", "attachment_id": null}, {"count": 13, "tags": [], "creator": "puntogil@libero.it", "text": "hi\nseem i have a similar problem with poi 3.14\n\n\ncompile-ooxml-lite:\n    [mkdir] Created dir: /builddir/build/BUILD/poi-3.14/build/ooxml-lite-merged\n      [jar] Building jar: /builddir/build/BUILD/poi-3.14/build/ooxml-lite-merged/ooxml-lite-merged.jar\n     [java] OpenJDK Zero VM warning: ignoring option MaxPermSize=256m; support was removed in 8.0\n     [java] Collecting unit tests from /builddir/build/BUILD/poi-3.14/build/ooxml-test-classes\n     [java] Found 176 classes\n     [java] .......................................................................I..............................................................................I.......I...............................................................................................................Name: /word/document.xml - Content Type: application/vnd.openxmlformats-officedocument.wordprocessingml.document.main+xml\n     [java] SLF4J: Failed to load class \"org.slf4j.impl.StaticLoggerBinder\".\n     [java] SLF4J: Defaulting to no-operation (NOP) logger implementation\n     [java] SLF4J: See http://www.slf4j.org/codes.html#StaticLoggerBinder for further details.\n     [java] ..............................I......................................................................................................I.......I.......................................................................................................................................11\n     [java] Calibri\n     [java] ..........................................................................I..I.I........................................................................I..............................................................................................................................I..........................................Cell formula evaluation currently unsupported\n     [java] Array formulas currently unsupported\n     [java] .....E.......................................................................................................................................III.II.......I............I.org.apache.poi.xssf.streaming.SXSSFWorkbook column autosizing timing...\n     [java] Populate sheet time: 3235.0 ms (145458.6330935252 ns/cell)\n     [java] \n     [java] Autosizing...\n     [java] Column 0 took 905.0 ms\n     [java] Column 1 took 898.0 ms\n     [java] Column 2 took 900.0 ms\n     [java] Column 3 took 900.0 ms\n     [java] Column 4 took 902.0 ms\n     [java] Column 5 took 903.0 ms\n     [java] Column 6 took 905.0 ms\n     [java] Column 7 took 903.0 ms\n     [java] Column 8 took 907.0 ms\n     [java] Column 9 took 908.0 ms\n     [java] Column 10 took 931.0 ms\n     [java] Column 11 took 932.0 ms\n     [java] Column 12 took 935.0 ms\n     [java] Column 13 took 937.0 ms\n     [java] Column 14 took 936.0 ms\n     [java] Column 15 took 935.0 ms\n     [java] Column 16 took 938.0 ms\n     [java] Column 17 took 939.0 ms\n     [java] Column 18 took 940.0 ms\n     [java] Column 19 took 941.0 ms\n     [java] Column 20 took 943.0 ms\n     [java] Column 21 took 944.0 ms\n     [java] Column 22 took 944.0 ms\n     [java] Column 23 took 944.0 ms\n     [java] Column 24 took 948.0 ms\n     [java] Column 25 took 948.0 ms\n     [java] Column 26 took 1616.0 ms\n     [java] Column 27 took 946.0 ms\n     [java] Column 28 took 949.0 ms\n     [java] Column 29 took 950.0 ms\n     [java] Column 30 took 951.0 ms\n     [java] Column 31 took 948.0 ms\n     [java] Column 32 took 952.0 ms\n     [java] Column 33 took 952.0 ms\n     [java] Column 34 took 955.0 ms\n     [java] Column 35 took 957.0 ms\n     [java] Column 36 took 957.0 ms\n     [java] Column 37 took 957.0 ms\n     [java] Column 38 took 959.0 ms\n     [java] Column 39 took 959.0 ms\n     [java] Column 40 took 962.0 ms\n     [java] Column 41 took 962.0 ms\n     [java] Column 42 took 964.0 ms\n     [java] Column 43 took 963.0 ms\n     [java] Column 44 took 967.0 ms\n     [java] Column 45 took 966.0 ms\n     [java] Column 46 took 968.0 ms\n     [java] Column 47 took 967.0 ms\n     [java] Column 48 took 971.0 ms\n     [java] Column 49 took 970.0 ms\n     [java] Column 50 took 972.0 ms\n     [java] Column 51 took 974.0 ms\n     [java] Column 52 took 975.0 ms\n     [java] Column 53 took 975.0 ms\n     [java] Column 54 took 978.0 ms\n     [java] Column 55 took 976.0 ms\n     [java] Column 56 took 979.0 ms\n     [java] Column 57 took 982.0 ms\n     [java] Column 58 took 980.0 ms\n     [java] Column 59 took 981.0 ms\n     [java] Column 60 took 982.0 ms\n     [java] Column 61 took 984.0 ms\n     [java] Column 62 took 985.0 ms\n     [java] Column 63 took 984.0 ms\n     [java] Column 64 took 988.0 ms\n     [java] Column 65 took 988.0 ms\n     [java] Column 66 took 989.0 ms\n     [java] Column 67 took 990.0 ms\n     [java] Column 68 took 992.0 ms\n     [java] Column 69 took 992.0 ms\n     [java] Column 70 took 994.0 ms\n     [java] Column 71 took 993.0 ms\n     [java] Column 72 took 997.0 ms\n     [java] Column 73 took 998.0 ms\n     [java] Column 74 took 999.0 ms\n     [java] Column 75 took 999.0 ms\n     [java] Column 76 took 1001.0 ms\n     [java] Column 77 took 1001.0 ms\n     [java] Column 78 took 1005.0 ms\n     [java] Column 79 took 1003.0 ms\n     [java] Column 80 took 1006.0 ms\n     [java] Column 81 took 1006.0 ms\n     [java] Column 82 took 1008.0 ms\n     [java] Column 83 took 1008.0 ms\n     [java] Column 84 took 1011.0 ms\n     [java] Column 85 took 1010.0 ms\n     [java] Column 86 took 1012.0 ms\n     [java] Column 87 took 1012.0 ms\n     [java] Column 88 took 1015.0 ms\n     [java] Column 89 took 1014.0 ms\n     [java] Column 90 took 1017.0 ms\n     [java] Column 91 took 1017.0 ms\n     [java] Column 92 took 1019.0 ms\n     [java] Column 93 took 1019.0 ms\n     [java] Column 94 took 1023.0 ms\n     [java] Column 95 took 1020.0 ms\n     [java] Column 96 took 1024.0 ms\n     [java] Column 97 took 1025.0 ms\n     [java] Column 98 took 1026.0 ms\n     [java] Column 99 took 1027.0 ms\n     [java] Column 100 took 1052.0 ms\n     [java] Column 101 took 1053.0 ms\n     [java] Column 102 took 1053.0 ms\n     [java] Column 103 took 1053.0 ms\n     [java] Column 104 took 1055.0 ms\n     [java] Column 105 took 1056.0 ms\n     [java] Column 106 took 1057.0 ms\n     [java] Column 107 took 1297.0 ms\n     [java] Column 108 took 1060.0 ms\n     [java] Column 109 took 1061.0 ms\n     [java] Column 110 took 1063.0 ms\n     [java] Column 111 took 1061.0 ms\n     [java] Column 112 took 1064.0 ms\n     [java] Column 113 took 1064.0 ms\n     [java] Column 114 took 1066.0 ms\n     [java] Column 115 took 1066.0 ms\n     [java] Column 116 took 1069.0 ms\n     [java] Column 117 took 1070.0 ms\n     [java] Column 118 took 1071.0 ms\n     [java] Column 119 took 1072.0 ms\n     [java] Column 120 took 1075.0 ms\n     [java] Column 121 took 1077.0 ms\n     [java] Column 122 took 1076.0 ms\n     [java] Column 123 took 1076.0 ms\n     [java] Column 124 took 1078.0 ms\n     [java] Column 125 took 1079.0 ms\n     [java] Column 126 took 1080.0 ms\n     [java] Column 127 took 1079.0 ms\n     [java] Column 128 took 1083.0 ms\n     [java] Column 129 took 1083.0 ms\n     [java] Column 130 took 1085.0 ms\n     [java] Column 131 took 1085.0 ms\n     [java] Column 132 took 1086.0 ms\n     [java] Column 133 took 1088.0 ms\n     [java] Column 134 took 1090.0 ms\n     [java] Column 135 took 1091.0 ms\n     [java] Column 136 took 1092.0 ms\n     [java] Column 137 took 1092.0 ms\n     [java] Column 138 took 1095.0 ms\n     [java] Auto sizing columns took a total of 139785.0 ms (1005.6474820143885 ms per column)\n     [java] Best fit width time per cell: 6285296.762589928 ns\n     [java] Total time: 143.02 s\n     [java] ...........Retry 0 because run-time is too high: 30981\n     [java] Retry 1 because run-time is too high: 17525\n     [java] Retry 2 because run-time is too high: 17524\n     [java] Retry 3 because run-time is too high: 17526\n     [java] Retry 4 because run-time is too high: 17531\n     [java] [Fatal Error] :1:1: JAXP00010001: The parser has encountered more than \"4096\" entity expansions in this document; this is the limit imposed by the JDK.\n     [java] [Fatal Error] :1:1: JAXP00010001: The parser has encountered more than \"4096\" entity expansions in this document; this is the limit imposed by the JDK.\n     [java] E....................I.......................................................................................................................................................................................................Cell: 3E-104\n     [java] Cell: 5E-104\n     [java] Cell: 5E-106\n     [java] Cell: \n     [java] II........I......................I..............I.org.apache.poi.xssf.usermodel.XSSFWorkbook column autosizing timing...\n     [java] Populate sheet time: 120198.0 ms (5404586.330935252 ns/cell)\n     [java] \n     [java] Autosizing...\n     [java] Column 0 took 867.0 ms\n     [java] Column 1 took 865.0 ms\n     [java] Column 2 took 866.0 ms\n     [java] Column 3 took 866.0 ms\n     [java] Column 4 took 866.0 ms\n     [java] Column 5 took 864.0 ms\n     [java] Column 6 took 865.0 ms\n     [java] Column 7 took 866.0 ms\n     [java] Column 8 took 867.0 ms\n     [java] Column 9 took 866.0 ms\n     [java] Column 10 took 888.0 ms\n     [java] Column 11 took 888.0 ms\n     [java] Column 12 took 888.0 ms\n     [java] Column 13 took 890.0 ms\n     [java] Column 14 took 893.0 ms\n     [java] Column 15 took 889.0 ms\n     [java] Column 16 took 889.0 ms\n     [java] Column 17 took 889.0 ms\n     [java] Column 18 took 889.0 ms\n     [java] Column 19 took 890.0 ms\n     [java] Column 20 took 893.0 ms\n     [java] Column 21 took 891.0 ms\n     [java] Column 22 took 890.0 ms\n     [java] Column 23 took 888.0 ms\n     [java] Column 24 took 891.0 ms\n     [java] Column 25 took 891.0 ms\n     [java] Column 26 took 891.0 ms\n     [java] Column 27 took 890.0 ms\n     [java] Column 28 took 892.0 ms\n     [java] Column 29 took 890.0 ms\n     [java] Column 30 took 892.0 ms\n     [java] Column 31 took 888.0 ms\n     [java] Column 32 took 893.0 ms\n     [java] Column 33 took 891.0 ms\n     [java] Column 34 took 892.0 ms\n     [java] Column 35 took 891.0 ms\n     [java] Column 36 took 894.0 ms\n     [java] Column 37 took 893.0 ms\n     [java] Column 38 took 895.0 ms\n     [java] Column 39 took 896.0 ms\n     [java] Column 40 took 894.0 ms\n     [java] Column 41 took 893.0 ms\n     [java] Column 42 took 893.0 ms\n     [java] Column 43 took 893.0 ms\n     [java] Column 44 took 893.0 ms\n     [java] Column 45 took 898.0 ms\n     [java] Column 46 took 893.0 ms\n     [java] Column 47 took 895.0 ms\n     [java] Column 48 took 894.0 ms\n     [java] Column 49 took 895.0 ms\n     [java] Column 50 took 893.0 ms\n     [java] Column 51 took 894.0 ms\n     [java] Column 52 took 895.0 ms\n     [java] Column 53 took 896.0 ms\n     [java] Column 54 took 894.0 ms\n     [java] Column 55 took 896.0 ms\n     [java] Column 56 took 896.0 ms\n     [java] Column 57 took 895.0 ms\n     [java] Column 58 took 896.0 ms\n     [java] Column 59 took 895.0 ms\n     [java] Column 60 took 896.0 ms\n     [java] Column 61 took 897.0 ms\n     [java] Column 62 took 898.0 ms\n     [java] Column 63 took 897.0 ms\n     [java] Column 64 took 898.0 ms\n     [java] Column 65 took 897.0 ms\n     [java] Column 66 took 897.0 ms\n     [java] Column 67 took 895.0 ms\n     [java] Column 68 took 899.0 ms\n     [java] Column 69 took 900.0 ms\n     [java] Column 70 took 899.0 ms\n     [java] Column 71 took 898.0 ms\n     [java] Column 72 took 898.0 ms\n     [java] Column 73 took 897.0 ms\n     [java] Column 74 took 899.0 ms\n     [java] Column 75 took 896.0 ms\n     [java] Column 76 took 899.0 ms\n     [java] Column 77 took 898.0 ms\n     [java] Column 78 took 899.0 ms\n     [java] Column 79 took 898.0 ms\n     [java] Column 80 took 898.0 ms\n     [java] Column 81 took 900.0 ms\n     [java] Column 82 took 901.0 ms\n     [java] Column 83 took 898.0 ms\n     [java] Column 84 took 901.0 ms\n     [java] Column 85 took 899.0 ms\n     [java] Column 86 took 900.0 ms\n     [java] Column 87 took 898.0 ms\n     [java] Column 88 took 900.0 ms\n     [java] Column 89 took 899.0 ms\n     [java] Column 90 took 901.0 ms\n     [java] Column 91 took 899.0 ms\n     [java] Column 92 took 903.0 ms\n     [java] Column 93 took 901.0 ms\n     [java] Column 94 took 901.0 ms\n     [java] Column 95 took 899.0 ms\n     [java] Column 96 took 901.0 ms\n     [java] Column 97 took 902.0 ms\n     [java] Column 98 took 1028.0 ms\n     [java] Column 99 took 901.0 ms\n     [java] Column 100 took 925.0 ms\n     [java] Column 101 took 925.0 ms\n     [java] Column 102 took 925.0 ms\n     [java] Column 103 took 923.0 ms\n     [java] Column 104 took 925.0 ms\n     [java] Column 105 took 925.0 ms\n     [java] Column 106 took 925.0 ms\n     [java] Column 107 took 925.0 ms\n     [java] Column 108 took 926.0 ms\n     [java] Column 109 took 926.0 ms\n     [java] Column 110 took 927.0 ms\n     [java] Column 111 took 924.0 ms\n     [java] Column 112 took 926.0 ms\n     [java] Column 113 took 927.0 ms\n     [java] Column 114 took 927.0 ms\n     [java] Column 115 took 927.0 ms\n     [java] Column 116 took 928.0 ms\n     [java] Column 117 took 926.0 ms\n     [java] Column 118 took 927.0 ms\n     [java] Column 119 took 926.0 ms\n     [java] Column 120 took 928.0 ms\n     [java] Column 121 took 928.0 ms\n     [java] Column 122 took 929.0 ms\n     [java] Column 123 took 927.0 ms\n     [java] Column 124 took 929.0 ms\n     [java] Column 125 took 928.0 ms\n     [java] Column 126 took 929.0 ms\n     [java] Column 127 took 927.0 ms\n     [java] Column 128 took 930.0 ms\n     [java] Column 129 took 929.0 ms\n     [java] Column 130 took 929.0 ms\n     [java] Column 131 took 929.0 ms\n     [java] Column 132 took 931.0 ms\n     [java] Column 133 took 931.0 ms\n     [java] Column 134 took 930.0 ms\n     [java] Column 135 took 930.0 ms\n     [java] Column 136 took 931.0 ms\n     [java] Column 137 took 930.0 ms\n     [java] Column 138 took 932.0 ms\n     [java] Auto sizing columns took a total of 125577.0 ms (903.431654676259 ms per column)\n     [java] Best fit width time per cell: 5646447.841726619 ns\n     [java] Total time: 245.775 s\n     [java] ...........................................................................................................................................................................................................................................................................................................................................................................................................................................................................................Setting col: 0 and row 0\n     [java] Setting col: 1 and row 1\n     [java] Exception in thread \"main\" java.lang.RuntimeException: Tests did not succeed, cannot build ooxml-lite jar\n     [java] ......................................................................................\n     [java] \tat org.apache.poi.util.OOXMLLite.build(OOXMLLite.java:106)Time: 24,219.081\n     [java] \n     [java] There were 2 failures:\n     [java] \tat org.apache.poi.util.OOXMLLite.main(OOXMLLite.java:87)1) bug51585(org.apache.poi.xssf.usermodel.TestXSSFSheet)\n     [java] \n     [java] org.junit.runners.model.TestTimedOutException: test timed out after 180000 milliseconds\n     [java] \tat javax.xml.namespace.QName.equals(QName.java:360)\n     [java] \tat org.apache.xmlbeans.impl.store.Xobj.find_element_user(Xobj.java:2079)\n     [java] \tat org.apache.xmlbeans.impl.values.XmlComplexContentImpl.arraySetterHelper(XmlComplexContentImpl.java:1155)\n     [java] \tat org.openxmlformats.schemas.spreadsheetml.x2006.main.impl.CTColsImpl.setColArray(Unknown Source)\n     [java] \tat org.apache.poi.xssf.usermodel.helpers.ColumnHelper.cleanColumns(ColumnHelper.java:65)\n     [java] \tat org.apache.poi.xssf.usermodel.helpers.ColumnHelper.<init>(ColumnHelper.java:46)\n     [java] \tat org.apache.poi.xssf.usermodel.XSSFSheet.read(XSSFSheet.java:179)\n     [java] \tat org.apache.poi.xssf.usermodel.XSSFSheet.onDocumentRead(XSSFSheet.java:165)\n     [java] \tat org.apache.poi.xssf.usermodel.XSSFWorkbook.parseSheet(XSSFWorkbook.java:417)\n     [java] \tat org.apache.poi.xssf.usermodel.XSSFWorkbook.onDocumentRead(XSSFWorkbook.java:382)\n     [java] \tat org.apache.poi.POIXMLDocument.load(POIXMLDocument.java:178)\n     [java] \tat org.apache.poi.xssf.usermodel.XSSFWorkbook.<init>(XSSFWorkbook.java:279)\n     [java] \tat org.apache.poi.xssf.XSSFTestDataSamples.openSampleWorkbook(XSSFTestDataSamples.java:61)\n     [java] \tat org.apache.poi.xssf.usermodel.TestXSSFSheet.bug51585(TestXSSFSheet.java:1371)\n     [java] \tat sun.reflect.NativeMethodAccessorImpl.invoke0(Native Method)\n     [java] \tat sun.reflect.NativeMethodAccessorImpl.invoke(NativeMethodAccessorImpl.java:62)\n     [java] \tat sun.reflect.DelegatingMethodAccessorImpl.invoke(DelegatingMethodAccessorImpl.java:43)\n     [java] \tat java.lang.reflect.Method.invoke(Method.java:498)\n     [java] \tat org.junit.runners.model.FrameworkMethod$1.runReflectiveCall(FrameworkMethod.java:50)\n     [java] \tat org.junit.internal.runners.model.ReflectiveCallable.run(ReflectiveCallable.java:12)\n     [java] \tat org.junit.runners.model.FrameworkMethod.invokeExplosively(FrameworkMethod.java:52)\n     [java] \tat org.junit.internal.runners.statements.InvokeMethod.evaluate(InvokeMethod.java:17)\n     [java] \tat org.junit.internal.runners.statements.FailOnTimeout$CallableStatement.call(FailOnTimeout.java:298)\n     [java] \tat org.junit.internal.runners.statements.FailOnTimeout$CallableStatement.call(FailOnTimeout.java:292)\n     [java] \tat java.util.concurrent.FutureTask.run(FutureTask.java:266)\n     [java] \tat java.lang.Thread.run(Thread.java:745)\n     [java] 2) testMergeRegionsSpeed(org.apache.poi.xssf.usermodel.TestXSSFSheetMergeRegions)\n     [java] java.lang.AssertionError: Should have taken <2000 ms to iterate 50k merged regions but took 17531\n     [java] \tat org.junit.Assert.fail(Assert.java:88)\n     [java] \tat org.junit.Assert.assertTrue(Assert.java:41)\n     [java] \tat org.apache.poi.xssf.usermodel.TestXSSFSheetMergeRegions.testMergeRegionsSpeed(TestXSSFSheetMergeRegions.java:46)\n     [java] \tat sun.reflect.NativeMethodAccessorImpl.invoke0(Native Method)\n     [java] \tat sun.reflect.NativeMethodAccessorImpl.invoke(NativeMethodAccessorImpl.java:62)\n     [java] \tat sun.reflect.DelegatingMethodAccessorImpl.invoke(DelegatingMethodAccessorImpl.java:43)\n     [java] \tat java.lang.reflect.Method.invoke(Method.java:498)\n     [java] \tat org.junit.runners.model.FrameworkMethod$1.runReflectiveCall(FrameworkMethod.java:50)\n     [java] \tat org.junit.internal.runners.model.ReflectiveCallable.run(ReflectiveCallable.java:12)\n     [java] \tat org.junit.runners.model.FrameworkMethod.invokeExplosively(FrameworkMethod.java:52)\n     [java] \tat org.junit.internal.runners.statements.InvokeMethod.evaluate(InvokeMethod.java:17)\n     [java] \tat org.junit.runners.ParentRunner.runLeaf(ParentRunner.java:325)\n     [java] \tat org.junit.runners.BlockJUnit4ClassRunner.runChild(BlockJUnit4ClassRunner.java:78)\n     [java] \tat org.junit.runners.BlockJUnit4ClassRunner.runChild(BlockJUnit4ClassRunner.java:57)\n     [java] \tat org.junit.runners.ParentRunner$3.run(ParentRunner.java:290)\n     [java] \tat org.junit.runners.ParentRunner$1.schedule(ParentRunner.java:71)\n     [java] \tat org.junit.runners.ParentRunner.runChildren(ParentRunner.java:288)\n     [java] \tat org.junit.runners.ParentRunner.access$000(ParentRunner.java:58)\n     [java] \tat org.junit.runners.ParentRunner$2.evaluate(ParentRunner.java:268)\n     [java] \tat org.junit.runners.ParentRunner.run(ParentRunner.java:363)\n     [java] \tat org.junit.runners.Suite.runChild(Suite.java:128)\n     [java] \tat org.junit.runners.Suite.runChild(Suite.java:27)\n     [java] \tat org.junit.runners.ParentRunner$3.run(ParentRunner.java:290)\n     [java] \tat org.junit.runners.ParentRunner$1.schedule(ParentRunner.java:71)\n     [java] \tat org.junit.runners.ParentRunner.runChildren(ParentRunner.java:288)\n     [java] \tat org.junit.runners.ParentRunner.access$000(ParentRunner.java:58)\n     [java] \tat org.junit.runners.ParentRunner$2.evaluate(ParentRunner.java:268)\n     [java] \tat org.junit.runners.ParentRunner.run(ParentRunner.java:363)\n     [java] \tat org.junit.runner.JUnitCore.run(JUnitCore.java:137)\n     [java] \tat org.junit.runner.JUnitCore.run(JUnitCore.java:115)\n     [java] \tat org.junit.runner.JUnitCore.run(JUnitCore.java:105)\n     [java] \tat org.junit.runner.JUnitCore.run(JUnitCore.java:94)\n     [java] \tat org.apache.poi.util.OOXMLLite.build(OOXMLLite.java:104)\n     [java] \tat org.apache.poi.util.OOXMLLite.main(OOXMLLite.java:87)\n     [java] \n     [java] FAILURES!!!\n     [java] Tests run: 1855,  Failures: 2\n     [java] \nBUILD FAILED\n/builddir/build/BUILD/poi-3.14/build.xml:1269: Java returned: 1", "id": 191949, "attachment_id": null, "bug_id": 57612, "creation_time": "2016-06-26T09:03:23Z", "time": "2016-06-26T09:03:23Z", "is_private": false}, {"count": 14, "tags": [], "text": "(In reply to gil from comment #13)\n> hi\n> seem i have a similar problem with poi 3.14\n> \n\n\nforgotten,used:\nopenjdk 1.8.0.92-4.b14\non armv7hl arch based system", "is_private": false, "bug_id": 57612, "id": 191950, "time": "2016-06-26T10:01:28Z", "creator": "puntogil@libero.it", "creation_time": "2016-06-26T10:01:28Z", "attachment_id": null}, {"count": 15, "tags": [], "creator": "dominik.stadler@gmx.at", "attachment_id": null, "is_private": false, "id": 191951, "time": "2016-06-26T10:42:40Z", "bug_id": 57612, "creation_time": "2016-06-26T10:42:40Z", "text": "You are obviously running this on a very slow machine and thus some tests that depend on a certain speed of the build-machine are failing. It's propably best if you comment out those tests in that case:\n\ntestMergeRegionsSpeed(org.apache.poi.xssf.usermodel.TestXSSFSheetMergeRegions)\n     [java] java.lang.AssertionError: Should have taken <2000 ms to iterate 50k\nmerged regions but took 17531\n\nI am closing this issue again as it is a different issue. In such failures to build it is probably best if you post to the mailing list to discuss first or create new bugs as only the overall error message is similar here."}]