[{"count": 0, "attachment_id": 32525, "creator": "quinn@yanceymail.com", "text": "Created attachment 32525\nzip file containing a simple web app and ant build file to compile the jsps\n\nWhen invoking the jasper ant task, it will fail if there is a space in the path specified by the uriroot attribute. Possibly a side effect from 57316.\n\nSee attached example.\n\nExtract the attached zip file, then extract both the 7.0.57 and 7.0.59 versions of tomcat into the \"jasper compile test\" directory. I used the 64-bit Windows zip. Run ant.\n\noutput:\nPS C:\\work\\jasper compile test> ant\nBuildfile: C:\\work\\jasper compile test\\build.xml\n\njsp_compile_both:\n\njsp_compile:\n     [echo] ********************* C:\\work\\jasper compile test/apache-tomcat-7.0.57 *********************\n   [delete] Deleting directory C:\\work\\jasper compile test\\tmp\n  [jasper2] Feb 27, 2015 8:29:14 AM org.apache.jasper.compiler.TldLocationsCache tldScanJar\n  [jasper2] INFO: At least one JAR was scanned for TLDs yet contained no TLDs. Enable debug logging for this logger for a complete list of JARs that were scanned but no TLDs were found in them. Skipping unneeded JARs during scanning can improve startup time and JSP compilation time.\n  [jasper2] Feb 27, 2015 8:29:14 AM org.apache.jasper.JspC processFile\n  [jasper2] INFO: Built File: \\index.jsp\n   [delete] Deleting directory C:\\work\\jasper compile test\\tmp\n     [echo] ********************* Complete *********************\n\njsp_compile:\n     [echo] ********************* C:\\work\\jasper compile test/apache-tomcat-7.0.59 *********************\n  [jasper2] Feb 27, 2015 8:29:14 AM org.apache.jasper.compiler.TldLocationsCache tldScanJar\n  [jasper2] INFO: At least one JAR was scanned for TLDs yet contained no TLDs. Enable debug logging for this logger for a complete list of JARs that were scanned but no TLDs were found in them. Skipping unneeded JARs during scanning can improve startup time and JSP compilation time.\n\nBUILD FAILED\nC:\\work\\jasper compile test\\build.xml:11: The following error occurred while executing this line:\nC:\\work\\jasper compile test\\build.xml:36: org.apache.jasper.JasperException: The absolute uri: http://java.sun.com/jsp/jstl/core cannot be resolved in either web.xml or the jar files deployed with this application\n        at org.apache.jasper.compiler.DefaultErrorHandler.jspError(DefaultErrorHandler.java:56)\n        at org.apache.jasper.compiler.ErrorDispatcher.dispatch(ErrorDispatcher.java:445)\n        at org.apache.jasper.compiler.ErrorDispatcher.jspError(ErrorDispatcher.java:117)\n        at org.apache.jasper.compiler.TagLibraryInfoImpl.generateTLDLocation(TagLibraryInfoImpl.java:325)\n        at org.apache.jasper.compiler.TagLibraryInfoImpl.<init>(TagLibraryInfoImpl.java:154)\n        at org.apache.jasper.compiler.Parser.parseTaglibDirective(Parser.java:410)\n        at org.apache.jasper.compiler.Parser.parseDirective(Parser.java:475)\n        at org.apache.jasper.compiler.Parser.parseElements(Parser.java:1410)\n        at org.apache.jasper.compiler.Parser.parse(Parser.java:138)\n        at org.apache.jasper.compiler.ParserController.doParse(ParserController.java:242)\n        at org.apache.jasper.compiler.ParserController.parse(ParserController.java:102)\n        at org.apache.jasper.compiler.Compiler.generateJava(Compiler.java:199)\n        at org.apache.jasper.compiler.Compiler.compile(Compiler.java:374)\n        at org.apache.jasper.JspC.processFile(JspC.java:1213)\n        at org.apache.jasper.JspC.execute(JspC.java:1364)\n        at org.apache.tools.ant.UnknownElement.execute(UnknownElement.java:291)\n        at sun.reflect.GeneratedMethodAccessor4.invoke(Unknown Source)\n        at sun.reflect.DelegatingMethodAccessorImpl.invoke(DelegatingMethodAccessorImpl.java:43)\n        at java.lang.reflect.Method.invoke(Method.java:606)\n        at org.apache.tools.ant.dispatch.DispatchUtils.execute(DispatchUtils.java:106)\n        at org.apache.tools.ant.Task.perform(Task.java:348)\n        at org.apache.tools.ant.Target.execute(Target.java:392)\n        at org.apache.tools.ant.Target.performTasks(Target.java:413)\n        at org.apache.tools.ant.Project.executeSortedTargets(Project.java:1399)\n        at org.apache.tools.ant.helper.SingleCheckExecutor.executeTargets(SingleCheckExecutor.java:38)\n        at org.apache.tools.ant.Project.executeTargets(Project.java:1251)\n        at org.apache.tools.ant.taskdefs.Ant.execute(Ant.java:442)\n        at org.apache.tools.ant.taskdefs.CallTarget.execute(CallTarget.java:105)\n        at org.apache.tools.ant.UnknownElement.execute(UnknownElement.java:291)\n        at sun.reflect.NativeMethodAccessorImpl.invoke0(Native Method)\n        at sun.reflect.NativeMethodAccessorImpl.invoke(NativeMethodAccessorImpl.java:57)\n        at sun.reflect.DelegatingMethodAccessorImpl.invoke(DelegatingMethodAccessorImpl.java:43)\n        at java.lang.reflect.Method.invoke(Method.java:606)\n        at org.apache.tools.ant.dispatch.DispatchUtils.execute(DispatchUtils.java:106)\n        at org.apache.tools.ant.Task.perform(Task.java:348)\n        at org.apache.tools.ant.Target.execute(Target.java:392)\n        at org.apache.tools.ant.Target.performTasks(Target.java:413)\n        at org.apache.tools.ant.Project.executeSortedTargets(Project.java:1399)\n        at org.apache.tools.ant.Project.executeTarget(Project.java:1368)\n        at org.apache.tools.ant.helper.DefaultExecutor.executeTargets(DefaultExecutor.java:41)\n        at org.apache.tools.ant.Project.executeTargets(Project.java:1251)\n        at org.apache.tools.ant.Main.runBuild(Main.java:811)\n        at org.apache.tools.ant.Main.startAnt(Main.java:217)\n        at org.apache.tools.ant.launch.Launcher.run(Launcher.java:280)\n        at org.apache.tools.ant.launch.Launcher.main(Launcher.java:109)\n\nTotal time: 1 second\nPS C:\\work\\jasper compile test>", "id": 181377, "time": "2015-02-27T14:59:22Z", "bug_id": 57643, "creation_time": "2015-02-27T14:59:22Z", "tags": [], "is_private": false}, {"count": 1, "tags": [], "creator": "markt@apache.org", "attachment_id": null, "id": 181598, "creation_time": "2015-03-09T10:01:29Z", "time": "2015-03-09T10:01:29Z", "bug_id": 57643, "text": "Thanks for the report. This has been fixed in 7.0.x and will be incuded in 7.0.60 onwards.", "is_private": false}]