[{"count": 0, "attachment_id": null, "bug_id": 57972, "is_private": false, "id": 183184, "time": "2015-05-29T07:42:48Z", "creator": "msrikant1999@gmail.com", "creation_time": "2015-05-29T07:42:48Z", "tags": [], "text": "Here is my pom.xml\n\n\n                <dependency>\n                        <groupId>org.apache.jmeter</groupId>\n                        <artifactId>ApacheJMeter_core</artifactId>\n                        <version>2.13</version>\n                        <scope>provided</scope>\n                </dependency>\n\n                <dependency>\n                        <groupId>org.apache.jmeter</groupId>\n                        <artifactId>ApacheJMeter_java</artifactId>\n                        <version>2.13</version>\n                        <scope>provided</scope>\n                </dependency>\n\n\nI tried to compile the code and get this error. Looks like ApacheJMeter_core depends on 'jorphan' which depends on 'commons-math3:commons-math3'. This artifactory is not available in maven repository. The repo has 'org.apache.commons:commons-math3'. Please fix the pom for 'jorphan' or remove this dependency.\n\n[INFO]                                                                         \n[INFO] ------------------------------------------------------------------------\n[INFO] Building project1 0.0.1\n[INFO] ------------------------------------------------------------------------\n[WARNING] The POM for commons-math3:commons-math3:jar:3.4.1 is missing, no dependency information available\n[WARNING] The POM for commons-pool2:commons-pool2:jar:2.3 is missing, no dependency information available\n[INFO] ------------------------------------------------------------------------\n[INFO] BUILD FAILURE\n[INFO] ------------------------------------------------------------------------\n[INFO] Total time: 1.097s\n[INFO] Finished at: Fri May 29 07:22:44 UTC 2015\n[INFO] Final Memory: 10M/106M\n[INFO] ------------------------------------------------------------------------\n[ERROR] Failed to execute goal on project project1: Could not resolve dependencies for project com.testing.loadtest:load_test_tool:jar:0.0.1: Failure to find commons-pool2:commons-pool2:jar:2.3 in http://repo1.maven.org/maven2/ was cached in the local repository, resolution will not be reattempted until the update interval of central has elapsed or updates are forced -> [Help 1]\n[ERROR]"}, {"count": 1, "attachment_id": null, "bug_id": 57972, "text": "Fixed in nightly build.\n\n*** This bug has been marked as a duplicate of bug 57734 ***", "id": 183193, "time": "2015-05-29T21:22:18Z", "creator": "p.mouawad@ubik-ingenierie.com", "creation_time": "2015-05-29T21:22:18Z", "tags": [], "is_private": false}]